<?xml version="1.0" encoding="UTF-8"?>
<testng-results skipped="33" failed="0" total="34" passed="1">
  <reporter-output>
  </reporter-output>
  <suite name="TestSuite" duration-ms="29132" started-at="2018-05-22T19:43:54Z" finished-at="2018-05-22T19:44:23Z">
    <groups>
      <group name="Teste Negativo">
        <method signature="TestesNegativos.testeCpfEmBranco()[pri:0, instance:com.lua.webbuyer.test.TestesNegativos@1a1d6a08]" name="testeCpfEmBranco" class="com.lua.webbuyer.test.TestesNegativos"/>
        <method signature="TestesNegativos.testeCpfInvalido()[pri:0, instance:com.lua.webbuyer.test.TestesNegativos@1a1d6a08]" name="testeCpfInvalido" class="com.lua.webbuyer.test.TestesNegativos"/>
        <method signature="TestesNegativos.testeEmailEmBranco()[pri:0, instance:com.lua.webbuyer.test.TestesNegativos@1a1d6a08]" name="testeEmailEmBranco" class="com.lua.webbuyer.test.TestesNegativos"/>
        <method signature="TestesNegativos.testeEmailInvalido()[pri:0, instance:com.lua.webbuyer.test.TestesNegativos@1a1d6a08]" name="testeEmailInvalido" class="com.lua.webbuyer.test.TestesNegativos"/>
        <method signature="TestesNegativos.testeNomeEmBranco()[pri:0, instance:com.lua.webbuyer.test.TestesNegativos@1a1d6a08]" name="testeNomeEmBranco" class="com.lua.webbuyer.test.TestesNegativos"/>
        <method signature="TestesNegativos.testeNomeInvalido()[pri:0, instance:com.lua.webbuyer.test.TestesNegativos@1a1d6a08]" name="testeNomeInvalido" class="com.lua.webbuyer.test.TestesNegativos"/>
        <method signature="TestesNegativos.testeSenhaCadastroEmBranco()[pri:0, instance:com.lua.webbuyer.test.TestesNegativos@1a1d6a08]" name="testeSenhaCadastroEmBranco" class="com.lua.webbuyer.test.TestesNegativos"/>
      </group> <!-- Teste Negativo -->
      <group name="Fluxo de Compras - Test">
        <method signature="TestesCompra.Fluxo_de_Compras(java.lang.String, java.lang.String)[pri:0, instance:com.lua.webbuyer.test.TestesCompra@2173f6d9]" name="Fluxo_de_Compras" class="com.lua.webbuyer.test.TestesCompra"/>
      </group> <!-- Fluxo de Compras - Test -->
    </groups>
    <test name="Teste Compras" duration-ms="29132" started-at="2018-05-22T19:43:54Z" finished-at="2018-05-22T19:44:23Z">
      <class name="com.lua.webbuyer.test.TestesNegativos">
        <test-method status="PASS" signature="register(java.lang.reflect.Method, java.lang.String)[pri:0, instance:com.lua.webbuyer.test.TestesNegativos@1a1d6a08]" name="register" is-config="true" duration-ms="8398" started-at="2018-05-22T16:43:54Z" finished-at="2018-05-22T16:44:02Z">
          <params>
            <param index="0">
              <value>
                <![CDATA[public void com.lua.webbuyer.test.TestesNegativos.testeCpfEmBranco()]]>
              </value>
            </param>
            <param index="1">
              <value>
                <![CDATA[Firefox]]>
              </value>
            </param>
          </params>
          <reporter-output>
          </reporter-output>
        </test-method> <!-- register -->
        <test-method status="PASS" signature="testeCpfEmBranco()[pri:0, instance:com.lua.webbuyer.test.TestesNegativos@1a1d6a08]" name="testeCpfEmBranco" duration-ms="13774" started-at="2018-05-22T16:44:02Z" description="Força a mensagem de warning no campo &#039;CPF&#039; na tela de Login." finished-at="2018-05-22T16:44:16Z">
          <reporter-output>
          </reporter-output>
        </test-method> <!-- testeCpfEmBranco -->
        <test-method status="PASS" signature="getResult(org.testng.ITestResult)[pri:0, instance:com.lua.webbuyer.test.TestesNegativos@1a1d6a08]" name="getResult" is-config="true" duration-ms="1140" started-at="2018-05-22T16:44:16Z" finished-at="2018-05-22T16:44:17Z">
          <params>
            <param index="0">
              <value>
                <![CDATA[[TestResult name=testeCpfEmBranco status=SUCCESS method=TestesNegativos.testeCpfEmBranco()[pri:0, instance:com.lua.webbuyer.test.TestesNegativos@1a1d6a08] output={null}]]]>
              </value>
            </param>
          </params>
          <reporter-output>
          </reporter-output>
        </test-method> <!-- getResult -->
        <test-method status="FAIL" signature="register(java.lang.reflect.Method, java.lang.String)[pri:0, instance:com.lua.webbuyer.test.TestesNegativos@1a1d6a08]" name="register" is-config="true" duration-ms="0" started-at="2018-05-22T16:44:17Z" finished-at="2018-05-22T16:44:17Z">
          <params>
            <param index="0">
              <value>
                <![CDATA[public void com.lua.webbuyer.test.TestesNegativos.testeCpfInvalido()]]>
              </value>
            </param>
            <param index="1">
              <value>
                <![CDATA[Firefox]]>
              </value>
            </param>
          </params>
          <exception class="org.openqa.selenium.WebDriverException">
            <message>
              <![CDATA[Failed to decode response from marionette
Build info: version: '3.11.0', revision: 'e59cfb3', time: '2018-03-11T20:26:55.152Z'
System info: host: 'Guminis-Mac-mini.local', ip: 'fe80:0:0:0:1c4a:24e4:ddbc:9af7%en0', os.name: 'Mac OS X', os.arch: 'x86_64', os.version: '10.13.4', java.version: '1.8.0_161'
Driver info: org.openqa.selenium.firefox.FirefoxDriver
Capabilities {acceptInsecureCerts: true, browserName: firefox, browserVersion: 54.0.1, javascriptEnabled: true, moz:accessibilityChecks: false, moz:processID: 2231, moz:profile: /var/folders/pp/1jtdrljj4ls..., pageLoadStrategy: normal, platform: MAC, platformName: MAC, platformVersion: 17.5.0, rotatable: false, specificationLevel: 0, timeouts: {implicit: 0, pageLoad: 300000, script: 30000}}
Session ID: a80434cd-df86-4d40-ae71-c2da07538107]]>
            </message>
            <full-stacktrace>
              <![CDATA[org.openqa.selenium.WebDriverException: Failed to decode response from marionette
Build info: version: '3.11.0', revision: 'e59cfb3', time: '2018-03-11T20:26:55.152Z'
System info: host: 'Guminis-Mac-mini.local', ip: 'fe80:0:0:0:1c4a:24e4:ddbc:9af7%en0', os.name: 'Mac OS X', os.arch: 'x86_64', os.version: '10.13.4', java.version: '1.8.0_161'
Driver info: org.openqa.selenium.firefox.FirefoxDriver
Capabilities {acceptInsecureCerts: true, browserName: firefox, browserVersion: 54.0.1, javascriptEnabled: true, moz:accessibilityChecks: false, moz:processID: 2231, moz:profile: /var/folders/pp/1jtdrljj4ls..., pageLoadStrategy: normal, platform: MAC, platformName: MAC, platformVersion: 17.5.0, rotatable: false, specificationLevel: 0, timeouts: {implicit: 0, pageLoad: 300000, script: 30000}}
Session ID: a80434cd-df86-4d40-ae71-c2da07538107
	at sun.reflect.NativeConstructorAccessorImpl.newInstance0(Native Method)
	at sun.reflect.NativeConstructorAccessorImpl.newInstance(NativeConstructorAccessorImpl.java:62)
	at sun.reflect.DelegatingConstructorAccessorImpl.newInstance(DelegatingConstructorAccessorImpl.java:45)
	at java.lang.reflect.Constructor.newInstance(Constructor.java:423)
	at org.openqa.selenium.remote.http.W3CHttpResponseCodec.createException(W3CHttpResponseCodec.java:187)
	at org.openqa.selenium.remote.http.W3CHttpResponseCodec.decode(W3CHttpResponseCodec.java:122)
	at org.openqa.selenium.remote.http.W3CHttpResponseCodec.decode(W3CHttpResponseCodec.java:49)
	at org.openqa.selenium.remote.HttpCommandExecutor.execute(HttpCommandExecutor.java:158)
	at org.openqa.selenium.remote.service.DriverCommandExecutor.execute(DriverCommandExecutor.java:83)
	at org.openqa.selenium.remote.RemoteWebDriver.execute(RemoteWebDriver.java:545)
	at org.openqa.selenium.remote.RemoteWebDriver$RemoteWebDriverOptions$RemoteWindow.setSize(RemoteWebDriver.java:801)
	at com.lua.webbuyer.utils.Driver.initialyzeTest(Driver.java:22)
	at com.lua.webbuyer.resources.ReportExtent.register(ReportExtent.java:64)
	at sun.reflect.NativeMethodAccessorImpl.invoke0(Native Method)
	at sun.reflect.NativeMethodAccessorImpl.invoke(NativeMethodAccessorImpl.java:62)
	at sun.reflect.DelegatingMethodAccessorImpl.invoke(DelegatingMethodAccessorImpl.java:43)
	at java.lang.reflect.Method.invoke(Method.java:498)
	at org.testng.internal.MethodInvocationHelper.invokeMethod(MethodInvocationHelper.java:80)
	at org.testng.internal.Invoker.invokeConfigurationMethod(Invoker.java:564)
	at org.testng.internal.Invoker.invokeConfigurations(Invoker.java:213)
	at org.testng.internal.Invoker.invokeMethod(Invoker.java:653)
	at org.testng.internal.Invoker.invokeTestMethod(Invoker.java:901)
	at org.testng.internal.Invoker.invokeTestMethods(Invoker.java:1231)
	at org.testng.internal.TestMethodWorker.invokeTestMethods(TestMethodWorker.java:127)
	at org.testng.internal.TestMethodWorker.run(TestMethodWorker.java:111)
	at org.testng.TestRunner.privateRun(TestRunner.java:767)
	at org.testng.TestRunner.run(TestRunner.java:617)
	at org.testng.SuiteRunner.runTest(SuiteRunner.java:334)
	at org.testng.SuiteRunner.runSequentially(SuiteRunner.java:329)
	at org.testng.SuiteRunner.privateRun(SuiteRunner.java:291)
	at org.testng.SuiteRunner.run(SuiteRunner.java:240)
	at org.testng.SuiteRunnerWorker.runSuite(SuiteRunnerWorker.java:52)
	at org.testng.SuiteRunnerWorker.run(SuiteRunnerWorker.java:86)
	at org.testng.TestNG.runSuitesSequentially(TestNG.java:1198)
	at org.testng.TestNG.runSuitesLocally(TestNG.java:1123)
	at org.testng.TestNG.run(TestNG.java:1031)
	at org.testng.remote.AbstractRemoteTestNG.run(AbstractRemoteTestNG.java:114)
	at org.testng.remote.RemoteTestNG.initAndRun(RemoteTestNG.java:251)
	at org.testng.remote.RemoteTestNG.main(RemoteTestNG.java:77)
]]>
            </full-stacktrace>
          </exception> <!-- org.openqa.selenium.WebDriverException -->
          <reporter-output>
          </reporter-output>
        </test-method> <!-- register -->
        <test-method status="SKIP" signature="testeCpfInvalido()[pri:0, instance:com.lua.webbuyer.test.TestesNegativos@1a1d6a08]" name="testeCpfInvalido" duration-ms="1" started-at="2018-05-22T16:44:22Z" description="Força a mensagem de warning no campo &#039;CPF&#039; na tela de Login." finished-at="2018-05-22T16:44:22Z">
          <reporter-output>
          </reporter-output>
        </test-method> <!-- testeCpfInvalido -->
        <test-method status="FAIL" signature="getResult(org.testng.ITestResult)[pri:0, instance:com.lua.webbuyer.test.TestesNegativos@1a1d6a08]" name="getResult" is-config="true" duration-ms="0" started-at="2018-05-22T16:44:22Z" finished-at="2018-05-22T16:44:22Z">
          <params>
            <param index="0">
              <value>
                <![CDATA[[TestResult name=testeCpfInvalido status=SKIP method=TestesNegativos.testeCpfInvalido()[pri:0, instance:com.lua.webbuyer.test.TestesNegativos@1a1d6a08] output={null}]]]>
              </value>
            </param>
          </params>
          <exception class="org.openqa.selenium.SessionNotCreatedException">
            <message>
              <![CDATA[Tried to run command without establishing a connection
Build info: version: '3.11.0', revision: 'e59cfb3', time: '2018-03-11T20:26:55.152Z'
System info: host: 'Guminis-Mac-mini.local', ip: 'fe80:0:0:0:1c4a:24e4:ddbc:9af7%en0', os.name: 'Mac OS X', os.arch: 'x86_64', os.version: '10.13.4', java.version: '1.8.0_161'
Driver info: org.openqa.selenium.firefox.FirefoxDriver
Capabilities {acceptInsecureCerts: true, browserName: firefox, browserVersion: 54.0.1, javascriptEnabled: true, moz:accessibilityChecks: false, moz:processID: 2231, moz:profile: /var/folders/pp/1jtdrljj4ls..., pageLoadStrategy: normal, platform: MAC, platformName: MAC, platformVersion: 17.5.0, rotatable: false, specificationLevel: 0, timeouts: {implicit: 0, pageLoad: 300000, script: 30000}}
Session ID: a80434cd-df86-4d40-ae71-c2da07538107]]>
            </message>
            <full-stacktrace>
              <![CDATA[org.openqa.selenium.SessionNotCreatedException: Tried to run command without establishing a connection
Build info: version: '3.11.0', revision: 'e59cfb3', time: '2018-03-11T20:26:55.152Z'
System info: host: 'Guminis-Mac-mini.local', ip: 'fe80:0:0:0:1c4a:24e4:ddbc:9af7%en0', os.name: 'Mac OS X', os.arch: 'x86_64', os.version: '10.13.4', java.version: '1.8.0_161'
Driver info: org.openqa.selenium.firefox.FirefoxDriver
Capabilities {acceptInsecureCerts: true, browserName: firefox, browserVersion: 54.0.1, javascriptEnabled: true, moz:accessibilityChecks: false, moz:processID: 2231, moz:profile: /var/folders/pp/1jtdrljj4ls..., pageLoadStrategy: normal, platform: MAC, platformName: MAC, platformVersion: 17.5.0, rotatable: false, specificationLevel: 0, timeouts: {implicit: 0, pageLoad: 300000, script: 30000}}
Session ID: a80434cd-df86-4d40-ae71-c2da07538107
	at org.openqa.selenium.remote.http.W3CHttpResponseCodec.createException(W3CHttpResponseCodec.java:187)
	at org.openqa.selenium.remote.http.W3CHttpResponseCodec.decode(W3CHttpResponseCodec.java:122)
	at org.openqa.selenium.remote.http.W3CHttpResponseCodec.decode(W3CHttpResponseCodec.java:49)
	at org.openqa.selenium.remote.HttpCommandExecutor.execute(HttpCommandExecutor.java:158)
	at org.openqa.selenium.remote.service.DriverCommandExecutor.execute(DriverCommandExecutor.java:83)
	at org.openqa.selenium.remote.RemoteWebDriver.execute(RemoteWebDriver.java:545)
	at org.openqa.selenium.remote.RemoteWebDriver.execute(RemoteWebDriver.java:602)
	at org.openqa.selenium.remote.RemoteWebDriver.getScreenshotAs(RemoteWebDriver.java:291)
	at com.lua.webbuyer.utils.getScreenshot.Capture(getScreenshot.java:24)
	at com.lua.webbuyer.resources.ReportExtent.getResult(ReportExtent.java:82)
]]>
            </full-stacktrace>
          </exception> <!-- org.openqa.selenium.SessionNotCreatedException -->
          <reporter-output>
          </reporter-output>
        </test-method> <!-- getResult -->
        <test-method status="SKIP" signature="register(java.lang.reflect.Method, java.lang.String)[pri:0, instance:com.lua.webbuyer.test.TestesNegativos@1a1d6a08]" name="register" is-config="true" duration-ms="0" started-at="2018-05-22T16:44:22Z" finished-at="2018-05-22T16:44:22Z">
          <reporter-output>
          </reporter-output>
        </test-method> <!-- register -->
        <test-method status="SKIP" signature="testeEmailEmBranco()[pri:0, instance:com.lua.webbuyer.test.TestesNegativos@1a1d6a08]" name="testeEmailEmBranco" duration-ms="2" started-at="2018-05-22T16:44:22Z" description="Força a mensagem de warning no campo &#039;E-Mail&#039; na tela de Login." finished-at="2018-05-22T16:44:22Z">
          <reporter-output>
          </reporter-output>
        </test-method> <!-- testeEmailEmBranco -->
        <test-method status="FAIL" signature="getResult(org.testng.ITestResult)[pri:0, instance:com.lua.webbuyer.test.TestesNegativos@1a1d6a08]" name="getResult" is-config="true" duration-ms="0" started-at="2018-05-22T16:44:22Z" finished-at="2018-05-22T16:44:22Z">
          <params>
            <param index="0">
              <value>
                <![CDATA[[TestResult name=testeEmailEmBranco status=SKIP method=TestesNegativos.testeEmailEmBranco()[pri:0, instance:com.lua.webbuyer.test.TestesNegativos@1a1d6a08] output={null}]]]>
              </value>
            </param>
          </params>
          <exception class="org.openqa.selenium.SessionNotCreatedException">
            <message>
              <![CDATA[Tried to run command without establishing a connection
Build info: version: '3.11.0', revision: 'e59cfb3', time: '2018-03-11T20:26:55.152Z'
System info: host: 'Guminis-Mac-mini.local', ip: 'fe80:0:0:0:1c4a:24e4:ddbc:9af7%en0', os.name: 'Mac OS X', os.arch: 'x86_64', os.version: '10.13.4', java.version: '1.8.0_161'
Driver info: org.openqa.selenium.firefox.FirefoxDriver
Capabilities {acceptInsecureCerts: true, browserName: firefox, browserVersion: 54.0.1, javascriptEnabled: true, moz:accessibilityChecks: false, moz:processID: 2231, moz:profile: /var/folders/pp/1jtdrljj4ls..., pageLoadStrategy: normal, platform: MAC, platformName: MAC, platformVersion: 17.5.0, rotatable: false, specificationLevel: 0, timeouts: {implicit: 0, pageLoad: 300000, script: 30000}}
Session ID: a80434cd-df86-4d40-ae71-c2da07538107]]>
            </message>
            <full-stacktrace>
              <![CDATA[org.openqa.selenium.SessionNotCreatedException: Tried to run command without establishing a connection
Build info: version: '3.11.0', revision: 'e59cfb3', time: '2018-03-11T20:26:55.152Z'
System info: host: 'Guminis-Mac-mini.local', ip: 'fe80:0:0:0:1c4a:24e4:ddbc:9af7%en0', os.name: 'Mac OS X', os.arch: 'x86_64', os.version: '10.13.4', java.version: '1.8.0_161'
Driver info: org.openqa.selenium.firefox.FirefoxDriver
Capabilities {acceptInsecureCerts: true, browserName: firefox, browserVersion: 54.0.1, javascriptEnabled: true, moz:accessibilityChecks: false, moz:processID: 2231, moz:profile: /var/folders/pp/1jtdrljj4ls..., pageLoadStrategy: normal, platform: MAC, platformName: MAC, platformVersion: 17.5.0, rotatable: false, specificationLevel: 0, timeouts: {implicit: 0, pageLoad: 300000, script: 30000}}
Session ID: a80434cd-df86-4d40-ae71-c2da07538107
	at org.openqa.selenium.remote.http.W3CHttpResponseCodec.createException(W3CHttpResponseCodec.java:187)
	at org.openqa.selenium.remote.http.W3CHttpResponseCodec.decode(W3CHttpResponseCodec.java:122)
	at org.openqa.selenium.remote.http.W3CHttpResponseCodec.decode(W3CHttpResponseCodec.java:49)
	at org.openqa.selenium.remote.HttpCommandExecutor.execute(HttpCommandExecutor.java:158)
	at org.openqa.selenium.remote.service.DriverCommandExecutor.execute(DriverCommandExecutor.java:83)
	at org.openqa.selenium.remote.RemoteWebDriver.execute(RemoteWebDriver.java:545)
	at org.openqa.selenium.remote.RemoteWebDriver.execute(RemoteWebDriver.java:602)
	at org.openqa.selenium.remote.RemoteWebDriver.getScreenshotAs(RemoteWebDriver.java:291)
	at com.lua.webbuyer.utils.getScreenshot.Capture(getScreenshot.java:24)
	at com.lua.webbuyer.resources.ReportExtent.getResult(ReportExtent.java:82)
]]>
            </full-stacktrace>
          </exception> <!-- org.openqa.selenium.SessionNotCreatedException -->
          <reporter-output>
          </reporter-output>
        </test-method> <!-- getResult -->
        <test-method status="SKIP" signature="register(java.lang.reflect.Method, java.lang.String)[pri:0, instance:com.lua.webbuyer.test.TestesNegativos@1a1d6a08]" name="register" is-config="true" duration-ms="0" started-at="2018-05-22T16:44:22Z" finished-at="2018-05-22T16:44:22Z">
          <reporter-output>
          </reporter-output>
        </test-method> <!-- register -->
        <test-method status="SKIP" signature="testeEmailInvalido()[pri:0, instance:com.lua.webbuyer.test.TestesNegativos@1a1d6a08]" name="testeEmailInvalido" duration-ms="2" started-at="2018-05-22T16:44:22Z" description="Força a mensagem de warning no campo &#039;E-Mail&#039; na tela de Login." finished-at="2018-05-22T16:44:22Z">
          <reporter-output>
          </reporter-output>
        </test-method> <!-- testeEmailInvalido -->
        <test-method status="FAIL" signature="getResult(org.testng.ITestResult)[pri:0, instance:com.lua.webbuyer.test.TestesNegativos@1a1d6a08]" name="getResult" is-config="true" duration-ms="0" started-at="2018-05-22T16:44:22Z" finished-at="2018-05-22T16:44:22Z">
          <params>
            <param index="0">
              <value>
                <![CDATA[[TestResult name=testeEmailInvalido status=SKIP method=TestesNegativos.testeEmailInvalido()[pri:0, instance:com.lua.webbuyer.test.TestesNegativos@1a1d6a08] output={null}]]]>
              </value>
            </param>
          </params>
          <exception class="org.openqa.selenium.SessionNotCreatedException">
            <message>
              <![CDATA[Tried to run command without establishing a connection
Build info: version: '3.11.0', revision: 'e59cfb3', time: '2018-03-11T20:26:55.152Z'
System info: host: 'Guminis-Mac-mini.local', ip: 'fe80:0:0:0:1c4a:24e4:ddbc:9af7%en0', os.name: 'Mac OS X', os.arch: 'x86_64', os.version: '10.13.4', java.version: '1.8.0_161'
Driver info: org.openqa.selenium.firefox.FirefoxDriver
Capabilities {acceptInsecureCerts: true, browserName: firefox, browserVersion: 54.0.1, javascriptEnabled: true, moz:accessibilityChecks: false, moz:processID: 2231, moz:profile: /var/folders/pp/1jtdrljj4ls..., pageLoadStrategy: normal, platform: MAC, platformName: MAC, platformVersion: 17.5.0, rotatable: false, specificationLevel: 0, timeouts: {implicit: 0, pageLoad: 300000, script: 30000}}
Session ID: a80434cd-df86-4d40-ae71-c2da07538107]]>
            </message>
            <full-stacktrace>
              <![CDATA[org.openqa.selenium.SessionNotCreatedException: Tried to run command without establishing a connection
Build info: version: '3.11.0', revision: 'e59cfb3', time: '2018-03-11T20:26:55.152Z'
System info: host: 'Guminis-Mac-mini.local', ip: 'fe80:0:0:0:1c4a:24e4:ddbc:9af7%en0', os.name: 'Mac OS X', os.arch: 'x86_64', os.version: '10.13.4', java.version: '1.8.0_161'
Driver info: org.openqa.selenium.firefox.FirefoxDriver
Capabilities {acceptInsecureCerts: true, browserName: firefox, browserVersion: 54.0.1, javascriptEnabled: true, moz:accessibilityChecks: false, moz:processID: 2231, moz:profile: /var/folders/pp/1jtdrljj4ls..., pageLoadStrategy: normal, platform: MAC, platformName: MAC, platformVersion: 17.5.0, rotatable: false, specificationLevel: 0, timeouts: {implicit: 0, pageLoad: 300000, script: 30000}}
Session ID: a80434cd-df86-4d40-ae71-c2da07538107
	at org.openqa.selenium.remote.http.W3CHttpResponseCodec.createException(W3CHttpResponseCodec.java:187)
	at org.openqa.selenium.remote.http.W3CHttpResponseCodec.decode(W3CHttpResponseCodec.java:122)
	at org.openqa.selenium.remote.http.W3CHttpResponseCodec.decode(W3CHttpResponseCodec.java:49)
	at org.openqa.selenium.remote.HttpCommandExecutor.execute(HttpCommandExecutor.java:158)
	at org.openqa.selenium.remote.service.DriverCommandExecutor.execute(DriverCommandExecutor.java:83)
	at org.openqa.selenium.remote.RemoteWebDriver.execute(RemoteWebDriver.java:545)
	at org.openqa.selenium.remote.RemoteWebDriver.execute(RemoteWebDriver.java:602)
	at org.openqa.selenium.remote.RemoteWebDriver.getScreenshotAs(RemoteWebDriver.java:291)
	at com.lua.webbuyer.utils.getScreenshot.Capture(getScreenshot.java:24)
	at com.lua.webbuyer.resources.ReportExtent.getResult(ReportExtent.java:82)
]]>
            </full-stacktrace>
          </exception> <!-- org.openqa.selenium.SessionNotCreatedException -->
          <reporter-output>
          </reporter-output>
        </test-method> <!-- getResult -->
        <test-method status="SKIP" signature="register(java.lang.reflect.Method, java.lang.String)[pri:0, instance:com.lua.webbuyer.test.TestesNegativos@1a1d6a08]" name="register" is-config="true" duration-ms="0" started-at="2018-05-22T16:44:22Z" finished-at="2018-05-22T16:44:22Z">
          <reporter-output>
          </reporter-output>
        </test-method> <!-- register -->
        <test-method status="SKIP" signature="testeNomeEmBranco()[pri:0, instance:com.lua.webbuyer.test.TestesNegativos@1a1d6a08]" name="testeNomeEmBranco" duration-ms="3" started-at="2018-05-22T16:44:22Z" description="Força a mensagem de warning no campo &#039;Nome&#039; na tela de Login." finished-at="2018-05-22T16:44:22Z">
          <reporter-output>
          </reporter-output>
        </test-method> <!-- testeNomeEmBranco -->
        <test-method status="FAIL" signature="getResult(org.testng.ITestResult)[pri:0, instance:com.lua.webbuyer.test.TestesNegativos@1a1d6a08]" name="getResult" is-config="true" duration-ms="0" started-at="2018-05-22T16:44:22Z" finished-at="2018-05-22T16:44:22Z">
          <params>
            <param index="0">
              <value>
                <![CDATA[[TestResult name=testeNomeEmBranco status=SKIP method=TestesNegativos.testeNomeEmBranco()[pri:0, instance:com.lua.webbuyer.test.TestesNegativos@1a1d6a08] output={null}]]]>
              </value>
            </param>
          </params>
          <exception class="org.openqa.selenium.SessionNotCreatedException">
            <message>
              <![CDATA[Tried to run command without establishing a connection
Build info: version: '3.11.0', revision: 'e59cfb3', time: '2018-03-11T20:26:55.152Z'
System info: host: 'Guminis-Mac-mini.local', ip: 'fe80:0:0:0:1c4a:24e4:ddbc:9af7%en0', os.name: 'Mac OS X', os.arch: 'x86_64', os.version: '10.13.4', java.version: '1.8.0_161'
Driver info: org.openqa.selenium.firefox.FirefoxDriver
Capabilities {acceptInsecureCerts: true, browserName: firefox, browserVersion: 54.0.1, javascriptEnabled: true, moz:accessibilityChecks: false, moz:processID: 2231, moz:profile: /var/folders/pp/1jtdrljj4ls..., pageLoadStrategy: normal, platform: MAC, platformName: MAC, platformVersion: 17.5.0, rotatable: false, specificationLevel: 0, timeouts: {implicit: 0, pageLoad: 300000, script: 30000}}
Session ID: a80434cd-df86-4d40-ae71-c2da07538107]]>
            </message>
            <full-stacktrace>
              <![CDATA[org.openqa.selenium.SessionNotCreatedException: Tried to run command without establishing a connection
Build info: version: '3.11.0', revision: 'e59cfb3', time: '2018-03-11T20:26:55.152Z'
System info: host: 'Guminis-Mac-mini.local', ip: 'fe80:0:0:0:1c4a:24e4:ddbc:9af7%en0', os.name: 'Mac OS X', os.arch: 'x86_64', os.version: '10.13.4', java.version: '1.8.0_161'
Driver info: org.openqa.selenium.firefox.FirefoxDriver
Capabilities {acceptInsecureCerts: true, browserName: firefox, browserVersion: 54.0.1, javascriptEnabled: true, moz:accessibilityChecks: false, moz:processID: 2231, moz:profile: /var/folders/pp/1jtdrljj4ls..., pageLoadStrategy: normal, platform: MAC, platformName: MAC, platformVersion: 17.5.0, rotatable: false, specificationLevel: 0, timeouts: {implicit: 0, pageLoad: 300000, script: 30000}}
Session ID: a80434cd-df86-4d40-ae71-c2da07538107
	at org.openqa.selenium.remote.http.W3CHttpResponseCodec.createException(W3CHttpResponseCodec.java:187)
	at org.openqa.selenium.remote.http.W3CHttpResponseCodec.decode(W3CHttpResponseCodec.java:122)
	at org.openqa.selenium.remote.http.W3CHttpResponseCodec.decode(W3CHttpResponseCodec.java:49)
	at org.openqa.selenium.remote.HttpCommandExecutor.execute(HttpCommandExecutor.java:158)
	at org.openqa.selenium.remote.service.DriverCommandExecutor.execute(DriverCommandExecutor.java:83)
	at org.openqa.selenium.remote.RemoteWebDriver.execute(RemoteWebDriver.java:545)
	at org.openqa.selenium.remote.RemoteWebDriver.execute(RemoteWebDriver.java:602)
	at org.openqa.selenium.remote.RemoteWebDriver.getScreenshotAs(RemoteWebDriver.java:291)
	at com.lua.webbuyer.utils.getScreenshot.Capture(getScreenshot.java:24)
	at com.lua.webbuyer.resources.ReportExtent.getResult(ReportExtent.java:82)
]]>
            </full-stacktrace>
          </exception> <!-- org.openqa.selenium.SessionNotCreatedException -->
          <reporter-output>
          </reporter-output>
        </test-method> <!-- getResult -->
        <test-method status="SKIP" signature="register(java.lang.reflect.Method, java.lang.String)[pri:0, instance:com.lua.webbuyer.test.TestesNegativos@1a1d6a08]" name="register" is-config="true" duration-ms="0" started-at="2018-05-22T16:44:22Z" finished-at="2018-05-22T16:44:22Z">
          <reporter-output>
          </reporter-output>
        </test-method> <!-- register -->
        <test-method status="SKIP" signature="testeNomeInvalido()[pri:0, instance:com.lua.webbuyer.test.TestesNegativos@1a1d6a08]" name="testeNomeInvalido" duration-ms="2" started-at="2018-05-22T16:44:22Z" description="Força a mensagem de warning no campo &#039;Nome&#039; na tela de Login." finished-at="2018-05-22T16:44:22Z">
          <reporter-output>
          </reporter-output>
        </test-method> <!-- testeNomeInvalido -->
        <test-method status="FAIL" signature="getResult(org.testng.ITestResult)[pri:0, instance:com.lua.webbuyer.test.TestesNegativos@1a1d6a08]" name="getResult" is-config="true" duration-ms="0" started-at="2018-05-22T16:44:22Z" finished-at="2018-05-22T16:44:22Z">
          <params>
            <param index="0">
              <value>
                <![CDATA[[TestResult name=testeNomeInvalido status=SKIP method=TestesNegativos.testeNomeInvalido()[pri:0, instance:com.lua.webbuyer.test.TestesNegativos@1a1d6a08] output={null}]]]>
              </value>
            </param>
          </params>
          <exception class="org.openqa.selenium.SessionNotCreatedException">
            <message>
              <![CDATA[Tried to run command without establishing a connection
Build info: version: '3.11.0', revision: 'e59cfb3', time: '2018-03-11T20:26:55.152Z'
System info: host: 'Guminis-Mac-mini.local', ip: 'fe80:0:0:0:1c4a:24e4:ddbc:9af7%en0', os.name: 'Mac OS X', os.arch: 'x86_64', os.version: '10.13.4', java.version: '1.8.0_161'
Driver info: org.openqa.selenium.firefox.FirefoxDriver
Capabilities {acceptInsecureCerts: true, browserName: firefox, browserVersion: 54.0.1, javascriptEnabled: true, moz:accessibilityChecks: false, moz:processID: 2231, moz:profile: /var/folders/pp/1jtdrljj4ls..., pageLoadStrategy: normal, platform: MAC, platformName: MAC, platformVersion: 17.5.0, rotatable: false, specificationLevel: 0, timeouts: {implicit: 0, pageLoad: 300000, script: 30000}}
Session ID: a80434cd-df86-4d40-ae71-c2da07538107]]>
            </message>
            <full-stacktrace>
              <![CDATA[org.openqa.selenium.SessionNotCreatedException: Tried to run command without establishing a connection
Build info: version: '3.11.0', revision: 'e59cfb3', time: '2018-03-11T20:26:55.152Z'
System info: host: 'Guminis-Mac-mini.local', ip: 'fe80:0:0:0:1c4a:24e4:ddbc:9af7%en0', os.name: 'Mac OS X', os.arch: 'x86_64', os.version: '10.13.4', java.version: '1.8.0_161'
Driver info: org.openqa.selenium.firefox.FirefoxDriver
Capabilities {acceptInsecureCerts: true, browserName: firefox, browserVersion: 54.0.1, javascriptEnabled: true, moz:accessibilityChecks: false, moz:processID: 2231, moz:profile: /var/folders/pp/1jtdrljj4ls..., pageLoadStrategy: normal, platform: MAC, platformName: MAC, platformVersion: 17.5.0, rotatable: false, specificationLevel: 0, timeouts: {implicit: 0, pageLoad: 300000, script: 30000}}
Session ID: a80434cd-df86-4d40-ae71-c2da07538107
	at org.openqa.selenium.remote.http.W3CHttpResponseCodec.createException(W3CHttpResponseCodec.java:187)
	at org.openqa.selenium.remote.http.W3CHttpResponseCodec.decode(W3CHttpResponseCodec.java:122)
	at org.openqa.selenium.remote.http.W3CHttpResponseCodec.decode(W3CHttpResponseCodec.java:49)
	at org.openqa.selenium.remote.HttpCommandExecutor.execute(HttpCommandExecutor.java:158)
	at org.openqa.selenium.remote.service.DriverCommandExecutor.execute(DriverCommandExecutor.java:83)
	at org.openqa.selenium.remote.RemoteWebDriver.execute(RemoteWebDriver.java:545)
	at org.openqa.selenium.remote.RemoteWebDriver.execute(RemoteWebDriver.java:602)
	at org.openqa.selenium.remote.RemoteWebDriver.getScreenshotAs(RemoteWebDriver.java:291)
	at com.lua.webbuyer.utils.getScreenshot.Capture(getScreenshot.java:24)
	at com.lua.webbuyer.resources.ReportExtent.getResult(ReportExtent.java:82)
]]>
            </full-stacktrace>
          </exception> <!-- org.openqa.selenium.SessionNotCreatedException -->
          <reporter-output>
          </reporter-output>
        </test-method> <!-- getResult -->
        <test-method status="SKIP" signature="register(java.lang.reflect.Method, java.lang.String)[pri:0, instance:com.lua.webbuyer.test.TestesNegativos@1a1d6a08]" name="register" is-config="true" duration-ms="0" started-at="2018-05-22T16:44:22Z" finished-at="2018-05-22T16:44:22Z">
          <reporter-output>
          </reporter-output>
        </test-method> <!-- register -->
        <test-method status="SKIP" signature="testeSenhaCadastroEmBranco()[pri:0, instance:com.lua.webbuyer.test.TestesNegativos@1a1d6a08]" name="testeSenhaCadastroEmBranco" duration-ms="2" started-at="2018-05-22T16:44:22Z" description="Força a mensagem de warning no campo &#039;Senha de cadastro&#039; na tela de Login." finished-at="2018-05-22T16:44:22Z">
          <reporter-output>
          </reporter-output>
        </test-method> <!-- testeSenhaCadastroEmBranco -->
        <test-method status="FAIL" signature="getResult(org.testng.ITestResult)[pri:0, instance:com.lua.webbuyer.test.TestesNegativos@1a1d6a08]" name="getResult" is-config="true" duration-ms="0" started-at="2018-05-22T16:44:22Z" finished-at="2018-05-22T16:44:22Z">
          <params>
            <param index="0">
              <value>
                <![CDATA[[TestResult name=testeSenhaCadastroEmBranco status=SKIP method=TestesNegativos.testeSenhaCadastroEmBranco()[pri:0, instance:com.lua.webbuyer.test.TestesNegativos@1a1d6a08] output={null}]]]>
              </value>
            </param>
          </params>
          <exception class="org.openqa.selenium.SessionNotCreatedException">
            <message>
              <![CDATA[Tried to run command without establishing a connection
Build info: version: '3.11.0', revision: 'e59cfb3', time: '2018-03-11T20:26:55.152Z'
System info: host: 'Guminis-Mac-mini.local', ip: 'fe80:0:0:0:1c4a:24e4:ddbc:9af7%en0', os.name: 'Mac OS X', os.arch: 'x86_64', os.version: '10.13.4', java.version: '1.8.0_161'
Driver info: org.openqa.selenium.firefox.FirefoxDriver
Capabilities {acceptInsecureCerts: true, browserName: firefox, browserVersion: 54.0.1, javascriptEnabled: true, moz:accessibilityChecks: false, moz:processID: 2231, moz:profile: /var/folders/pp/1jtdrljj4ls..., pageLoadStrategy: normal, platform: MAC, platformName: MAC, platformVersion: 17.5.0, rotatable: false, specificationLevel: 0, timeouts: {implicit: 0, pageLoad: 300000, script: 30000}}
Session ID: a80434cd-df86-4d40-ae71-c2da07538107]]>
            </message>
            <full-stacktrace>
              <![CDATA[org.openqa.selenium.SessionNotCreatedException: Tried to run command without establishing a connection
Build info: version: '3.11.0', revision: 'e59cfb3', time: '2018-03-11T20:26:55.152Z'
System info: host: 'Guminis-Mac-mini.local', ip: 'fe80:0:0:0:1c4a:24e4:ddbc:9af7%en0', os.name: 'Mac OS X', os.arch: 'x86_64', os.version: '10.13.4', java.version: '1.8.0_161'
Driver info: org.openqa.selenium.firefox.FirefoxDriver
Capabilities {acceptInsecureCerts: true, browserName: firefox, browserVersion: 54.0.1, javascriptEnabled: true, moz:accessibilityChecks: false, moz:processID: 2231, moz:profile: /var/folders/pp/1jtdrljj4ls..., pageLoadStrategy: normal, platform: MAC, platformName: MAC, platformVersion: 17.5.0, rotatable: false, specificationLevel: 0, timeouts: {implicit: 0, pageLoad: 300000, script: 30000}}
Session ID: a80434cd-df86-4d40-ae71-c2da07538107
	at org.openqa.selenium.remote.http.W3CHttpResponseCodec.createException(W3CHttpResponseCodec.java:187)
	at org.openqa.selenium.remote.http.W3CHttpResponseCodec.decode(W3CHttpResponseCodec.java:122)
	at org.openqa.selenium.remote.http.W3CHttpResponseCodec.decode(W3CHttpResponseCodec.java:49)
	at org.openqa.selenium.remote.HttpCommandExecutor.execute(HttpCommandExecutor.java:158)
	at org.openqa.selenium.remote.service.DriverCommandExecutor.execute(DriverCommandExecutor.java:83)
	at org.openqa.selenium.remote.RemoteWebDriver.execute(RemoteWebDriver.java:545)
	at org.openqa.selenium.remote.RemoteWebDriver.execute(RemoteWebDriver.java:602)
	at org.openqa.selenium.remote.RemoteWebDriver.getScreenshotAs(RemoteWebDriver.java:291)
	at com.lua.webbuyer.utils.getScreenshot.Capture(getScreenshot.java:24)
	at com.lua.webbuyer.resources.ReportExtent.getResult(ReportExtent.java:82)
]]>
            </full-stacktrace>
          </exception> <!-- org.openqa.selenium.SessionNotCreatedException -->
          <reporter-output>
          </reporter-output>
        </test-method> <!-- getResult -->
      </class> <!-- com.lua.webbuyer.test.TestesNegativos -->
      <class name="com.lua.webbuyer.test.TestesCompra">
        <test-method status="PASS" signature="setup()[pri:0, instance:com.lua.webbuyer.test.TestesCompra@2173f6d9]" name="setup" is-config="true" duration-ms="468" started-at="2018-05-22T16:43:53Z" finished-at="2018-05-22T16:43:54Z">
          <reporter-output>
          </reporter-output>
        </test-method> <!-- setup -->
        <test-method status="SKIP" signature="register(java.lang.reflect.Method, java.lang.String)[pri:0, instance:com.lua.webbuyer.test.TestesCompra@2173f6d9]" name="register" is-config="true" duration-ms="0" started-at="2018-05-22T16:44:22Z" finished-at="2018-05-22T16:44:22Z">
          <reporter-output>
          </reporter-output>
        </test-method> <!-- register -->
        <test-method status="SKIP" signature="Fluxo_de_Compras(java.lang.String, java.lang.String)[pri:0, instance:com.lua.webbuyer.test.TestesCompra@2173f6d9]" name="Fluxo_de_Compras" duration-ms="8" started-at="2018-05-22T16:44:22Z" description="Simula uma compra em cada UF disponível." data-provider="test1" finished-at="2018-05-22T16:44:22Z">
          <params>
            <param index="0">
              <value>
                <![CDATA[Pijama Adulto Spiderman]]>
              </value>
            </param>
            <param index="1">
              <value>
                <![CDATA[AC]]>
              </value>
            </param>
          </params>
          <reporter-output>
          </reporter-output>
        </test-method> <!-- Fluxo_de_Compras -->
        <test-method status="FAIL" signature="getResult(org.testng.ITestResult)[pri:0, instance:com.lua.webbuyer.test.TestesCompra@2173f6d9]" name="getResult" is-config="true" duration-ms="0" started-at="2018-05-22T16:44:22Z" finished-at="2018-05-22T16:44:22Z">
          <params>
            <param index="0">
              <value>
                <![CDATA[[TestResult name=Fluxo_de_Compras status=SKIP method=TestesCompra.Fluxo_de_Compras(java.lang.String, java.lang.String)[pri:0, instance:com.lua.webbuyer.test.TestesCompra@2173f6d9] output={null}]]]>
              </value>
            </param>
          </params>
          <exception class="org.openqa.selenium.SessionNotCreatedException">
            <message>
              <![CDATA[Tried to run command without establishing a connection
Build info: version: '3.11.0', revision: 'e59cfb3', time: '2018-03-11T20:26:55.152Z'
System info: host: 'Guminis-Mac-mini.local', ip: 'fe80:0:0:0:1c4a:24e4:ddbc:9af7%en0', os.name: 'Mac OS X', os.arch: 'x86_64', os.version: '10.13.4', java.version: '1.8.0_161'
Driver info: org.openqa.selenium.firefox.FirefoxDriver
Capabilities {acceptInsecureCerts: true, browserName: firefox, browserVersion: 54.0.1, javascriptEnabled: true, moz:accessibilityChecks: false, moz:processID: 2231, moz:profile: /var/folders/pp/1jtdrljj4ls..., pageLoadStrategy: normal, platform: MAC, platformName: MAC, platformVersion: 17.5.0, rotatable: false, specificationLevel: 0, timeouts: {implicit: 0, pageLoad: 300000, script: 30000}}
Session ID: a80434cd-df86-4d40-ae71-c2da07538107]]>
            </message>
            <full-stacktrace>
              <![CDATA[org.openqa.selenium.SessionNotCreatedException: Tried to run command without establishing a connection
Build info: version: '3.11.0', revision: 'e59cfb3', time: '2018-03-11T20:26:55.152Z'
System info: host: 'Guminis-Mac-mini.local', ip: 'fe80:0:0:0:1c4a:24e4:ddbc:9af7%en0', os.name: 'Mac OS X', os.arch: 'x86_64', os.version: '10.13.4', java.version: '1.8.0_161'
Driver info: org.openqa.selenium.firefox.FirefoxDriver
Capabilities {acceptInsecureCerts: true, browserName: firefox, browserVersion: 54.0.1, javascriptEnabled: true, moz:accessibilityChecks: false, moz:processID: 2231, moz:profile: /var/folders/pp/1jtdrljj4ls..., pageLoadStrategy: normal, platform: MAC, platformName: MAC, platformVersion: 17.5.0, rotatable: false, specificationLevel: 0, timeouts: {implicit: 0, pageLoad: 300000, script: 30000}}
Session ID: a80434cd-df86-4d40-ae71-c2da07538107
	at org.openqa.selenium.remote.http.W3CHttpResponseCodec.createException(W3CHttpResponseCodec.java:187)
	at org.openqa.selenium.remote.http.W3CHttpResponseCodec.decode(W3CHttpResponseCodec.java:122)
	at org.openqa.selenium.remote.http.W3CHttpResponseCodec.decode(W3CHttpResponseCodec.java:49)
	at org.openqa.selenium.remote.HttpCommandExecutor.execute(HttpCommandExecutor.java:158)
	at org.openqa.selenium.remote.service.DriverCommandExecutor.execute(DriverCommandExecutor.java:83)
	at org.openqa.selenium.remote.RemoteWebDriver.execute(RemoteWebDriver.java:545)
	at org.openqa.selenium.remote.RemoteWebDriver.execute(RemoteWebDriver.java:602)
	at org.openqa.selenium.remote.RemoteWebDriver.getScreenshotAs(RemoteWebDriver.java:291)
	at com.lua.webbuyer.utils.getScreenshot.Capture(getScreenshot.java:24)
	at com.lua.webbuyer.resources.ReportExtent.getResult(ReportExtent.java:82)
]]>
            </full-stacktrace>
          </exception> <!-- org.openqa.selenium.SessionNotCreatedException -->
          <reporter-output>
          </reporter-output>
        </test-method> <!-- getResult -->
        <test-method status="SKIP" signature="register(java.lang.reflect.Method, java.lang.String)[pri:0, instance:com.lua.webbuyer.test.TestesCompra@2173f6d9]" name="register" is-config="true" duration-ms="0" started-at="2018-05-22T16:44:22Z" finished-at="2018-05-22T16:44:22Z">
          <reporter-output>
          </reporter-output>
        </test-method> <!-- register -->
        <test-method status="SKIP" signature="Fluxo_de_Compras(java.lang.String, java.lang.String)[pri:0, instance:com.lua.webbuyer.test.TestesCompra@2173f6d9]" name="Fluxo_de_Compras" duration-ms="2" started-at="2018-05-22T16:44:22Z" description="Simula uma compra em cada UF disponível." data-provider="test1" finished-at="2018-05-22T16:44:22Z">
          <params>
            <param index="0">
              <value>
                <![CDATA[Pijama Adulto Spiderman]]>
              </value>
            </param>
            <param index="1">
              <value>
                <![CDATA[AL]]>
              </value>
            </param>
          </params>
          <reporter-output>
          </reporter-output>
        </test-method> <!-- Fluxo_de_Compras -->
        <test-method status="FAIL" signature="getResult(org.testng.ITestResult)[pri:0, instance:com.lua.webbuyer.test.TestesCompra@2173f6d9]" name="getResult" is-config="true" duration-ms="0" started-at="2018-05-22T16:44:22Z" finished-at="2018-05-22T16:44:22Z">
          <params>
            <param index="0">
              <value>
                <![CDATA[[TestResult name=Fluxo_de_Compras status=SKIP method=TestesCompra.Fluxo_de_Compras(java.lang.String, java.lang.String)[pri:0, instance:com.lua.webbuyer.test.TestesCompra@2173f6d9] output={null}]]]>
              </value>
            </param>
          </params>
          <exception class="org.openqa.selenium.SessionNotCreatedException">
            <message>
              <![CDATA[Tried to run command without establishing a connection
Build info: version: '3.11.0', revision: 'e59cfb3', time: '2018-03-11T20:26:55.152Z'
System info: host: 'Guminis-Mac-mini.local', ip: 'fe80:0:0:0:1c4a:24e4:ddbc:9af7%en0', os.name: 'Mac OS X', os.arch: 'x86_64', os.version: '10.13.4', java.version: '1.8.0_161'
Driver info: org.openqa.selenium.firefox.FirefoxDriver
Capabilities {acceptInsecureCerts: true, browserName: firefox, browserVersion: 54.0.1, javascriptEnabled: true, moz:accessibilityChecks: false, moz:processID: 2231, moz:profile: /var/folders/pp/1jtdrljj4ls..., pageLoadStrategy: normal, platform: MAC, platformName: MAC, platformVersion: 17.5.0, rotatable: false, specificationLevel: 0, timeouts: {implicit: 0, pageLoad: 300000, script: 30000}}
Session ID: a80434cd-df86-4d40-ae71-c2da07538107]]>
            </message>
            <full-stacktrace>
              <![CDATA[org.openqa.selenium.SessionNotCreatedException: Tried to run command without establishing a connection
Build info: version: '3.11.0', revision: 'e59cfb3', time: '2018-03-11T20:26:55.152Z'
System info: host: 'Guminis-Mac-mini.local', ip: 'fe80:0:0:0:1c4a:24e4:ddbc:9af7%en0', os.name: 'Mac OS X', os.arch: 'x86_64', os.version: '10.13.4', java.version: '1.8.0_161'
Driver info: org.openqa.selenium.firefox.FirefoxDriver
Capabilities {acceptInsecureCerts: true, browserName: firefox, browserVersion: 54.0.1, javascriptEnabled: true, moz:accessibilityChecks: false, moz:processID: 2231, moz:profile: /var/folders/pp/1jtdrljj4ls..., pageLoadStrategy: normal, platform: MAC, platformName: MAC, platformVersion: 17.5.0, rotatable: false, specificationLevel: 0, timeouts: {implicit: 0, pageLoad: 300000, script: 30000}}
Session ID: a80434cd-df86-4d40-ae71-c2da07538107
	at org.openqa.selenium.remote.http.W3CHttpResponseCodec.createException(W3CHttpResponseCodec.java:187)
	at org.openqa.selenium.remote.http.W3CHttpResponseCodec.decode(W3CHttpResponseCodec.java:122)
	at org.openqa.selenium.remote.http.W3CHttpResponseCodec.decode(W3CHttpResponseCodec.java:49)
	at org.openqa.selenium.remote.HttpCommandExecutor.execute(HttpCommandExecutor.java:158)
	at org.openqa.selenium.remote.service.DriverCommandExecutor.execute(DriverCommandExecutor.java:83)
	at org.openqa.selenium.remote.RemoteWebDriver.execute(RemoteWebDriver.java:545)
	at org.openqa.selenium.remote.RemoteWebDriver.execute(RemoteWebDriver.java:602)
	at org.openqa.selenium.remote.RemoteWebDriver.getScreenshotAs(RemoteWebDriver.java:291)
	at com.lua.webbuyer.utils.getScreenshot.Capture(getScreenshot.java:24)
	at com.lua.webbuyer.resources.ReportExtent.getResult(ReportExtent.java:82)
]]>
            </full-stacktrace>
          </exception> <!-- org.openqa.selenium.SessionNotCreatedException -->
          <reporter-output>
          </reporter-output>
        </test-method> <!-- getResult -->
        <test-method status="SKIP" signature="register(java.lang.reflect.Method, java.lang.String)[pri:0, instance:com.lua.webbuyer.test.TestesCompra@2173f6d9]" name="register" is-config="true" duration-ms="0" started-at="2018-05-22T16:44:22Z" finished-at="2018-05-22T16:44:22Z">
          <reporter-output>
          </reporter-output>
        </test-method> <!-- register -->
        <test-method status="SKIP" signature="Fluxo_de_Compras(java.lang.String, java.lang.String)[pri:0, instance:com.lua.webbuyer.test.TestesCompra@2173f6d9]" name="Fluxo_de_Compras" duration-ms="2" started-at="2018-05-22T16:44:22Z" description="Simula uma compra em cada UF disponível." data-provider="test1" finished-at="2018-05-22T16:44:22Z">
          <params>
            <param index="0">
              <value>
                <![CDATA[Pijama Adulto Spiderman]]>
              </value>
            </param>
            <param index="1">
              <value>
                <![CDATA[AM]]>
              </value>
            </param>
          </params>
          <reporter-output>
          </reporter-output>
        </test-method> <!-- Fluxo_de_Compras -->
        <test-method status="FAIL" signature="getResult(org.testng.ITestResult)[pri:0, instance:com.lua.webbuyer.test.TestesCompra@2173f6d9]" name="getResult" is-config="true" duration-ms="0" started-at="2018-05-22T16:44:22Z" finished-at="2018-05-22T16:44:22Z">
          <params>
            <param index="0">
              <value>
                <![CDATA[[TestResult name=Fluxo_de_Compras status=SKIP method=TestesCompra.Fluxo_de_Compras(java.lang.String, java.lang.String)[pri:0, instance:com.lua.webbuyer.test.TestesCompra@2173f6d9] output={null}]]]>
              </value>
            </param>
          </params>
          <exception class="org.openqa.selenium.SessionNotCreatedException">
            <message>
              <![CDATA[Tried to run command without establishing a connection
Build info: version: '3.11.0', revision: 'e59cfb3', time: '2018-03-11T20:26:55.152Z'
System info: host: 'Guminis-Mac-mini.local', ip: 'fe80:0:0:0:1c4a:24e4:ddbc:9af7%en0', os.name: 'Mac OS X', os.arch: 'x86_64', os.version: '10.13.4', java.version: '1.8.0_161'
Driver info: org.openqa.selenium.firefox.FirefoxDriver
Capabilities {acceptInsecureCerts: true, browserName: firefox, browserVersion: 54.0.1, javascriptEnabled: true, moz:accessibilityChecks: false, moz:processID: 2231, moz:profile: /var/folders/pp/1jtdrljj4ls..., pageLoadStrategy: normal, platform: MAC, platformName: MAC, platformVersion: 17.5.0, rotatable: false, specificationLevel: 0, timeouts: {implicit: 0, pageLoad: 300000, script: 30000}}
Session ID: a80434cd-df86-4d40-ae71-c2da07538107]]>
            </message>
            <full-stacktrace>
              <![CDATA[org.openqa.selenium.SessionNotCreatedException: Tried to run command without establishing a connection
Build info: version: '3.11.0', revision: 'e59cfb3', time: '2018-03-11T20:26:55.152Z'
System info: host: 'Guminis-Mac-mini.local', ip: 'fe80:0:0:0:1c4a:24e4:ddbc:9af7%en0', os.name: 'Mac OS X', os.arch: 'x86_64', os.version: '10.13.4', java.version: '1.8.0_161'
Driver info: org.openqa.selenium.firefox.FirefoxDriver
Capabilities {acceptInsecureCerts: true, browserName: firefox, browserVersion: 54.0.1, javascriptEnabled: true, moz:accessibilityChecks: false, moz:processID: 2231, moz:profile: /var/folders/pp/1jtdrljj4ls..., pageLoadStrategy: normal, platform: MAC, platformName: MAC, platformVersion: 17.5.0, rotatable: false, specificationLevel: 0, timeouts: {implicit: 0, pageLoad: 300000, script: 30000}}
Session ID: a80434cd-df86-4d40-ae71-c2da07538107
	at org.openqa.selenium.remote.http.W3CHttpResponseCodec.createException(W3CHttpResponseCodec.java:187)
	at org.openqa.selenium.remote.http.W3CHttpResponseCodec.decode(W3CHttpResponseCodec.java:122)
	at org.openqa.selenium.remote.http.W3CHttpResponseCodec.decode(W3CHttpResponseCodec.java:49)
	at org.openqa.selenium.remote.HttpCommandExecutor.execute(HttpCommandExecutor.java:158)
	at org.openqa.selenium.remote.service.DriverCommandExecutor.execute(DriverCommandExecutor.java:83)
	at org.openqa.selenium.remote.RemoteWebDriver.execute(RemoteWebDriver.java:545)
	at org.openqa.selenium.remote.RemoteWebDriver.execute(RemoteWebDriver.java:602)
	at org.openqa.selenium.remote.RemoteWebDriver.getScreenshotAs(RemoteWebDriver.java:291)
	at com.lua.webbuyer.utils.getScreenshot.Capture(getScreenshot.java:24)
	at com.lua.webbuyer.resources.ReportExtent.getResult(ReportExtent.java:82)
]]>
            </full-stacktrace>
          </exception> <!-- org.openqa.selenium.SessionNotCreatedException -->
          <reporter-output>
          </reporter-output>
        </test-method> <!-- getResult -->
        <test-method status="SKIP" signature="register(java.lang.reflect.Method, java.lang.String)[pri:0, instance:com.lua.webbuyer.test.TestesCompra@2173f6d9]" name="register" is-config="true" duration-ms="0" started-at="2018-05-22T16:44:22Z" finished-at="2018-05-22T16:44:22Z">
          <reporter-output>
          </reporter-output>
        </test-method> <!-- register -->
        <test-method status="SKIP" signature="Fluxo_de_Compras(java.lang.String, java.lang.String)[pri:0, instance:com.lua.webbuyer.test.TestesCompra@2173f6d9]" name="Fluxo_de_Compras" duration-ms="2" started-at="2018-05-22T16:44:22Z" description="Simula uma compra em cada UF disponível." data-provider="test1" finished-at="2018-05-22T16:44:22Z">
          <params>
            <param index="0">
              <value>
                <![CDATA[Pijama Adulto Spiderman]]>
              </value>
            </param>
            <param index="1">
              <value>
                <![CDATA[AP]]>
              </value>
            </param>
          </params>
          <reporter-output>
          </reporter-output>
        </test-method> <!-- Fluxo_de_Compras -->
        <test-method status="FAIL" signature="getResult(org.testng.ITestResult)[pri:0, instance:com.lua.webbuyer.test.TestesCompra@2173f6d9]" name="getResult" is-config="true" duration-ms="0" started-at="2018-05-22T16:44:22Z" finished-at="2018-05-22T16:44:22Z">
          <params>
            <param index="0">
              <value>
                <![CDATA[[TestResult name=Fluxo_de_Compras status=SKIP method=TestesCompra.Fluxo_de_Compras(java.lang.String, java.lang.String)[pri:0, instance:com.lua.webbuyer.test.TestesCompra@2173f6d9] output={null}]]]>
              </value>
            </param>
          </params>
          <exception class="org.openqa.selenium.SessionNotCreatedException">
            <message>
              <![CDATA[Tried to run command without establishing a connection
Build info: version: '3.11.0', revision: 'e59cfb3', time: '2018-03-11T20:26:55.152Z'
System info: host: 'Guminis-Mac-mini.local', ip: 'fe80:0:0:0:1c4a:24e4:ddbc:9af7%en0', os.name: 'Mac OS X', os.arch: 'x86_64', os.version: '10.13.4', java.version: '1.8.0_161'
Driver info: org.openqa.selenium.firefox.FirefoxDriver
Capabilities {acceptInsecureCerts: true, browserName: firefox, browserVersion: 54.0.1, javascriptEnabled: true, moz:accessibilityChecks: false, moz:processID: 2231, moz:profile: /var/folders/pp/1jtdrljj4ls..., pageLoadStrategy: normal, platform: MAC, platformName: MAC, platformVersion: 17.5.0, rotatable: false, specificationLevel: 0, timeouts: {implicit: 0, pageLoad: 300000, script: 30000}}
Session ID: a80434cd-df86-4d40-ae71-c2da07538107]]>
            </message>
            <full-stacktrace>
              <![CDATA[org.openqa.selenium.SessionNotCreatedException: Tried to run command without establishing a connection
Build info: version: '3.11.0', revision: 'e59cfb3', time: '2018-03-11T20:26:55.152Z'
System info: host: 'Guminis-Mac-mini.local', ip: 'fe80:0:0:0:1c4a:24e4:ddbc:9af7%en0', os.name: 'Mac OS X', os.arch: 'x86_64', os.version: '10.13.4', java.version: '1.8.0_161'
Driver info: org.openqa.selenium.firefox.FirefoxDriver
Capabilities {acceptInsecureCerts: true, browserName: firefox, browserVersion: 54.0.1, javascriptEnabled: true, moz:accessibilityChecks: false, moz:processID: 2231, moz:profile: /var/folders/pp/1jtdrljj4ls..., pageLoadStrategy: normal, platform: MAC, platformName: MAC, platformVersion: 17.5.0, rotatable: false, specificationLevel: 0, timeouts: {implicit: 0, pageLoad: 300000, script: 30000}}
Session ID: a80434cd-df86-4d40-ae71-c2da07538107
	at org.openqa.selenium.remote.http.W3CHttpResponseCodec.createException(W3CHttpResponseCodec.java:187)
	at org.openqa.selenium.remote.http.W3CHttpResponseCodec.decode(W3CHttpResponseCodec.java:122)
	at org.openqa.selenium.remote.http.W3CHttpResponseCodec.decode(W3CHttpResponseCodec.java:49)
	at org.openqa.selenium.remote.HttpCommandExecutor.execute(HttpCommandExecutor.java:158)
	at org.openqa.selenium.remote.service.DriverCommandExecutor.execute(DriverCommandExecutor.java:83)
	at org.openqa.selenium.remote.RemoteWebDriver.execute(RemoteWebDriver.java:545)
	at org.openqa.selenium.remote.RemoteWebDriver.execute(RemoteWebDriver.java:602)
	at org.openqa.selenium.remote.RemoteWebDriver.getScreenshotAs(RemoteWebDriver.java:291)
	at com.lua.webbuyer.utils.getScreenshot.Capture(getScreenshot.java:24)
	at com.lua.webbuyer.resources.ReportExtent.getResult(ReportExtent.java:82)
]]>
            </full-stacktrace>
          </exception> <!-- org.openqa.selenium.SessionNotCreatedException -->
          <reporter-output>
          </reporter-output>
        </test-method> <!-- getResult -->
        <test-method status="SKIP" signature="register(java.lang.reflect.Method, java.lang.String)[pri:0, instance:com.lua.webbuyer.test.TestesCompra@2173f6d9]" name="register" is-config="true" duration-ms="0" started-at="2018-05-22T16:44:22Z" finished-at="2018-05-22T16:44:22Z">
          <reporter-output>
          </reporter-output>
        </test-method> <!-- register -->
        <test-method status="SKIP" signature="Fluxo_de_Compras(java.lang.String, java.lang.String)[pri:0, instance:com.lua.webbuyer.test.TestesCompra@2173f6d9]" name="Fluxo_de_Compras" duration-ms="2" started-at="2018-05-22T16:44:22Z" description="Simula uma compra em cada UF disponível." data-provider="test1" finished-at="2018-05-22T16:44:22Z">
          <params>
            <param index="0">
              <value>
                <![CDATA[Pijama Adulto Spiderman]]>
              </value>
            </param>
            <param index="1">
              <value>
                <![CDATA[BA]]>
              </value>
            </param>
          </params>
          <reporter-output>
          </reporter-output>
        </test-method> <!-- Fluxo_de_Compras -->
        <test-method status="FAIL" signature="getResult(org.testng.ITestResult)[pri:0, instance:com.lua.webbuyer.test.TestesCompra@2173f6d9]" name="getResult" is-config="true" duration-ms="0" started-at="2018-05-22T16:44:22Z" finished-at="2018-05-22T16:44:22Z">
          <params>
            <param index="0">
              <value>
                <![CDATA[[TestResult name=Fluxo_de_Compras status=SKIP method=TestesCompra.Fluxo_de_Compras(java.lang.String, java.lang.String)[pri:0, instance:com.lua.webbuyer.test.TestesCompra@2173f6d9] output={null}]]]>
              </value>
            </param>
          </params>
          <exception class="org.openqa.selenium.SessionNotCreatedException">
            <message>
              <![CDATA[Tried to run command without establishing a connection
Build info: version: '3.11.0', revision: 'e59cfb3', time: '2018-03-11T20:26:55.152Z'
System info: host: 'Guminis-Mac-mini.local', ip: 'fe80:0:0:0:1c4a:24e4:ddbc:9af7%en0', os.name: 'Mac OS X', os.arch: 'x86_64', os.version: '10.13.4', java.version: '1.8.0_161'
Driver info: org.openqa.selenium.firefox.FirefoxDriver
Capabilities {acceptInsecureCerts: true, browserName: firefox, browserVersion: 54.0.1, javascriptEnabled: true, moz:accessibilityChecks: false, moz:processID: 2231, moz:profile: /var/folders/pp/1jtdrljj4ls..., pageLoadStrategy: normal, platform: MAC, platformName: MAC, platformVersion: 17.5.0, rotatable: false, specificationLevel: 0, timeouts: {implicit: 0, pageLoad: 300000, script: 30000}}
Session ID: a80434cd-df86-4d40-ae71-c2da07538107]]>
            </message>
            <full-stacktrace>
              <![CDATA[org.openqa.selenium.SessionNotCreatedException: Tried to run command without establishing a connection
Build info: version: '3.11.0', revision: 'e59cfb3', time: '2018-03-11T20:26:55.152Z'
System info: host: 'Guminis-Mac-mini.local', ip: 'fe80:0:0:0:1c4a:24e4:ddbc:9af7%en0', os.name: 'Mac OS X', os.arch: 'x86_64', os.version: '10.13.4', java.version: '1.8.0_161'
Driver info: org.openqa.selenium.firefox.FirefoxDriver
Capabilities {acceptInsecureCerts: true, browserName: firefox, browserVersion: 54.0.1, javascriptEnabled: true, moz:accessibilityChecks: false, moz:processID: 2231, moz:profile: /var/folders/pp/1jtdrljj4ls..., pageLoadStrategy: normal, platform: MAC, platformName: MAC, platformVersion: 17.5.0, rotatable: false, specificationLevel: 0, timeouts: {implicit: 0, pageLoad: 300000, script: 30000}}
Session ID: a80434cd-df86-4d40-ae71-c2da07538107
	at org.openqa.selenium.remote.http.W3CHttpResponseCodec.createException(W3CHttpResponseCodec.java:187)
	at org.openqa.selenium.remote.http.W3CHttpResponseCodec.decode(W3CHttpResponseCodec.java:122)
	at org.openqa.selenium.remote.http.W3CHttpResponseCodec.decode(W3CHttpResponseCodec.java:49)
	at org.openqa.selenium.remote.HttpCommandExecutor.execute(HttpCommandExecutor.java:158)
	at org.openqa.selenium.remote.service.DriverCommandExecutor.execute(DriverCommandExecutor.java:83)
	at org.openqa.selenium.remote.RemoteWebDriver.execute(RemoteWebDriver.java:545)
	at org.openqa.selenium.remote.RemoteWebDriver.execute(RemoteWebDriver.java:602)
	at org.openqa.selenium.remote.RemoteWebDriver.getScreenshotAs(RemoteWebDriver.java:291)
	at com.lua.webbuyer.utils.getScreenshot.Capture(getScreenshot.java:24)
	at com.lua.webbuyer.resources.ReportExtent.getResult(ReportExtent.java:82)
]]>
            </full-stacktrace>
          </exception> <!-- org.openqa.selenium.SessionNotCreatedException -->
          <reporter-output>
          </reporter-output>
        </test-method> <!-- getResult -->
        <test-method status="SKIP" signature="register(java.lang.reflect.Method, java.lang.String)[pri:0, instance:com.lua.webbuyer.test.TestesCompra@2173f6d9]" name="register" is-config="true" duration-ms="0" started-at="2018-05-22T16:44:22Z" finished-at="2018-05-22T16:44:22Z">
          <reporter-output>
          </reporter-output>
        </test-method> <!-- register -->
        <test-method status="SKIP" signature="Fluxo_de_Compras(java.lang.String, java.lang.String)[pri:0, instance:com.lua.webbuyer.test.TestesCompra@2173f6d9]" name="Fluxo_de_Compras" duration-ms="1" started-at="2018-05-22T16:44:22Z" description="Simula uma compra em cada UF disponível." data-provider="test1" finished-at="2018-05-22T16:44:22Z">
          <params>
            <param index="0">
              <value>
                <![CDATA[Pijama Adulto Spiderman]]>
              </value>
            </param>
            <param index="1">
              <value>
                <![CDATA[CE]]>
              </value>
            </param>
          </params>
          <reporter-output>
          </reporter-output>
        </test-method> <!-- Fluxo_de_Compras -->
        <test-method status="FAIL" signature="getResult(org.testng.ITestResult)[pri:0, instance:com.lua.webbuyer.test.TestesCompra@2173f6d9]" name="getResult" is-config="true" duration-ms="0" started-at="2018-05-22T16:44:22Z" finished-at="2018-05-22T16:44:22Z">
          <params>
            <param index="0">
              <value>
                <![CDATA[[TestResult name=Fluxo_de_Compras status=SKIP method=TestesCompra.Fluxo_de_Compras(java.lang.String, java.lang.String)[pri:0, instance:com.lua.webbuyer.test.TestesCompra@2173f6d9] output={null}]]]>
              </value>
            </param>
          </params>
          <exception class="org.openqa.selenium.SessionNotCreatedException">
            <message>
              <![CDATA[Tried to run command without establishing a connection
Build info: version: '3.11.0', revision: 'e59cfb3', time: '2018-03-11T20:26:55.152Z'
System info: host: 'Guminis-Mac-mini.local', ip: 'fe80:0:0:0:1c4a:24e4:ddbc:9af7%en0', os.name: 'Mac OS X', os.arch: 'x86_64', os.version: '10.13.4', java.version: '1.8.0_161'
Driver info: org.openqa.selenium.firefox.FirefoxDriver
Capabilities {acceptInsecureCerts: true, browserName: firefox, browserVersion: 54.0.1, javascriptEnabled: true, moz:accessibilityChecks: false, moz:processID: 2231, moz:profile: /var/folders/pp/1jtdrljj4ls..., pageLoadStrategy: normal, platform: MAC, platformName: MAC, platformVersion: 17.5.0, rotatable: false, specificationLevel: 0, timeouts: {implicit: 0, pageLoad: 300000, script: 30000}}
Session ID: a80434cd-df86-4d40-ae71-c2da07538107]]>
            </message>
            <full-stacktrace>
              <![CDATA[org.openqa.selenium.SessionNotCreatedException: Tried to run command without establishing a connection
Build info: version: '3.11.0', revision: 'e59cfb3', time: '2018-03-11T20:26:55.152Z'
System info: host: 'Guminis-Mac-mini.local', ip: 'fe80:0:0:0:1c4a:24e4:ddbc:9af7%en0', os.name: 'Mac OS X', os.arch: 'x86_64', os.version: '10.13.4', java.version: '1.8.0_161'
Driver info: org.openqa.selenium.firefox.FirefoxDriver
Capabilities {acceptInsecureCerts: true, browserName: firefox, browserVersion: 54.0.1, javascriptEnabled: true, moz:accessibilityChecks: false, moz:processID: 2231, moz:profile: /var/folders/pp/1jtdrljj4ls..., pageLoadStrategy: normal, platform: MAC, platformName: MAC, platformVersion: 17.5.0, rotatable: false, specificationLevel: 0, timeouts: {implicit: 0, pageLoad: 300000, script: 30000}}
Session ID: a80434cd-df86-4d40-ae71-c2da07538107
	at org.openqa.selenium.remote.http.W3CHttpResponseCodec.createException(W3CHttpResponseCodec.java:187)
	at org.openqa.selenium.remote.http.W3CHttpResponseCodec.decode(W3CHttpResponseCodec.java:122)
	at org.openqa.selenium.remote.http.W3CHttpResponseCodec.decode(W3CHttpResponseCodec.java:49)
	at org.openqa.selenium.remote.HttpCommandExecutor.execute(HttpCommandExecutor.java:158)
	at org.openqa.selenium.remote.service.DriverCommandExecutor.execute(DriverCommandExecutor.java:83)
	at org.openqa.selenium.remote.RemoteWebDriver.execute(RemoteWebDriver.java:545)
	at org.openqa.selenium.remote.RemoteWebDriver.execute(RemoteWebDriver.java:602)
	at org.openqa.selenium.remote.RemoteWebDriver.getScreenshotAs(RemoteWebDriver.java:291)
	at com.lua.webbuyer.utils.getScreenshot.Capture(getScreenshot.java:24)
	at com.lua.webbuyer.resources.ReportExtent.getResult(ReportExtent.java:82)
]]>
            </full-stacktrace>
          </exception> <!-- org.openqa.selenium.SessionNotCreatedException -->
          <reporter-output>
          </reporter-output>
        </test-method> <!-- getResult -->
        <test-method status="SKIP" signature="register(java.lang.reflect.Method, java.lang.String)[pri:0, instance:com.lua.webbuyer.test.TestesCompra@2173f6d9]" name="register" is-config="true" duration-ms="0" started-at="2018-05-22T16:44:22Z" finished-at="2018-05-22T16:44:22Z">
          <reporter-output>
          </reporter-output>
        </test-method> <!-- register -->
        <test-method status="SKIP" signature="Fluxo_de_Compras(java.lang.String, java.lang.String)[pri:0, instance:com.lua.webbuyer.test.TestesCompra@2173f6d9]" name="Fluxo_de_Compras" duration-ms="2" started-at="2018-05-22T16:44:22Z" description="Simula uma compra em cada UF disponível." data-provider="test1" finished-at="2018-05-22T16:44:22Z">
          <params>
            <param index="0">
              <value>
                <![CDATA[Pijama Adulto Spiderman]]>
              </value>
            </param>
            <param index="1">
              <value>
                <![CDATA[DF]]>
              </value>
            </param>
          </params>
          <reporter-output>
          </reporter-output>
        </test-method> <!-- Fluxo_de_Compras -->
        <test-method status="FAIL" signature="getResult(org.testng.ITestResult)[pri:0, instance:com.lua.webbuyer.test.TestesCompra@2173f6d9]" name="getResult" is-config="true" duration-ms="0" started-at="2018-05-22T16:44:22Z" finished-at="2018-05-22T16:44:22Z">
          <params>
            <param index="0">
              <value>
                <![CDATA[[TestResult name=Fluxo_de_Compras status=SKIP method=TestesCompra.Fluxo_de_Compras(java.lang.String, java.lang.String)[pri:0, instance:com.lua.webbuyer.test.TestesCompra@2173f6d9] output={null}]]]>
              </value>
            </param>
          </params>
          <exception class="org.openqa.selenium.SessionNotCreatedException">
            <message>
              <![CDATA[Tried to run command without establishing a connection
Build info: version: '3.11.0', revision: 'e59cfb3', time: '2018-03-11T20:26:55.152Z'
System info: host: 'Guminis-Mac-mini.local', ip: 'fe80:0:0:0:1c4a:24e4:ddbc:9af7%en0', os.name: 'Mac OS X', os.arch: 'x86_64', os.version: '10.13.4', java.version: '1.8.0_161'
Driver info: org.openqa.selenium.firefox.FirefoxDriver
Capabilities {acceptInsecureCerts: true, browserName: firefox, browserVersion: 54.0.1, javascriptEnabled: true, moz:accessibilityChecks: false, moz:processID: 2231, moz:profile: /var/folders/pp/1jtdrljj4ls..., pageLoadStrategy: normal, platform: MAC, platformName: MAC, platformVersion: 17.5.0, rotatable: false, specificationLevel: 0, timeouts: {implicit: 0, pageLoad: 300000, script: 30000}}
Session ID: a80434cd-df86-4d40-ae71-c2da07538107]]>
            </message>
            <full-stacktrace>
              <![CDATA[org.openqa.selenium.SessionNotCreatedException: Tried to run command without establishing a connection
Build info: version: '3.11.0', revision: 'e59cfb3', time: '2018-03-11T20:26:55.152Z'
System info: host: 'Guminis-Mac-mini.local', ip: 'fe80:0:0:0:1c4a:24e4:ddbc:9af7%en0', os.name: 'Mac OS X', os.arch: 'x86_64', os.version: '10.13.4', java.version: '1.8.0_161'
Driver info: org.openqa.selenium.firefox.FirefoxDriver
Capabilities {acceptInsecureCerts: true, browserName: firefox, browserVersion: 54.0.1, javascriptEnabled: true, moz:accessibilityChecks: false, moz:processID: 2231, moz:profile: /var/folders/pp/1jtdrljj4ls..., pageLoadStrategy: normal, platform: MAC, platformName: MAC, platformVersion: 17.5.0, rotatable: false, specificationLevel: 0, timeouts: {implicit: 0, pageLoad: 300000, script: 30000}}
Session ID: a80434cd-df86-4d40-ae71-c2da07538107
	at org.openqa.selenium.remote.http.W3CHttpResponseCodec.createException(W3CHttpResponseCodec.java:187)
	at org.openqa.selenium.remote.http.W3CHttpResponseCodec.decode(W3CHttpResponseCodec.java:122)
	at org.openqa.selenium.remote.http.W3CHttpResponseCodec.decode(W3CHttpResponseCodec.java:49)
	at org.openqa.selenium.remote.HttpCommandExecutor.execute(HttpCommandExecutor.java:158)
	at org.openqa.selenium.remote.service.DriverCommandExecutor.execute(DriverCommandExecutor.java:83)
	at org.openqa.selenium.remote.RemoteWebDriver.execute(RemoteWebDriver.java:545)
	at org.openqa.selenium.remote.RemoteWebDriver.execute(RemoteWebDriver.java:602)
	at org.openqa.selenium.remote.RemoteWebDriver.getScreenshotAs(RemoteWebDriver.java:291)
	at com.lua.webbuyer.utils.getScreenshot.Capture(getScreenshot.java:24)
	at com.lua.webbuyer.resources.ReportExtent.getResult(ReportExtent.java:82)
]]>
            </full-stacktrace>
          </exception> <!-- org.openqa.selenium.SessionNotCreatedException -->
          <reporter-output>
          </reporter-output>
        </test-method> <!-- getResult -->
        <test-method status="SKIP" signature="register(java.lang.reflect.Method, java.lang.String)[pri:0, instance:com.lua.webbuyer.test.TestesCompra@2173f6d9]" name="register" is-config="true" duration-ms="0" started-at="2018-05-22T16:44:22Z" finished-at="2018-05-22T16:44:22Z">
          <reporter-output>
          </reporter-output>
        </test-method> <!-- register -->
        <test-method status="SKIP" signature="Fluxo_de_Compras(java.lang.String, java.lang.String)[pri:0, instance:com.lua.webbuyer.test.TestesCompra@2173f6d9]" name="Fluxo_de_Compras" duration-ms="1" started-at="2018-05-22T16:44:22Z" description="Simula uma compra em cada UF disponível." data-provider="test1" finished-at="2018-05-22T16:44:22Z">
          <params>
            <param index="0">
              <value>
                <![CDATA[Pijama Adulto Spiderman]]>
              </value>
            </param>
            <param index="1">
              <value>
                <![CDATA[ES]]>
              </value>
            </param>
          </params>
          <reporter-output>
          </reporter-output>
        </test-method> <!-- Fluxo_de_Compras -->
        <test-method status="FAIL" signature="getResult(org.testng.ITestResult)[pri:0, instance:com.lua.webbuyer.test.TestesCompra@2173f6d9]" name="getResult" is-config="true" duration-ms="0" started-at="2018-05-22T16:44:22Z" finished-at="2018-05-22T16:44:22Z">
          <params>
            <param index="0">
              <value>
                <![CDATA[[TestResult name=Fluxo_de_Compras status=SKIP method=TestesCompra.Fluxo_de_Compras(java.lang.String, java.lang.String)[pri:0, instance:com.lua.webbuyer.test.TestesCompra@2173f6d9] output={null}]]]>
              </value>
            </param>
          </params>
          <exception class="org.openqa.selenium.SessionNotCreatedException">
            <message>
              <![CDATA[Tried to run command without establishing a connection
Build info: version: '3.11.0', revision: 'e59cfb3', time: '2018-03-11T20:26:55.152Z'
System info: host: 'Guminis-Mac-mini.local', ip: 'fe80:0:0:0:1c4a:24e4:ddbc:9af7%en0', os.name: 'Mac OS X', os.arch: 'x86_64', os.version: '10.13.4', java.version: '1.8.0_161'
Driver info: org.openqa.selenium.firefox.FirefoxDriver
Capabilities {acceptInsecureCerts: true, browserName: firefox, browserVersion: 54.0.1, javascriptEnabled: true, moz:accessibilityChecks: false, moz:processID: 2231, moz:profile: /var/folders/pp/1jtdrljj4ls..., pageLoadStrategy: normal, platform: MAC, platformName: MAC, platformVersion: 17.5.0, rotatable: false, specificationLevel: 0, timeouts: {implicit: 0, pageLoad: 300000, script: 30000}}
Session ID: a80434cd-df86-4d40-ae71-c2da07538107]]>
            </message>
            <full-stacktrace>
              <![CDATA[org.openqa.selenium.SessionNotCreatedException: Tried to run command without establishing a connection
Build info: version: '3.11.0', revision: 'e59cfb3', time: '2018-03-11T20:26:55.152Z'
System info: host: 'Guminis-Mac-mini.local', ip: 'fe80:0:0:0:1c4a:24e4:ddbc:9af7%en0', os.name: 'Mac OS X', os.arch: 'x86_64', os.version: '10.13.4', java.version: '1.8.0_161'
Driver info: org.openqa.selenium.firefox.FirefoxDriver
Capabilities {acceptInsecureCerts: true, browserName: firefox, browserVersion: 54.0.1, javascriptEnabled: true, moz:accessibilityChecks: false, moz:processID: 2231, moz:profile: /var/folders/pp/1jtdrljj4ls..., pageLoadStrategy: normal, platform: MAC, platformName: MAC, platformVersion: 17.5.0, rotatable: false, specificationLevel: 0, timeouts: {implicit: 0, pageLoad: 300000, script: 30000}}
Session ID: a80434cd-df86-4d40-ae71-c2da07538107
	at org.openqa.selenium.remote.http.W3CHttpResponseCodec.createException(W3CHttpResponseCodec.java:187)
	at org.openqa.selenium.remote.http.W3CHttpResponseCodec.decode(W3CHttpResponseCodec.java:122)
	at org.openqa.selenium.remote.http.W3CHttpResponseCodec.decode(W3CHttpResponseCodec.java:49)
	at org.openqa.selenium.remote.HttpCommandExecutor.execute(HttpCommandExecutor.java:158)
	at org.openqa.selenium.remote.service.DriverCommandExecutor.execute(DriverCommandExecutor.java:83)
	at org.openqa.selenium.remote.RemoteWebDriver.execute(RemoteWebDriver.java:545)
	at org.openqa.selenium.remote.RemoteWebDriver.execute(RemoteWebDriver.java:602)
	at org.openqa.selenium.remote.RemoteWebDriver.getScreenshotAs(RemoteWebDriver.java:291)
	at com.lua.webbuyer.utils.getScreenshot.Capture(getScreenshot.java:24)
	at com.lua.webbuyer.resources.ReportExtent.getResult(ReportExtent.java:82)
]]>
            </full-stacktrace>
          </exception> <!-- org.openqa.selenium.SessionNotCreatedException -->
          <reporter-output>
          </reporter-output>
        </test-method> <!-- getResult -->
        <test-method status="SKIP" signature="register(java.lang.reflect.Method, java.lang.String)[pri:0, instance:com.lua.webbuyer.test.TestesCompra@2173f6d9]" name="register" is-config="true" duration-ms="0" started-at="2018-05-22T16:44:22Z" finished-at="2018-05-22T16:44:22Z">
          <reporter-output>
          </reporter-output>
        </test-method> <!-- register -->
        <test-method status="SKIP" signature="Fluxo_de_Compras(java.lang.String, java.lang.String)[pri:0, instance:com.lua.webbuyer.test.TestesCompra@2173f6d9]" name="Fluxo_de_Compras" duration-ms="2" started-at="2018-05-22T16:44:22Z" description="Simula uma compra em cada UF disponível." data-provider="test1" finished-at="2018-05-22T16:44:22Z">
          <params>
            <param index="0">
              <value>
                <![CDATA[Pijama Adulto Spiderman]]>
              </value>
            </param>
            <param index="1">
              <value>
                <![CDATA[GO]]>
              </value>
            </param>
          </params>
          <reporter-output>
          </reporter-output>
        </test-method> <!-- Fluxo_de_Compras -->
        <test-method status="FAIL" signature="getResult(org.testng.ITestResult)[pri:0, instance:com.lua.webbuyer.test.TestesCompra@2173f6d9]" name="getResult" is-config="true" duration-ms="0" started-at="2018-05-22T16:44:22Z" finished-at="2018-05-22T16:44:22Z">
          <params>
            <param index="0">
              <value>
                <![CDATA[[TestResult name=Fluxo_de_Compras status=SKIP method=TestesCompra.Fluxo_de_Compras(java.lang.String, java.lang.String)[pri:0, instance:com.lua.webbuyer.test.TestesCompra@2173f6d9] output={null}]]]>
              </value>
            </param>
          </params>
          <exception class="org.openqa.selenium.SessionNotCreatedException">
            <message>
              <![CDATA[Tried to run command without establishing a connection
Build info: version: '3.11.0', revision: 'e59cfb3', time: '2018-03-11T20:26:55.152Z'
System info: host: 'Guminis-Mac-mini.local', ip: 'fe80:0:0:0:1c4a:24e4:ddbc:9af7%en0', os.name: 'Mac OS X', os.arch: 'x86_64', os.version: '10.13.4', java.version: '1.8.0_161'
Driver info: org.openqa.selenium.firefox.FirefoxDriver
Capabilities {acceptInsecureCerts: true, browserName: firefox, browserVersion: 54.0.1, javascriptEnabled: true, moz:accessibilityChecks: false, moz:processID: 2231, moz:profile: /var/folders/pp/1jtdrljj4ls..., pageLoadStrategy: normal, platform: MAC, platformName: MAC, platformVersion: 17.5.0, rotatable: false, specificationLevel: 0, timeouts: {implicit: 0, pageLoad: 300000, script: 30000}}
Session ID: a80434cd-df86-4d40-ae71-c2da07538107]]>
            </message>
            <full-stacktrace>
              <![CDATA[org.openqa.selenium.SessionNotCreatedException: Tried to run command without establishing a connection
Build info: version: '3.11.0', revision: 'e59cfb3', time: '2018-03-11T20:26:55.152Z'
System info: host: 'Guminis-Mac-mini.local', ip: 'fe80:0:0:0:1c4a:24e4:ddbc:9af7%en0', os.name: 'Mac OS X', os.arch: 'x86_64', os.version: '10.13.4', java.version: '1.8.0_161'
Driver info: org.openqa.selenium.firefox.FirefoxDriver
Capabilities {acceptInsecureCerts: true, browserName: firefox, browserVersion: 54.0.1, javascriptEnabled: true, moz:accessibilityChecks: false, moz:processID: 2231, moz:profile: /var/folders/pp/1jtdrljj4ls..., pageLoadStrategy: normal, platform: MAC, platformName: MAC, platformVersion: 17.5.0, rotatable: false, specificationLevel: 0, timeouts: {implicit: 0, pageLoad: 300000, script: 30000}}
Session ID: a80434cd-df86-4d40-ae71-c2da07538107
	at org.openqa.selenium.remote.http.W3CHttpResponseCodec.createException(W3CHttpResponseCodec.java:187)
	at org.openqa.selenium.remote.http.W3CHttpResponseCodec.decode(W3CHttpResponseCodec.java:122)
	at org.openqa.selenium.remote.http.W3CHttpResponseCodec.decode(W3CHttpResponseCodec.java:49)
	at org.openqa.selenium.remote.HttpCommandExecutor.execute(HttpCommandExecutor.java:158)
	at org.openqa.selenium.remote.service.DriverCommandExecutor.execute(DriverCommandExecutor.java:83)
	at org.openqa.selenium.remote.RemoteWebDriver.execute(RemoteWebDriver.java:545)
	at org.openqa.selenium.remote.RemoteWebDriver.execute(RemoteWebDriver.java:602)
	at org.openqa.selenium.remote.RemoteWebDriver.getScreenshotAs(RemoteWebDriver.java:291)
	at com.lua.webbuyer.utils.getScreenshot.Capture(getScreenshot.java:24)
	at com.lua.webbuyer.resources.ReportExtent.getResult(ReportExtent.java:82)
]]>
            </full-stacktrace>
          </exception> <!-- org.openqa.selenium.SessionNotCreatedException -->
          <reporter-output>
          </reporter-output>
        </test-method> <!-- getResult -->
        <test-method status="SKIP" signature="register(java.lang.reflect.Method, java.lang.String)[pri:0, instance:com.lua.webbuyer.test.TestesCompra@2173f6d9]" name="register" is-config="true" duration-ms="0" started-at="2018-05-22T16:44:22Z" finished-at="2018-05-22T16:44:22Z">
          <reporter-output>
          </reporter-output>
        </test-method> <!-- register -->
        <test-method status="SKIP" signature="Fluxo_de_Compras(java.lang.String, java.lang.String)[pri:0, instance:com.lua.webbuyer.test.TestesCompra@2173f6d9]" name="Fluxo_de_Compras" duration-ms="1" started-at="2018-05-22T16:44:22Z" description="Simula uma compra em cada UF disponível." data-provider="test1" finished-at="2018-05-22T16:44:22Z">
          <params>
            <param index="0">
              <value>
                <![CDATA[Pijama Adulto Spiderman]]>
              </value>
            </param>
            <param index="1">
              <value>
                <![CDATA[MA]]>
              </value>
            </param>
          </params>
          <reporter-output>
          </reporter-output>
        </test-method> <!-- Fluxo_de_Compras -->
[...]
	at org.openqa.selenium.remote.RemoteWebDriver.execute(RemoteWebDriver.java:602)
	at org.openqa.selenium.remote.RemoteWebDriver.getScreenshotAs(RemoteWebDriver.java:291)
	at com.lua.webbuyer.utils.getScreenshot.Capture(getScreenshot.java:24)
	at com.lua.webbuyer.resources.ReportExtent.getResult(ReportExtent.java:82)
]]>
            </full-stacktrace>
          </exception> <!-- org.openqa.selenium.SessionNotCreatedException -->
          <reporter-output>
          </reporter-output>
        </test-method> <!-- getResult -->
        <test-method status="SKIP" signature="register(java.lang.reflect.Method, java.lang.String)[pri:0, instance:com.lua.webbuyer.test.TestesCompra@2173f6d9]" name="register" is-config="true" duration-ms="0" started-at="2018-05-22T16:44:23Z" finished-at="2018-05-22T16:44:23Z">
          <reporter-output>
          </reporter-output>
        </test-method> <!-- register -->
        <test-method status="SKIP" signature="Fluxo_de_Compras(java.lang.String, java.lang.String)[pri:0, instance:com.lua.webbuyer.test.TestesCompra@2173f6d9]" name="Fluxo_de_Compras" duration-ms="1" started-at="2018-05-22T16:44:23Z" description="Simula uma compra em cada UF disponível." data-provider="test1" finished-at="2018-05-22T16:44:23Z">
          <params>
            <param index="0">
              <value>
                <![CDATA[Pijama Adulto Spiderman]]>
              </value>
            </param>
            <param index="1">
              <value>
                <![CDATA[SC]]>
              </value>
            </param>
          </params>
          <reporter-output>
          </reporter-output>
        </test-method> <!-- Fluxo_de_Compras -->
        <test-method status="FAIL" signature="getResult(org.testng.ITestResult)[pri:0, instance:com.lua.webbuyer.test.TestesCompra@2173f6d9]" name="getResult" is-config="true" duration-ms="0" started-at="2018-05-22T16:44:23Z" finished-at="2018-05-22T16:44:23Z">
          <params>
            <param index="0">
              <value>
                <![CDATA[[TestResult name=Fluxo_de_Compras status=SKIP method=TestesCompra.Fluxo_de_Compras(java.lang.String, java.lang.String)[pri:0, instance:com.lua.webbuyer.test.TestesCompra@2173f6d9] output={null}]]]>
              </value>
            </param>
          </params>
          <exception class="org.openqa.selenium.SessionNotCreatedException">
            <message>
              <![CDATA[Tried to run command without establishing a connection
Build info: version: '3.11.0', revision: 'e59cfb3', time: '2018-03-11T20:26:55.152Z'
System info: host: 'Guminis-Mac-mini.local', ip: 'fe80:0:0:0:1c4a:24e4:ddbc:9af7%en0', os.name: 'Mac OS X', os.arch: 'x86_64', os.version: '10.13.4', java.version: '1.8.0_161'
Driver info: org.openqa.selenium.firefox.FirefoxDriver
Capabilities {acceptInsecureCerts: true, browserName: firefox, browserVersion: 54.0.1, javascriptEnabled: true, moz:accessibilityChecks: false, moz:processID: 2231, moz:profile: /var/folders/pp/1jtdrljj4ls..., pageLoadStrategy: normal, platform: MAC, platformName: MAC, platformVersion: 17.5.0, rotatable: false, specificationLevel: 0, timeouts: {implicit: 0, pageLoad: 300000, script: 30000}}
Session ID: a80434cd-df86-4d40-ae71-c2da07538107]]>
            </message>
            <full-stacktrace>
              <![CDATA[org.openqa.selenium.SessionNotCreatedException: Tried to run command without establishing a connection
Build info: version: '3.11.0', revision: 'e59cfb3', time: '2018-03-11T20:26:55.152Z'
System info: host: 'Guminis-Mac-mini.local', ip: 'fe80:0:0:0:1c4a:24e4:ddbc:9af7%en0', os.name: 'Mac OS X', os.arch: 'x86_64', os.version: '10.13.4', java.version: '1.8.0_161'
Driver info: org.openqa.selenium.firefox.FirefoxDriver
Capabilities {acceptInsecureCerts: true, browserName: firefox, browserVersion: 54.0.1, javascriptEnabled: true, moz:accessibilityChecks: false, moz:processID: 2231, moz:profile: /var/folders/pp/1jtdrljj4ls..., pageLoadStrategy: normal, platform: MAC, platformName: MAC, platformVersion: 17.5.0, rotatable: false, specificationLevel: 0, timeouts: {implicit: 0, pageLoad: 300000, script: 30000}}
Session ID: a80434cd-df86-4d40-ae71-c2da07538107
	at org.openqa.selenium.remote.http.W3CHttpResponseCodec.createException(W3CHttpResponseCodec.java:187)
	at org.openqa.selenium.remote.http.W3CHttpResponseCodec.decode(W3CHttpResponseCodec.java:122)
	at org.openqa.selenium.remote.http.W3CHttpResponseCodec.decode(W3CHttpResponseCodec.java:49)
	at org.openqa.selenium.remote.HttpCommandExecutor.execute(HttpCommandExecutor.java:158)
	at org.openqa.selenium.remote.service.DriverCommandExecutor.execute(DriverCommandExecutor.java:83)
	at org.openqa.selenium.remote.RemoteWebDriver.execute(RemoteWebDriver.java:545)
	at org.openqa.selenium.remote.RemoteWebDriver.execute(RemoteWebDriver.java:602)
	at org.openqa.selenium.remote.RemoteWebDriver.getScreenshotAs(RemoteWebDriver.java:291)
	at com.lua.webbuyer.utils.getScreenshot.Capture(getScreenshot.java:24)
	at com.lua.webbuyer.resources.ReportExtent.getResult(ReportExtent.java:82)
]]>
            </full-stacktrace>
          </exception> <!-- org.openqa.selenium.SessionNotCreatedException -->
          <reporter-output>
          </reporter-output>
        </test-method> <!-- getResult -->
        <test-method status="SKIP" signature="register(java.lang.reflect.Method, java.lang.String)[pri:0, instance:com.lua.webbuyer.test.TestesCompra@2173f6d9]" name="register" is-config="true" duration-ms="0" started-at="2018-05-22T16:44:23Z" finished-at="2018-05-22T16:44:23Z">
          <reporter-output>
          </reporter-output>
        </test-method> <!-- register -->
        <test-method status="SKIP" signature="Fluxo_de_Compras(java.lang.String, java.lang.String)[pri:0, instance:com.lua.webbuyer.test.TestesCompra@2173f6d9]" name="Fluxo_de_Compras" duration-ms="1" started-at="2018-05-22T16:44:23Z" description="Simula uma compra em cada UF disponível." data-provider="test1" finished-at="2018-05-22T16:44:23Z">
          <params>
            <param index="0">
              <value>
                <![CDATA[Pijama Adulto Spiderman]]>
              </value>
            </param>
            <param index="1">
              <value>
                <![CDATA[SE]]>
              </value>
            </param>
          </params>
          <reporter-output>
          </reporter-output>
        </test-method> <!-- Fluxo_de_Compras -->
        <test-method status="FAIL" signature="getResult(org.testng.ITestResult)[pri:0, instance:com.lua.webbuyer.test.TestesCompra@2173f6d9]" name="getResult" is-config="true" duration-ms="0" started-at="2018-05-22T16:44:23Z" finished-at="2018-05-22T16:44:23Z">
          <params>
            <param index="0">
              <value>
                <![CDATA[[TestResult name=Fluxo_de_Compras status=SKIP method=TestesCompra.Fluxo_de_Compras(java.lang.String, java.lang.String)[pri:0, instance:com.lua.webbuyer.test.TestesCompra@2173f6d9] output={null}]]]>
              </value>
            </param>
          </params>
          <exception class="org.openqa.selenium.SessionNotCreatedException">
            <message>
              <![CDATA[Tried to run command without establishing a connection
Build info: version: '3.11.0', revision: 'e59cfb3', time: '2018-03-11T20:26:55.152Z'
System info: host: 'Guminis-Mac-mini.local', ip: 'fe80:0:0:0:1c4a:24e4:ddbc:9af7%en0', os.name: 'Mac OS X', os.arch: 'x86_64', os.version: '10.13.4', java.version: '1.8.0_161'
Driver info: org.openqa.selenium.firefox.FirefoxDriver
Capabilities {acceptInsecureCerts: true, browserName: firefox, browserVersion: 54.0.1, javascriptEnabled: true, moz:accessibilityChecks: false, moz:processID: 2231, moz:profile: /var/folders/pp/1jtdrljj4ls..., pageLoadStrategy: normal, platform: MAC, platformName: MAC, platformVersion: 17.5.0, rotatable: false, specificationLevel: 0, timeouts: {implicit: 0, pageLoad: 300000, script: 30000}}
Session ID: a80434cd-df86-4d40-ae71-c2da07538107]]>
            </message>
            <full-stacktrace>
              <![CDATA[org.openqa.selenium.SessionNotCreatedException: Tried to run command without establishing a connection
Build info: version: '3.11.0', revision: 'e59cfb3', time: '2018-03-11T20:26:55.152Z'
System info: host: 'Guminis-Mac-mini.local', ip: 'fe80:0:0:0:1c4a:24e4:ddbc:9af7%en0', os.name: 'Mac OS X', os.arch: 'x86_64', os.version: '10.13.4', java.version: '1.8.0_161'
Driver info: org.openqa.selenium.firefox.FirefoxDriver
Capabilities {acceptInsecureCerts: true, browserName: firefox, browserVersion: 54.0.1, javascriptEnabled: true, moz:accessibilityChecks: false, moz:processID: 2231, moz:profile: /var/folders/pp/1jtdrljj4ls..., pageLoadStrategy: normal, platform: MAC, platformName: MAC, platformVersion: 17.5.0, rotatable: false, specificationLevel: 0, timeouts: {implicit: 0, pageLoad: 300000, script: 30000}}
Session ID: a80434cd-df86-4d40-ae71-c2da07538107
	at org.openqa.selenium.remote.http.W3CHttpResponseCodec.createException(W3CHttpResponseCodec.java:187)
	at org.openqa.selenium.remote.http.W3CHttpResponseCodec.decode(W3CHttpResponseCodec.java:122)
	at org.openqa.selenium.remote.http.W3CHttpResponseCodec.decode(W3CHttpResponseCodec.java:49)
	at org.openqa.selenium.remote.HttpCommandExecutor.execute(HttpCommandExecutor.java:158)
	at org.openqa.selenium.remote.service.DriverCommandExecutor.execute(DriverCommandExecutor.java:83)
	at org.openqa.selenium.remote.RemoteWebDriver.execute(RemoteWebDriver.java:545)
	at org.openqa.selenium.remote.RemoteWebDriver.execute(RemoteWebDriver.java:602)
	at org.openqa.selenium.remote.RemoteWebDriver.getScreenshotAs(RemoteWebDriver.java:291)
	at com.lua.webbuyer.utils.getScreenshot.Capture(getScreenshot.java:24)
	at com.lua.webbuyer.resources.ReportExtent.getResult(ReportExtent.java:82)
]]>
            </full-stacktrace>
          </exception> <!-- org.openqa.selenium.SessionNotCreatedException -->
          <reporter-output>
          </reporter-output>
        </test-method> <!-- getResult -->
        <test-method status="SKIP" signature="register(java.lang.reflect.Method, java.lang.String)[pri:0, instance:com.lua.webbuyer.test.TestesCompra@2173f6d9]" name="register" is-config="true" duration-ms="0" started-at="2018-05-22T16:44:23Z" finished-at="2018-05-22T16:44:23Z">
          <reporter-output>
          </reporter-output>
        </test-method> <!-- register -->
        <test-method status="SKIP" signature="Fluxo_de_Compras(java.lang.String, java.lang.String)[pri:0, instance:com.lua.webbuyer.test.TestesCompra@2173f6d9]" name="Fluxo_de_Compras" duration-ms="1" started-at="2018-05-22T16:44:23Z" description="Simula uma compra em cada UF disponível." data-provider="test1" finished-at="2018-05-22T16:44:23Z">
          <params>
            <param index="0">
              <value>
                <![CDATA[Pijama Adulto Spiderman]]>
              </value>
            </param>
            <param index="1">
              <value>
                <![CDATA[SP]]>
              </value>
            </param>
          </params>
          <reporter-output>
          </reporter-output>
        </test-method> <!-- Fluxo_de_Compras -->
        <test-method status="FAIL" signature="getResult(org.testng.ITestResult)[pri:0, instance:com.lua.webbuyer.test.TestesCompra@2173f6d9]" name="getResult" is-config="true" duration-ms="0" started-at="2018-05-22T16:44:23Z" finished-at="2018-05-22T16:44:23Z">
          <params>
            <param index="0">
              <value>
                <![CDATA[[TestResult name=Fluxo_de_Compras status=SKIP method=TestesCompra.Fluxo_de_Compras(java.lang.String, java.lang.String)[pri:0, instance:com.lua.webbuyer.test.TestesCompra@2173f6d9] output={null}]]]>
              </value>
            </param>
          </params>
          <exception class="org.openqa.selenium.SessionNotCreatedException">
            <message>
              <![CDATA[Tried to run command without establishing a connection
Build info: version: '3.11.0', revision: 'e59cfb3', time: '2018-03-11T20:26:55.152Z'
System info: host: 'Guminis-Mac-mini.local', ip: 'fe80:0:0:0:1c4a:24e4:ddbc:9af7%en0', os.name: 'Mac OS X', os.arch: 'x86_64', os.version: '10.13.4', java.version: '1.8.0_161'
Driver info: org.openqa.selenium.firefox.FirefoxDriver
Capabilities {acceptInsecureCerts: true, browserName: firefox, browserVersion: 54.0.1, javascriptEnabled: true, moz:accessibilityChecks: false, moz:processID: 2231, moz:profile: /var/folders/pp/1jtdrljj4ls..., pageLoadStrategy: normal, platform: MAC, platformName: MAC, platformVersion: 17.5.0, rotatable: false, specificationLevel: 0, timeouts: {implicit: 0, pageLoad: 300000, script: 30000}}
Session ID: a80434cd-df86-4d40-ae71-c2da07538107]]>
            </message>
            <full-stacktrace>
              <![CDATA[org.openqa.selenium.SessionNotCreatedException: Tried to run command without establishing a connection
Build info: version: '3.11.0', revision: 'e59cfb3', time: '2018-03-11T20:26:55.152Z'
System info: host: 'Guminis-Mac-mini.local', ip: 'fe80:0:0:0:1c4a:24e4:ddbc:9af7%en0', os.name: 'Mac OS X', os.arch: 'x86_64', os.version: '10.13.4', java.version: '1.8.0_161'
Driver info: org.openqa.selenium.firefox.FirefoxDriver
Capabilities {acceptInsecureCerts: true, browserName: firefox, browserVersion: 54.0.1, javascriptEnabled: true, moz:accessibilityChecks: false, moz:processID: 2231, moz:profile: /var/folders/pp/1jtdrljj4ls..., pageLoadStrategy: normal, platform: MAC, platformName: MAC, platformVersion: 17.5.0, rotatable: false, specificationLevel: 0, timeouts: {implicit: 0, pageLoad: 300000, script: 30000}}
Session ID: a80434cd-df86-4d40-ae71-c2da07538107
	at org.openqa.selenium.remote.http.W3CHttpResponseCodec.createException(W3CHttpResponseCodec.java:187)
	at org.openqa.selenium.remote.http.W3CHttpResponseCodec.decode(W3CHttpResponseCodec.java:122)
	at org.openqa.selenium.remote.http.W3CHttpResponseCodec.decode(W3CHttpResponseCodec.java:49)
	at org.openqa.selenium.remote.HttpCommandExecutor.execute(HttpCommandExecutor.java:158)
	at org.openqa.selenium.remote.service.DriverCommandExecutor.execute(DriverCommandExecutor.java:83)
	at org.openqa.selenium.remote.RemoteWebDriver.execute(RemoteWebDriver.java:545)
	at org.openqa.selenium.remote.RemoteWebDriver.execute(RemoteWebDriver.java:602)
	at org.openqa.selenium.remote.RemoteWebDriver.getScreenshotAs(RemoteWebDriver.java:291)
	at com.lua.webbuyer.utils.getScreenshot.Capture(getScreenshot.java:24)
	at com.lua.webbuyer.resources.ReportExtent.getResult(ReportExtent.java:82)
]]>
            </full-stacktrace>
          </exception> <!-- org.openqa.selenium.SessionNotCreatedException -->
          <reporter-output>
          </reporter-output>
        </test-method> <!-- getResult -->
        <test-method status="SKIP" signature="register(java.lang.reflect.Method, java.lang.String)[pri:0, instance:com.lua.webbuyer.test.TestesCompra@2173f6d9]" name="register" is-config="true" duration-ms="0" started-at="2018-05-22T16:44:23Z" finished-at="2018-05-22T16:44:23Z">
          <reporter-output>
          </reporter-output>
        </test-method> <!-- register -->
        <test-method status="SKIP" signature="Fluxo_de_Compras(java.lang.String, java.lang.String)[pri:0, instance:com.lua.webbuyer.test.TestesCompra@2173f6d9]" name="Fluxo_de_Compras" duration-ms="2" started-at="2018-05-22T16:44:23Z" description="Simula uma compra em cada UF disponível." data-provider="test1" finished-at="2018-05-22T16:44:23Z">
          <params>
            <param index="0">
              <value>
                <![CDATA[Pijama Adulto Spiderman]]>
              </value>
            </param>
            <param index="1">
              <value>
                <![CDATA[TO]]>
              </value>
            </param>
          </params>
          <reporter-output>
          </reporter-output>
        </test-method> <!-- Fluxo_de_Compras -->
        <test-method status="FAIL" signature="getResult(org.testng.ITestResult)[pri:0, instance:com.lua.webbuyer.test.TestesCompra@2173f6d9]" name="getResult" is-config="true" duration-ms="0" started-at="2018-05-22T16:44:23Z" finished-at="2018-05-22T16:44:23Z">
          <params>
            <param index="0">
              <value>
                <![CDATA[[TestResult name=Fluxo_de_Compras status=SKIP method=TestesCompra.Fluxo_de_Compras(java.lang.String, java.lang.String)[pri:0, instance:com.lua.webbuyer.test.TestesCompra@2173f6d9] output={null}]]]>
              </value>
            </param>
          </params>
          <exception class="org.openqa.selenium.SessionNotCreatedException">
            <message>
              <![CDATA[Tried to run command without establishing a connection
Build info: version: '3.11.0', revision: 'e59cfb3', time: '2018-03-11T20:26:55.152Z'
System info: host: 'Guminis-Mac-mini.local', ip: 'fe80:0:0:0:1c4a:24e4:ddbc:9af7%en0', os.name: 'Mac OS X', os.arch: 'x86_64', os.version: '10.13.4', java.version: '1.8.0_161'
Driver info: org.openqa.selenium.firefox.FirefoxDriver
Capabilities {acceptInsecureCerts: true, browserName: firefox, browserVersion: 54.0.1, javascriptEnabled: true, moz:accessibilityChecks: false, moz:processID: 2231, moz:profile: /var/folders/pp/1jtdrljj4ls..., pageLoadStrategy: normal, platform: MAC, platformName: MAC, platformVersion: 17.5.0, rotatable: false, specificationLevel: 0, timeouts: {implicit: 0, pageLoad: 300000, script: 30000}}
Session ID: a80434cd-df86-4d40-ae71-c2da07538107]]>
            </message>
            <full-stacktrace>
              <![CDATA[org.openqa.selenium.SessionNotCreatedException: Tried to run command without establishing a connection
Build info: version: '3.11.0', revision: 'e59cfb3', time: '2018-03-11T20:26:55.152Z'
System info: host: 'Guminis-Mac-mini.local', ip: 'fe80:0:0:0:1c4a:24e4:ddbc:9af7%en0', os.name: 'Mac OS X', os.arch: 'x86_64', os.version: '10.13.4', java.version: '1.8.0_161'
Driver info: org.openqa.selenium.firefox.FirefoxDriver
Capabilities {acceptInsecureCerts: true, browserName: firefox, browserVersion: 54.0.1, javascriptEnabled: true, moz:accessibilityChecks: false, moz:processID: 2231, moz:profile: /var/folders/pp/1jtdrljj4ls..., pageLoadStrategy: normal, platform: MAC, platformName: MAC, platformVersion: 17.5.0, rotatable: false, specificationLevel: 0, timeouts: {implicit: 0, pageLoad: 300000, script: 30000}}
Session ID: a80434cd-df86-4d40-ae71-c2da07538107
	at org.openqa.selenium.remote.http.W3CHttpResponseCodec.createException(W3CHttpResponseCodec.java:187)
	at org.openqa.selenium.remote.http.W3CHttpResponseCodec.decode(W3CHttpResponseCodec.java:122)
	at org.openqa.selenium.remote.http.W3CHttpResponseCodec.decode(W3CHttpResponseCodec.java:49)
	at org.openqa.selenium.remote.HttpCommandExecutor.execute(HttpCommandExecutor.java:158)
	at org.openqa.selenium.remote.service.DriverCommandExecutor.execute(DriverCommandExecutor.java:83)
	at org.openqa.selenium.remote.RemoteWebDriver.execute(RemoteWebDriver.java:545)
	at org.openqa.selenium.remote.RemoteWebDriver.execute(RemoteWebDriver.java:602)
	at org.openqa.selenium.remote.RemoteWebDriver.getScreenshotAs(RemoteWebDriver.java:291)
	at com.lua.webbuyer.utils.getScreenshot.Capture(getScreenshot.java:24)
	at com.lua.webbuyer.resources.ReportExtent.getResult(ReportExtent.java:82)
]]>
            </full-stacktrace>
          </exception> <!-- org.openqa.selenium.SessionNotCreatedException -->
          <reporter-output>
          </reporter-output>
        </test-method> <!-- getResult -->
        <test-method status="PASS" signature="cleanUp()[pri:0, instance:com.lua.webbuyer.test.TestesCompra@2173f6d9]" name="cleanUp" is-config="true" duration-ms="417" started-at="2018-05-22T16:44:23Z" finished-at="2018-05-22T16:44:23Z">
          <reporter-output>
          </reporter-output>
        </test-method> <!-- cleanUp -->
      </class> <!-- com.lua.webbuyer.test.TestesCompra -->
    </test> <!-- Teste Compras -->
  </suite> <!-- TestSuite -->
</testng-results>
