<?xml version="1.0" encoding="UTF-8"?>
<testng-results skipped="24" failed="1" total="34" passed="9">
  <reporter-output>
  </reporter-output>
  <suite name="TestSuite" duration-ms="342277" started-at="2018-05-18T16:48:51Z" finished-at="2018-05-18T16:54:34Z">
    <groups>
      <group name="Teste Negativo">
        <method signature="TestesNegativos.testeCpfEmBranco()[pri:0, instance:com.lua.webbuyer.test.TestesNegativos@1a1d6a08]" name="testeCpfEmBranco" class="com.lua.webbuyer.test.TestesNegativos"/>
        <method signature="TestesNegativos.testeCpfInvalido()[pri:0, instance:com.lua.webbuyer.test.TestesNegativos@1a1d6a08]" name="testeCpfInvalido" class="com.lua.webbuyer.test.TestesNegativos"/>
        <method signature="TestesNegativos.testeEmailEmBranco()[pri:0, instance:com.lua.webbuyer.test.TestesNegativos@1a1d6a08]" name="testeEmailEmBranco" class="com.lua.webbuyer.test.TestesNegativos"/>
        <method signature="TestesNegativos.testeEmailInvalido()[pri:0, instance:com.lua.webbuyer.test.TestesNegativos@1a1d6a08]" name="testeEmailInvalido" class="com.lua.webbuyer.test.TestesNegativos"/>
        <method signature="TestesNegativos.testeNomeEmBranco()[pri:0, instance:com.lua.webbuyer.test.TestesNegativos@1a1d6a08]" name="testeNomeEmBranco" class="com.lua.webbuyer.test.TestesNegativos"/>
        <method signature="TestesNegativos.testeNomeInvalido()[pri:0, instance:com.lua.webbuyer.test.TestesNegativos@1a1d6a08]" name="testeNomeInvalido" class="com.lua.webbuyer.test.TestesNegativos"/>
        <method signature="TestesNegativos.testeSenhaCadastroEmBranco()[pri:0, instance:com.lua.webbuyer.test.TestesNegativos@1a1d6a08]" name="testeSenhaCadastroEmBranco" class="com.lua.webbuyer.test.TestesNegativos"/>
      </group> <!-- Teste Negativo -->
      <group name="Fluxo de Compras - Test">
        <method signature="TestesCompra.Fluxo_de_Compras(java.lang.String, java.lang.String)[pri:0, instance:com.lua.webbuyer.test.TestesCompra@2173f6d9]" name="Fluxo_de_Compras" class="com.lua.webbuyer.test.TestesCompra"/>
      </group> <!-- Fluxo de Compras - Test -->
    </groups>
    <test name="Teste Compras" duration-ms="342277" started-at="2018-05-18T16:48:51Z" finished-at="2018-05-18T16:54:34Z">
      <class name="com.lua.webbuyer.test.TestesNegativos">
        <test-method status="PASS" signature="register(java.lang.reflect.Method, java.lang.String)[pri:0, instance:com.lua.webbuyer.test.TestesNegativos@1a1d6a08]" name="register" is-config="true" duration-ms="6760" started-at="2018-05-18T13:48:51Z" finished-at="2018-05-18T13:48:58Z">
          <params>
            <param index="0">
              <value>
                <![CDATA[public void com.lua.webbuyer.test.TestesNegativos.testeCpfEmBranco()]]>
              </value>
            </param>
            <param index="1">
              <value>
                <![CDATA[Firefox]]>
              </value>
            </param>
          </params>
          <reporter-output>
          </reporter-output>
        </test-method> <!-- register -->
        <test-method status="PASS" signature="testeCpfEmBranco()[pri:0, instance:com.lua.webbuyer.test.TestesNegativos@1a1d6a08]" name="testeCpfEmBranco" duration-ms="12641" started-at="2018-05-18T13:48:58Z" description="Força a mensagem de warning no campo &#039;CPF&#039; na tela de Login." finished-at="2018-05-18T13:49:11Z">
          <reporter-output>
          </reporter-output>
        </test-method> <!-- testeCpfEmBranco -->
        <test-method status="PASS" signature="getResult(org.testng.ITestResult)[pri:0, instance:com.lua.webbuyer.test.TestesNegativos@1a1d6a08]" name="getResult" is-config="true" duration-ms="1353" started-at="2018-05-18T13:49:11Z" finished-at="2018-05-18T13:49:12Z">
          <params>
            <param index="0">
              <value>
                <![CDATA[[TestResult name=testeCpfEmBranco status=SUCCESS method=TestesNegativos.testeCpfEmBranco()[pri:0, instance:com.lua.webbuyer.test.TestesNegativos@1a1d6a08] output={null}]]]>
              </value>
            </param>
          </params>
          <reporter-output>
          </reporter-output>
        </test-method> <!-- getResult -->
        <test-method status="PASS" signature="register(java.lang.reflect.Method, java.lang.String)[pri:0, instance:com.lua.webbuyer.test.TestesNegativos@1a1d6a08]" name="register" is-config="true" duration-ms="4930" started-at="2018-05-18T13:49:12Z" finished-at="2018-05-18T13:49:17Z">
          <params>
            <param index="0">
              <value>
                <![CDATA[public void com.lua.webbuyer.test.TestesNegativos.testeCpfInvalido()]]>
              </value>
            </param>
            <param index="1">
              <value>
                <![CDATA[Firefox]]>
              </value>
            </param>
          </params>
          <reporter-output>
          </reporter-output>
        </test-method> <!-- register -->
        <test-method status="PASS" signature="testeCpfInvalido()[pri:0, instance:com.lua.webbuyer.test.TestesNegativos@1a1d6a08]" name="testeCpfInvalido" duration-ms="9664" started-at="2018-05-18T13:49:17Z" description="Força a mensagem de warning no campo &#039;CPF&#039; na tela de Login." finished-at="2018-05-18T13:49:27Z">
          <reporter-output>
          </reporter-output>
        </test-method> <!-- testeCpfInvalido -->
        <test-method status="PASS" signature="getResult(org.testng.ITestResult)[pri:0, instance:com.lua.webbuyer.test.TestesNegativos@1a1d6a08]" name="getResult" is-config="true" duration-ms="1008" started-at="2018-05-18T13:49:27Z" finished-at="2018-05-18T13:49:28Z">
          <params>
            <param index="0">
              <value>
                <![CDATA[[TestResult name=testeCpfInvalido status=SUCCESS method=TestesNegativos.testeCpfInvalido()[pri:0, instance:com.lua.webbuyer.test.TestesNegativos@1a1d6a08] output={null}]]]>
              </value>
            </param>
          </params>
          <reporter-output>
          </reporter-output>
        </test-method> <!-- getResult -->
        <test-method status="PASS" signature="register(java.lang.reflect.Method, java.lang.String)[pri:0, instance:com.lua.webbuyer.test.TestesNegativos@1a1d6a08]" name="register" is-config="true" duration-ms="4916" started-at="2018-05-18T13:49:28Z" finished-at="2018-05-18T13:49:33Z">
          <params>
            <param index="0">
              <value>
                <![CDATA[public void com.lua.webbuyer.test.TestesNegativos.testeEmailEmBranco()]]>
              </value>
            </param>
            <param index="1">
              <value>
                <![CDATA[Firefox]]>
              </value>
            </param>
          </params>
          <reporter-output>
          </reporter-output>
        </test-method> <!-- register -->
        <test-method status="PASS" signature="testeEmailEmBranco()[pri:0, instance:com.lua.webbuyer.test.TestesNegativos@1a1d6a08]" name="testeEmailEmBranco" duration-ms="8148" started-at="2018-05-18T13:49:33Z" description="Força a mensagem de warning no campo &#039;E-Mail&#039; na tela de Login." finished-at="2018-05-18T13:49:41Z">
          <reporter-output>
          </reporter-output>
        </test-method> <!-- testeEmailEmBranco -->
        <test-method status="PASS" signature="getResult(org.testng.ITestResult)[pri:0, instance:com.lua.webbuyer.test.TestesNegativos@1a1d6a08]" name="getResult" is-config="true" duration-ms="1014" started-at="2018-05-18T13:49:41Z" finished-at="2018-05-18T13:49:42Z">
          <params>
            <param index="0">
              <value>
                <![CDATA[[TestResult name=testeEmailEmBranco status=SUCCESS method=TestesNegativos.testeEmailEmBranco()[pri:0, instance:com.lua.webbuyer.test.TestesNegativos@1a1d6a08] output={null}]]]>
              </value>
            </param>
          </params>
          <reporter-output>
          </reporter-output>
        </test-method> <!-- getResult -->
        <test-method status="PASS" signature="register(java.lang.reflect.Method, java.lang.String)[pri:0, instance:com.lua.webbuyer.test.TestesNegativos@1a1d6a08]" name="register" is-config="true" duration-ms="4723" started-at="2018-05-18T13:49:42Z" finished-at="2018-05-18T13:49:46Z">
          <params>
            <param index="0">
              <value>
                <![CDATA[public void com.lua.webbuyer.test.TestesNegativos.testeEmailInvalido()]]>
              </value>
            </param>
            <param index="1">
              <value>
                <![CDATA[Firefox]]>
              </value>
            </param>
          </params>
          <reporter-output>
          </reporter-output>
        </test-method> <!-- register -->
        <test-method status="PASS" signature="testeEmailInvalido()[pri:0, instance:com.lua.webbuyer.test.TestesNegativos@1a1d6a08]" name="testeEmailInvalido" duration-ms="8185" started-at="2018-05-18T13:49:46Z" description="Força a mensagem de warning no campo &#039;E-Mail&#039; na tela de Login." finished-at="2018-05-18T13:49:55Z">
          <reporter-output>
          </reporter-output>
        </test-method> <!-- testeEmailInvalido -->
        <test-method status="PASS" signature="getResult(org.testng.ITestResult)[pri:0, instance:com.lua.webbuyer.test.TestesNegativos@1a1d6a08]" name="getResult" is-config="true" duration-ms="1021" started-at="2018-05-18T13:49:55Z" finished-at="2018-05-18T13:49:56Z">
          <params>
            <param index="0">
              <value>
                <![CDATA[[TestResult name=testeEmailInvalido status=SUCCESS method=TestesNegativos.testeEmailInvalido()[pri:0, instance:com.lua.webbuyer.test.TestesNegativos@1a1d6a08] output={null}]]]>
              </value>
            </param>
          </params>
          <reporter-output>
          </reporter-output>
        </test-method> <!-- getResult -->
        <test-method status="PASS" signature="register(java.lang.reflect.Method, java.lang.String)[pri:0, instance:com.lua.webbuyer.test.TestesNegativos@1a1d6a08]" name="register" is-config="true" duration-ms="4764" started-at="2018-05-18T13:49:56Z" finished-at="2018-05-18T13:50:00Z">
          <params>
            <param index="0">
              <value>
                <![CDATA[public void com.lua.webbuyer.test.TestesNegativos.testeNomeEmBranco()]]>
              </value>
            </param>
            <param index="1">
              <value>
                <![CDATA[Firefox]]>
              </value>
            </param>
          </params>
          <reporter-output>
          </reporter-output>
        </test-method> <!-- register -->
        <test-method status="PASS" signature="testeNomeEmBranco()[pri:0, instance:com.lua.webbuyer.test.TestesNegativos@1a1d6a08]" name="testeNomeEmBranco" duration-ms="10655" started-at="2018-05-18T13:50:00Z" description="Força a mensagem de warning no campo &#039;Nome&#039; na tela de Login." finished-at="2018-05-18T13:50:11Z">
          <reporter-output>
          </reporter-output>
        </test-method> <!-- testeNomeEmBranco -->
        <test-method status="PASS" signature="getResult(org.testng.ITestResult)[pri:0, instance:com.lua.webbuyer.test.TestesNegativos@1a1d6a08]" name="getResult" is-config="true" duration-ms="1191" started-at="2018-05-18T13:50:11Z" finished-at="2018-05-18T13:50:12Z">
          <params>
            <param index="0">
              <value>
                <![CDATA[[TestResult name=testeNomeEmBranco status=SUCCESS method=TestesNegativos.testeNomeEmBranco()[pri:0, instance:com.lua.webbuyer.test.TestesNegativos@1a1d6a08] output={null}]]]>
              </value>
            </param>
          </params>
          <reporter-output>
          </reporter-output>
        </test-method> <!-- getResult -->
        <test-method status="PASS" signature="register(java.lang.reflect.Method, java.lang.String)[pri:0, instance:com.lua.webbuyer.test.TestesNegativos@1a1d6a08]" name="register" is-config="true" duration-ms="5805" started-at="2018-05-18T13:50:12Z" finished-at="2018-05-18T13:50:18Z">
          <params>
            <param index="0">
              <value>
                <![CDATA[public void com.lua.webbuyer.test.TestesNegativos.testeNomeInvalido()]]>
              </value>
            </param>
            <param index="1">
              <value>
                <![CDATA[Firefox]]>
              </value>
            </param>
          </params>
          <reporter-output>
          </reporter-output>
        </test-method> <!-- register -->
        <test-method status="PASS" signature="testeNomeInvalido()[pri:0, instance:com.lua.webbuyer.test.TestesNegativos@1a1d6a08]" name="testeNomeInvalido" duration-ms="10201" started-at="2018-05-18T13:50:18Z" description="Força a mensagem de warning no campo &#039;Nome&#039; na tela de Login." finished-at="2018-05-18T13:50:28Z">
          <reporter-output>
          </reporter-output>
        </test-method> <!-- testeNomeInvalido -->
        <test-method status="PASS" signature="getResult(org.testng.ITestResult)[pri:0, instance:com.lua.webbuyer.test.TestesNegativos@1a1d6a08]" name="getResult" is-config="true" duration-ms="1183" started-at="2018-05-18T13:50:28Z" finished-at="2018-05-18T13:50:29Z">
          <params>
            <param index="0">
              <value>
                <![CDATA[[TestResult name=testeNomeInvalido status=SUCCESS method=TestesNegativos.testeNomeInvalido()[pri:0, instance:com.lua.webbuyer.test.TestesNegativos@1a1d6a08] output={null}]]]>
              </value>
            </param>
          </params>
          <reporter-output>
          </reporter-output>
        </test-method> <!-- getResult -->
        <test-method status="PASS" signature="register(java.lang.reflect.Method, java.lang.String)[pri:0, instance:com.lua.webbuyer.test.TestesNegativos@1a1d6a08]" name="register" is-config="true" duration-ms="5613" started-at="2018-05-18T13:50:29Z" finished-at="2018-05-18T13:50:35Z">
          <params>
            <param index="0">
              <value>
                <![CDATA[public void com.lua.webbuyer.test.TestesNegativos.testeSenhaCadastroEmBranco()]]>
              </value>
            </param>
            <param index="1">
              <value>
                <![CDATA[Firefox]]>
              </value>
            </param>
          </params>
          <reporter-output>
          </reporter-output>
        </test-method> <!-- register -->
        <test-method status="PASS" signature="testeSenhaCadastroEmBranco()[pri:0, instance:com.lua.webbuyer.test.TestesNegativos@1a1d6a08]" name="testeSenhaCadastroEmBranco" duration-ms="10209" started-at="2018-05-18T13:50:35Z" description="Força a mensagem de warning no campo &#039;Senha de cadastro&#039; na tela de Login." finished-at="2018-05-18T13:50:45Z">
          <reporter-output>
          </reporter-output>
        </test-method> <!-- testeSenhaCadastroEmBranco -->
        <test-method status="PASS" signature="getResult(org.testng.ITestResult)[pri:0, instance:com.lua.webbuyer.test.TestesNegativos@1a1d6a08]" name="getResult" is-config="true" duration-ms="1316" started-at="2018-05-18T13:50:45Z" finished-at="2018-05-18T13:50:47Z">
          <params>
            <param index="0">
              <value>
                <![CDATA[[TestResult name=testeSenhaCadastroEmBranco status=SUCCESS method=TestesNegativos.testeSenhaCadastroEmBranco()[pri:0, instance:com.lua.webbuyer.test.TestesNegativos@1a1d6a08] output={null}]]]>
              </value>
            </param>
          </params>
          <reporter-output>
          </reporter-output>
        </test-method> <!-- getResult -->
      </class> <!-- com.lua.webbuyer.test.TestesNegativos -->
      <class name="com.lua.webbuyer.test.TestesCompra">
        <test-method status="PASS" signature="setup()[pri:0, instance:com.lua.webbuyer.test.TestesCompra@2173f6d9]" name="setup" is-config="true" duration-ms="432" started-at="2018-05-18T13:48:51Z" finished-at="2018-05-18T13:48:51Z">
          <reporter-output>
          </reporter-output>
        </test-method> <!-- setup -->
        <test-method status="PASS" signature="register(java.lang.reflect.Method, java.lang.String)[pri:0, instance:com.lua.webbuyer.test.TestesCompra@2173f6d9]" name="register" is-config="true" duration-ms="5023" started-at="2018-05-18T13:50:47Z" finished-at="2018-05-18T13:50:52Z">
          <params>
            <param index="0">
              <value>
                <![CDATA[public void com.lua.webbuyer.test.TestesCompra.Fluxo_de_Compras(java.lang.String,java.lang.String)]]>
              </value>
            </param>
            <param index="1">
              <value>
                <![CDATA[Firefox]]>
              </value>
            </param>
          </params>
          <reporter-output>
          </reporter-output>
        </test-method> <!-- register -->
        <test-method status="PASS" signature="Fluxo_de_Compras(java.lang.String, java.lang.String)[pri:0, instance:com.lua.webbuyer.test.TestesCompra@2173f6d9]" name="Fluxo_de_Compras" duration-ms="101069" started-at="2018-05-18T13:50:52Z" description="Simula uma compra em cada UF disponível." data-provider="test1" finished-at="2018-05-18T13:52:33Z">
          <params>
            <param index="0">
              <value>
                <![CDATA[Pijama Adulto Spiderman]]>
              </value>
            </param>
            <param index="1">
              <value>
                <![CDATA[AC]]>
              </value>
            </param>
          </params>
          <reporter-output>
          </reporter-output>
        </test-method> <!-- Fluxo_de_Compras -->
        <test-method status="PASS" signature="getResult(org.testng.ITestResult)[pri:0, instance:com.lua.webbuyer.test.TestesCompra@2173f6d9]" name="getResult" is-config="true" duration-ms="863" started-at="2018-05-18T13:52:33Z" finished-at="2018-05-18T13:52:34Z">
          <params>
            <param index="0">
              <value>
                <![CDATA[[TestResult name=Fluxo_de_Compras status=SUCCESS method=TestesCompra.Fluxo_de_Compras(java.lang.String, java.lang.String)[pri:0, instance:com.lua.webbuyer.test.TestesCompra@2173f6d9] output={null}]]]>
              </value>
            </param>
          </params>
          <reporter-output>
          </reporter-output>
        </test-method> <!-- getResult -->
        <test-method status="PASS" signature="register(java.lang.reflect.Method, java.lang.String)[pri:0, instance:com.lua.webbuyer.test.TestesCompra@2173f6d9]" name="register" is-config="true" duration-ms="4888" started-at="2018-05-18T13:52:34Z" finished-at="2018-05-18T13:52:38Z">
          <params>
            <param index="0">
              <value>
                <![CDATA[public void com.lua.webbuyer.test.TestesCompra.Fluxo_de_Compras(java.lang.String,java.lang.String)]]>
              </value>
            </param>
            <param index="1">
              <value>
                <![CDATA[Firefox]]>
              </value>
            </param>
          </params>
          <reporter-output>
          </reporter-output>
        </test-method> <!-- register -->
        <test-method status="PASS" signature="Fluxo_de_Compras(java.lang.String, java.lang.String)[pri:0, instance:com.lua.webbuyer.test.TestesCompra@2173f6d9]" name="Fluxo_de_Compras" duration-ms="103593" started-at="2018-05-18T13:52:38Z" description="Simula uma compra em cada UF disponível." data-provider="test1" finished-at="2018-05-18T13:54:22Z">
          <params>
            <param index="0">
              <value>
                <![CDATA[Pijama Adulto Spiderman]]>
              </value>
            </param>
            <param index="1">
              <value>
                <![CDATA[AL]]>
              </value>
            </param>
          </params>
          <reporter-output>
          </reporter-output>
        </test-method> <!-- Fluxo_de_Compras -->
        <test-method status="PASS" signature="getResult(org.testng.ITestResult)[pri:0, instance:com.lua.webbuyer.test.TestesCompra@2173f6d9]" name="getResult" is-config="true" duration-ms="877" started-at="2018-05-18T13:54:22Z" finished-at="2018-05-18T13:54:23Z">
          <params>
            <param index="0">
              <value>
                <![CDATA[[TestResult name=Fluxo_de_Compras status=SUCCESS method=TestesCompra.Fluxo_de_Compras(java.lang.String, java.lang.String)[pri:0, instance:com.lua.webbuyer.test.TestesCompra@2173f6d9] output={null}]]]>
              </value>
            </param>
          </params>
          <reporter-output>
          </reporter-output>
        </test-method> <!-- getResult -->
        <test-method status="PASS" signature="register(java.lang.reflect.Method, java.lang.String)[pri:0, instance:com.lua.webbuyer.test.TestesCompra@2173f6d9]" name="register" is-config="true" duration-ms="6357" started-at="2018-05-18T13:54:23Z" finished-at="2018-05-18T13:54:29Z">
          <params>
            <param index="0">
              <value>
                <![CDATA[public void com.lua.webbuyer.test.TestesCompra.Fluxo_de_Compras(java.lang.String,java.lang.String)]]>
              </value>
            </param>
            <param index="1">
              <value>
                <![CDATA[Firefox]]>
              </value>
            </param>
          </params>
          <reporter-output>
          </reporter-output>
        </test-method> <!-- register -->
        <test-method status="FAIL" signature="Fluxo_de_Compras(java.lang.String, java.lang.String)[pri:0, instance:com.lua.webbuyer.test.TestesCompra@2173f6d9]" name="Fluxo_de_Compras" duration-ms="3933" started-at="2018-05-18T13:54:29Z" description="Simula uma compra em cada UF disponível." data-provider="test1" finished-at="2018-05-18T13:54:33Z">
          <params>
            <param index="0">
              <value>
                <![CDATA[Pijama Adulto Spiderman]]>
              </value>
            </param>
            <param index="1">
              <value>
                <![CDATA[AM]]>
              </value>
            </param>
          </params>
          <exception class="java.lang.AssertionError">
            <message>
              <![CDATA[Test Failed]]>
            </message>
            <full-stacktrace>
              <![CDATA[java.lang.AssertionError: Test Failed
	at com.lua.webbuyer.test.TestesCompra.Fluxo_de_Compras(TestesCompra.java:43)
]]>
            </full-stacktrace>
          </exception> <!-- java.lang.AssertionError -->
          <reporter-output>
          </reporter-output>
        </test-method> <!-- Fluxo_de_Compras -->
        <test-method status="FAIL" signature="getResult(org.testng.ITestResult)[pri:0, instance:com.lua.webbuyer.test.TestesCompra@2173f6d9]" name="getResult" is-config="true" duration-ms="0" started-at="2018-05-18T13:54:33Z" finished-at="2018-05-18T13:54:33Z">
          <params>
            <param index="0">
              <value>
                <![CDATA[[TestResult name=Fluxo_de_Compras status=FAILURE method=TestesCompra.Fluxo_de_Compras(java.lang.String, java.lang.String)[pri:0, instance:com.lua.webbuyer.test.TestesCompra@2173f6d9] output={null}]]]>
              </value>
            </param>
          </params>
          <exception class="org.openqa.selenium.SessionNotCreatedException">
            <message>
              <![CDATA[Tried to run command without establishing a connection
Build info: version: '3.11.0', revision: 'e59cfb3', time: '2018-03-11T20:26:55.152Z'
System info: host: 'Guminis-Mac-mini.local', ip: 'fe80:0:0:0:14df:14b4:e921:a3b6%en0', os.name: 'Mac OS X', os.arch: 'x86_64', os.version: '10.13.4', java.version: '1.8.0_161'
Driver info: org.openqa.selenium.firefox.FirefoxDriver
Capabilities {acceptInsecureCerts: true, browserName: firefox, browserVersion: 54.0.1, javascriptEnabled: true, moz:accessibilityChecks: false, moz:processID: 2415, moz:profile: /var/folders/pp/1jtdrljj4ls..., pageLoadStrategy: normal, platform: MAC, platformName: MAC, platformVersion: 17.5.0, rotatable: false, specificationLevel: 0, timeouts: {implicit: 0, pageLoad: 300000, script: 30000}}
Session ID: ea043b64-5cce-e545-b4c1-6cedd74d5658]]>
            </message>
            <full-stacktrace>
              <![CDATA[org.openqa.selenium.SessionNotCreatedException: Tried to run command without establishing a connection
Build info: version: '3.11.0', revision: 'e59cfb3', time: '2018-03-11T20:26:55.152Z'
System info: host: 'Guminis-Mac-mini.local', ip: 'fe80:0:0:0:14df:14b4:e921:a3b6%en0', os.name: 'Mac OS X', os.arch: 'x86_64', os.version: '10.13.4', java.version: '1.8.0_161'
Driver info: org.openqa.selenium.firefox.FirefoxDriver
Capabilities {acceptInsecureCerts: true, browserName: firefox, browserVersion: 54.0.1, javascriptEnabled: true, moz:accessibilityChecks: false, moz:processID: 2415, moz:profile: /var/folders/pp/1jtdrljj4ls..., pageLoadStrategy: normal, platform: MAC, platformName: MAC, platformVersion: 17.5.0, rotatable: false, specificationLevel: 0, timeouts: {implicit: 0, pageLoad: 300000, script: 30000}}
Session ID: ea043b64-5cce-e545-b4c1-6cedd74d5658
	at org.openqa.selenium.remote.http.W3CHttpResponseCodec.createException(W3CHttpResponseCodec.java:187)
	at org.openqa.selenium.remote.http.W3CHttpResponseCodec.decode(W3CHttpResponseCodec.java:122)
	at org.openqa.selenium.remote.http.W3CHttpResponseCodec.decode(W3CHttpResponseCodec.java:49)
	at org.openqa.selenium.remote.HttpCommandExecutor.execute(HttpCommandExecutor.java:158)
	at org.openqa.selenium.remote.service.DriverCommandExecutor.execute(DriverCommandExecutor.java:83)
	at org.openqa.selenium.remote.RemoteWebDriver.execute(RemoteWebDriver.java:545)
	at org.openqa.selenium.remote.RemoteWebDriver.execute(RemoteWebDriver.java:602)
	at org.openqa.selenium.remote.RemoteWebDriver.getScreenshotAs(RemoteWebDriver.java:291)
	at com.lua.webbuyer.utils.getScreenshot.Capture(getScreenshot.java:24)
	at com.lua.webbuyer.extent.reports.ReportExtent.getResult(ReportExtent.java:81)
]]>
            </full-stacktrace>
          </exception> <!-- org.openqa.selenium.SessionNotCreatedException -->
          <reporter-output>
          </reporter-output>
        </test-method> <!-- getResult -->
        <test-method status="SKIP" signature="register(java.lang.reflect.Method, java.lang.String)[pri:0, instance:com.lua.webbuyer.test.TestesCompra@2173f6d9]" name="register" is-config="true" duration-ms="0" started-at="2018-05-18T13:54:33Z" finished-at="2018-05-18T13:54:33Z">
          <reporter-output>
          </reporter-output>
        </test-method> <!-- register -->
        <test-method status="SKIP" signature="Fluxo_de_Compras(java.lang.String, java.lang.String)[pri:0, instance:com.lua.webbuyer.test.TestesCompra@2173f6d9]" name="Fluxo_de_Compras" duration-ms="4" started-at="2018-05-18T13:54:33Z" description="Simula uma compra em cada UF disponível." data-provider="test1" finished-at="2018-05-18T13:54:33Z">
          <params>
            <param index="0">
              <value>
                <![CDATA[Pijama Adulto Spiderman]]>
              </value>
            </param>
            <param index="1">
              <value>
                <![CDATA[AP]]>
              </value>
            </param>
          </params>
          <reporter-output>
          </reporter-output>
        </test-method> <!-- Fluxo_de_Compras -->
        <test-method status="FAIL" signature="getResult(org.testng.ITestResult)[pri:0, instance:com.lua.webbuyer.test.TestesCompra@2173f6d9]" name="getResult" is-config="true" duration-ms="0" started-at="2018-05-18T13:54:33Z" finished-at="2018-05-18T13:54:33Z">
          <params>
            <param index="0">
              <value>
                <![CDATA[[TestResult name=Fluxo_de_Compras status=SKIP method=TestesCompra.Fluxo_de_Compras(java.lang.String, java.lang.String)[pri:0, instance:com.lua.webbuyer.test.TestesCompra@2173f6d9] output={null}]]]>
              </value>
            </param>
          </params>
          <exception class="org.openqa.selenium.SessionNotCreatedException">
            <message>
              <![CDATA[Tried to run command without establishing a connection
Build info: version: '3.11.0', revision: 'e59cfb3', time: '2018-03-11T20:26:55.152Z'
System info: host: 'Guminis-Mac-mini.local', ip: 'fe80:0:0:0:14df:14b4:e921:a3b6%en0', os.name: 'Mac OS X', os.arch: 'x86_64', os.version: '10.13.4', java.version: '1.8.0_161'
Driver info: org.openqa.selenium.firefox.FirefoxDriver
Capabilities {acceptInsecureCerts: true, browserName: firefox, browserVersion: 54.0.1, javascriptEnabled: true, moz:accessibilityChecks: false, moz:processID: 2415, moz:profile: /var/folders/pp/1jtdrljj4ls..., pageLoadStrategy: normal, platform: MAC, platformName: MAC, platformVersion: 17.5.0, rotatable: false, specificationLevel: 0, timeouts: {implicit: 0, pageLoad: 300000, script: 30000}}
Session ID: ea043b64-5cce-e545-b4c1-6cedd74d5658]]>
            </message>
            <full-stacktrace>
              <![CDATA[org.openqa.selenium.SessionNotCreatedException: Tried to run command without establishing a connection
Build info: version: '3.11.0', revision: 'e59cfb3', time: '2018-03-11T20:26:55.152Z'
System info: host: 'Guminis-Mac-mini.local', ip: 'fe80:0:0:0:14df:14b4:e921:a3b6%en0', os.name: 'Mac OS X', os.arch: 'x86_64', os.version: '10.13.4', java.version: '1.8.0_161'
Driver info: org.openqa.selenium.firefox.FirefoxDriver
Capabilities {acceptInsecureCerts: true, browserName: firefox, browserVersion: 54.0.1, javascriptEnabled: true, moz:accessibilityChecks: false, moz:processID: 2415, moz:profile: /var/folders/pp/1jtdrljj4ls..., pageLoadStrategy: normal, platform: MAC, platformName: MAC, platformVersion: 17.5.0, rotatable: false, specificationLevel: 0, timeouts: {implicit: 0, pageLoad: 300000, script: 30000}}
Session ID: ea043b64-5cce-e545-b4c1-6cedd74d5658
	at org.openqa.selenium.remote.http.W3CHttpResponseCodec.createException(W3CHttpResponseCodec.java:187)
	at org.openqa.selenium.remote.http.W3CHttpResponseCodec.decode(W3CHttpResponseCodec.java:122)
	at org.openqa.selenium.remote.http.W3CHttpResponseCodec.decode(W3CHttpResponseCodec.java:49)
	at org.openqa.selenium.remote.HttpCommandExecutor.execute(HttpCommandExecutor.java:158)
	at org.openqa.selenium.remote.service.DriverCommandExecutor.execute(DriverCommandExecutor.java:83)
	at org.openqa.selenium.remote.RemoteWebDriver.execute(RemoteWebDriver.java:545)
	at org.openqa.selenium.remote.RemoteWebDriver.execute(RemoteWebDriver.java:602)
	at org.openqa.selenium.remote.RemoteWebDriver.getScreenshotAs(RemoteWebDriver.java:291)
	at com.lua.webbuyer.utils.getScreenshot.Capture(getScreenshot.java:24)
	at com.lua.webbuyer.extent.reports.ReportExtent.getResult(ReportExtent.java:81)
]]>
            </full-stacktrace>
          </exception> <!-- org.openqa.selenium.SessionNotCreatedException -->
          <reporter-output>
          </reporter-output>
        </test-method> <!-- getResult -->
        <test-method status="SKIP" signature="register(java.lang.reflect.Method, java.lang.String)[pri:0, instance:com.lua.webbuyer.test.TestesCompra@2173f6d9]" name="register" is-config="true" duration-ms="0" started-at="2018-05-18T13:54:33Z" finished-at="2018-05-18T13:54:33Z">
          <reporter-output>
          </reporter-output>
        </test-method> <!-- register -->
        <test-method status="SKIP" signature="Fluxo_de_Compras(java.lang.String, java.lang.String)[pri:0, instance:com.lua.webbuyer.test.TestesCompra@2173f6d9]" name="Fluxo_de_Compras" duration-ms="1" started-at="2018-05-18T13:54:33Z" description="Simula uma compra em cada UF disponível." data-provider="test1" finished-at="2018-05-18T13:54:33Z">
          <params>
            <param index="0">
              <value>
                <![CDATA[Pijama Adulto Spiderman]]>
              </value>
            </param>
            <param index="1">
              <value>
                <![CDATA[BA]]>
              </value>
            </param>
          </params>
          <reporter-output>
          </reporter-output>
        </test-method> <!-- Fluxo_de_Compras -->
        <test-method status="FAIL" signature="getResult(org.testng.ITestResult)[pri:0, instance:com.lua.webbuyer.test.TestesCompra@2173f6d9]" name="getResult" is-config="true" duration-ms="0" started-at="2018-05-18T13:54:33Z" finished-at="2018-05-18T13:54:33Z">
          <params>
            <param index="0">
              <value>
                <![CDATA[[TestResult name=Fluxo_de_Compras status=SKIP method=TestesCompra.Fluxo_de_Compras(java.lang.String, java.lang.String)[pri:0, instance:com.lua.webbuyer.test.TestesCompra@2173f6d9] output={null}]]]>
              </value>
            </param>
          </params>
          <exception class="org.openqa.selenium.SessionNotCreatedException">
            <message>
              <![CDATA[Tried to run command without establishing a connection
Build info: version: '3.11.0', revision: 'e59cfb3', time: '2018-03-11T20:26:55.152Z'
System info: host: 'Guminis-Mac-mini.local', ip: 'fe80:0:0:0:14df:14b4:e921:a3b6%en0', os.name: 'Mac OS X', os.arch: 'x86_64', os.version: '10.13.4', java.version: '1.8.0_161'
Driver info: org.openqa.selenium.firefox.FirefoxDriver
Capabilities {acceptInsecureCerts: true, browserName: firefox, browserVersion: 54.0.1, javascriptEnabled: true, moz:accessibilityChecks: false, moz:processID: 2415, moz:profile: /var/folders/pp/1jtdrljj4ls..., pageLoadStrategy: normal, platform: MAC, platformName: MAC, platformVersion: 17.5.0, rotatable: false, specificationLevel: 0, timeouts: {implicit: 0, pageLoad: 300000, script: 30000}}
Session ID: ea043b64-5cce-e545-b4c1-6cedd74d5658]]>
            </message>
            <full-stacktrace>
              <![CDATA[org.openqa.selenium.SessionNotCreatedException: Tried to run command without establishing a connection
Build info: version: '3.11.0', revision: 'e59cfb3', time: '2018-03-11T20:26:55.152Z'
System info: host: 'Guminis-Mac-mini.local', ip: 'fe80:0:0:0:14df:14b4:e921:a3b6%en0', os.name: 'Mac OS X', os.arch: 'x86_64', os.version: '10.13.4', java.version: '1.8.0_161'
Driver info: org.openqa.selenium.firefox.FirefoxDriver
Capabilities {acceptInsecureCerts: true, browserName: firefox, browserVersion: 54.0.1, javascriptEnabled: true, moz:accessibilityChecks: false, moz:processID: 2415, moz:profile: /var/folders/pp/1jtdrljj4ls..., pageLoadStrategy: normal, platform: MAC, platformName: MAC, platformVersion: 17.5.0, rotatable: false, specificationLevel: 0, timeouts: {implicit: 0, pageLoad: 300000, script: 30000}}
Session ID: ea043b64-5cce-e545-b4c1-6cedd74d5658
	at org.openqa.selenium.remote.http.W3CHttpResponseCodec.createException(W3CHttpResponseCodec.java:187)
	at org.openqa.selenium.remote.http.W3CHttpResponseCodec.decode(W3CHttpResponseCodec.java:122)
	at org.openqa.selenium.remote.http.W3CHttpResponseCodec.decode(W3CHttpResponseCodec.java:49)
	at org.openqa.selenium.remote.HttpCommandExecutor.execute(HttpCommandExecutor.java:158)
	at org.openqa.selenium.remote.service.DriverCommandExecutor.execute(DriverCommandExecutor.java:83)
	at org.openqa.selenium.remote.RemoteWebDriver.execute(RemoteWebDriver.java:545)
	at org.openqa.selenium.remote.RemoteWebDriver.execute(RemoteWebDriver.java:602)
	at org.openqa.selenium.remote.RemoteWebDriver.getScreenshotAs(RemoteWebDriver.java:291)
	at com.lua.webbuyer.utils.getScreenshot.Capture(getScreenshot.java:24)
	at com.lua.webbuyer.extent.reports.ReportExtent.getResult(ReportExtent.java:81)
]]>
            </full-stacktrace>
          </exception> <!-- org.openqa.selenium.SessionNotCreatedException -->
          <reporter-output>
          </reporter-output>
        </test-method> <!-- getResult -->
        <test-method status="SKIP" signature="register(java.lang.reflect.Method, java.lang.String)[pri:0, instance:com.lua.webbuyer.test.TestesCompra@2173f6d9]" name="register" is-config="true" duration-ms="0" started-at="2018-05-18T13:54:33Z" finished-at="2018-05-18T13:54:33Z">
          <reporter-output>
          </reporter-output>
        </test-method> <!-- register -->
        <test-method status="SKIP" signature="Fluxo_de_Compras(java.lang.String, java.lang.String)[pri:0, instance:com.lua.webbuyer.test.TestesCompra@2173f6d9]" name="Fluxo_de_Compras" duration-ms="1" started-at="2018-05-18T13:54:33Z" description="Simula uma compra em cada UF disponível." data-provider="test1" finished-at="2018-05-18T13:54:33Z">
          <params>
            <param index="0">
              <value>
                <![CDATA[Pijama Adulto Spiderman]]>
              </value>
            </param>
            <param index="1">
              <value>
                <![CDATA[CE]]>
              </value>
            </param>
          </params>
          <reporter-output>
          </reporter-output>
        </test-method> <!-- Fluxo_de_Compras -->
        <test-method status="FAIL" signature="getResult(org.testng.ITestResult)[pri:0, instance:com.lua.webbuyer.test.TestesCompra@2173f6d9]" name="getResult" is-config="true" duration-ms="0" started-at="2018-05-18T13:54:33Z" finished-at="2018-05-18T13:54:33Z">
          <params>
            <param index="0">
              <value>
                <![CDATA[[TestResult name=Fluxo_de_Compras status=SKIP method=TestesCompra.Fluxo_de_Compras(java.lang.String, java.lang.String)[pri:0, instance:com.lua.webbuyer.test.TestesCompra@2173f6d9] output={null}]]]>
              </value>
            </param>
          </params>
          <exception class="org.openqa.selenium.SessionNotCreatedException">
            <message>
              <![CDATA[Tried to run command without establishing a connection
Build info: version: '3.11.0', revision: 'e59cfb3', time: '2018-03-11T20:26:55.152Z'
System info: host: 'Guminis-Mac-mini.local', ip: 'fe80:0:0:0:14df:14b4:e921:a3b6%en0', os.name: 'Mac OS X', os.arch: 'x86_64', os.version: '10.13.4', java.version: '1.8.0_161'
Driver info: org.openqa.selenium.firefox.FirefoxDriver
Capabilities {acceptInsecureCerts: true, browserName: firefox, browserVersion: 54.0.1, javascriptEnabled: true, moz:accessibilityChecks: false, moz:processID: 2415, moz:profile: /var/folders/pp/1jtdrljj4ls..., pageLoadStrategy: normal, platform: MAC, platformName: MAC, platformVersion: 17.5.0, rotatable: false, specificationLevel: 0, timeouts: {implicit: 0, pageLoad: 300000, script: 30000}}
Session ID: ea043b64-5cce-e545-b4c1-6cedd74d5658]]>
            </message>
            <full-stacktrace>
              <![CDATA[org.openqa.selenium.SessionNotCreatedException: Tried to run command without establishing a connection
Build info: version: '3.11.0', revision: 'e59cfb3', time: '2018-03-11T20:26:55.152Z'
System info: host: 'Guminis-Mac-mini.local', ip: 'fe80:0:0:0:14df:14b4:e921:a3b6%en0', os.name: 'Mac OS X', os.arch: 'x86_64', os.version: '10.13.4', java.version: '1.8.0_161'
Driver info: org.openqa.selenium.firefox.FirefoxDriver
Capabilities {acceptInsecureCerts: true, browserName: firefox, browserVersion: 54.0.1, javascriptEnabled: true, moz:accessibilityChecks: false, moz:processID: 2415, moz:profile: /var/folders/pp/1jtdrljj4ls..., pageLoadStrategy: normal, platform: MAC, platformName: MAC, platformVersion: 17.5.0, rotatable: false, specificationLevel: 0, timeouts: {implicit: 0, pageLoad: 300000, script: 30000}}
Session ID: ea043b64-5cce-e545-b4c1-6cedd74d5658
	at org.openqa.selenium.remote.http.W3CHttpResponseCodec.createException(W3CHttpResponseCodec.java:187)
	at org.openqa.selenium.remote.http.W3CHttpResponseCodec.decode(W3CHttpResponseCodec.java:122)
	at org.openqa.selenium.remote.http.W3CHttpResponseCodec.decode(W3CHttpResponseCodec.java:49)
	at org.openqa.selenium.remote.HttpCommandExecutor.execute(HttpCommandExecutor.java:158)
	at org.openqa.selenium.remote.service.DriverCommandExecutor.execute(DriverCommandExecutor.java:83)
	at org.openqa.selenium.remote.RemoteWebDriver.execute(RemoteWebDriver.java:545)
	at org.openqa.selenium.remote.RemoteWebDriver.execute(RemoteWebDriver.java:602)
	at org.openqa.selenium.remote.RemoteWebDriver.getScreenshotAs(RemoteWebDriver.java:291)
	at com.lua.webbuyer.utils.getScreenshot.Capture(getScreenshot.java:24)
	at com.lua.webbuyer.extent.reports.ReportExtent.getResult(ReportExtent.java:81)
]]>
            </full-stacktrace>
          </exception> <!-- org.openqa.selenium.SessionNotCreatedException -->
          <reporter-output>
          </reporter-output>
        </test-method> <!-- getResult -->
        <test-method status="SKIP" signature="register(java.lang.reflect.Method, java.lang.String)[pri:0, instance:com.lua.webbuyer.test.TestesCompra@2173f6d9]" name="register" is-config="true" duration-ms="0" started-at="2018-05-18T13:54:33Z" finished-at="2018-05-18T13:54:33Z">
          <reporter-output>
          </reporter-output>
        </test-method> <!-- register -->
        <test-method status="SKIP" signature="Fluxo_de_Compras(java.lang.String, java.lang.String)[pri:0, instance:com.lua.webbuyer.test.TestesCompra@2173f6d9]" name="Fluxo_de_Compras" duration-ms="2" started-at="2018-05-18T13:54:33Z" description="Simula uma compra em cada UF disponível." data-provider="test1" finished-at="2018-05-18T13:54:33Z">
          <params>
            <param index="0">
              <value>
                <![CDATA[Pijama Adulto Spiderman]]>
              </value>
            </param>
            <param index="1">
              <value>
                <![CDATA[DF]]>
              </value>
            </param>
          </params>
          <reporter-output>
          </reporter-output>
        </test-method> <!-- Fluxo_de_Compras -->
        <test-method status="FAIL" signature="getResult(org.testng.ITestResult)[pri:0, instance:com.lua.webbuyer.test.TestesCompra@2173f6d9]" name="getResult" is-config="true" duration-ms="0" started-at="2018-05-18T13:54:33Z" finished-at="2018-05-18T13:54:33Z">
          <params>
            <param index="0">
              <value>
                <![CDATA[[TestResult name=Fluxo_de_Compras status=SKIP method=TestesCompra.Fluxo_de_Compras(java.lang.String, java.lang.String)[pri:0, instance:com.lua.webbuyer.test.TestesCompra@2173f6d9] output={null}]]]>
              </value>
            </param>
          </params>
          <exception class="org.openqa.selenium.SessionNotCreatedException">
            <message>
              <![CDATA[Tried to run command without establishing a connection
Build info: version: '3.11.0', revision: 'e59cfb3', time: '2018-03-11T20:26:55.152Z'
System info: host: 'Guminis-Mac-mini.local', ip: 'fe80:0:0:0:14df:14b4:e921:a3b6%en0', os.name: 'Mac OS X', os.arch: 'x86_64', os.version: '10.13.4', java.version: '1.8.0_161'
Driver info: org.openqa.selenium.firefox.FirefoxDriver
Capabilities {acceptInsecureCerts: true, browserName: firefox, browserVersion: 54.0.1, javascriptEnabled: true, moz:accessibilityChecks: false, moz:processID: 2415, moz:profile: /var/folders/pp/1jtdrljj4ls..., pageLoadStrategy: normal, platform: MAC, platformName: MAC, platformVersion: 17.5.0, rotatable: false, specificationLevel: 0, timeouts: {implicit: 0, pageLoad: 300000, script: 30000}}
Session ID: ea043b64-5cce-e545-b4c1-6cedd74d5658]]>
            </message>
            <full-stacktrace>
              <![CDATA[org.openqa.selenium.SessionNotCreatedException: Tried to run command without establishing a connection
Build info: version: '3.11.0', revision: 'e59cfb3', time: '2018-03-11T20:26:55.152Z'
System info: host: 'Guminis-Mac-mini.local', ip: 'fe80:0:0:0:14df:14b4:e921:a3b6%en0', os.name: 'Mac OS X', os.arch: 'x86_64', os.version: '10.13.4', java.version: '1.8.0_161'
Driver info: org.openqa.selenium.firefox.FirefoxDriver
Capabilities {acceptInsecureCerts: true, browserName: firefox, browserVersion: 54.0.1, javascriptEnabled: true, moz:accessibilityChecks: false, moz:processID: 2415, moz:profile: /var/folders/pp/1jtdrljj4ls..., pageLoadStrategy: normal, platform: MAC, platformName: MAC, platformVersion: 17.5.0, rotatable: false, specificationLevel: 0, timeouts: {implicit: 0, pageLoad: 300000, script: 30000}}
Session ID: ea043b64-5cce-e545-b4c1-6cedd74d5658
	at org.openqa.selenium.remote.http.W3CHttpResponseCodec.createException(W3CHttpResponseCodec.java:187)
	at org.openqa.selenium.remote.http.W3CHttpResponseCodec.decode(W3CHttpResponseCodec.java:122)
	at org.openqa.selenium.remote.http.W3CHttpResponseCodec.decode(W3CHttpResponseCodec.java:49)
	at org.openqa.selenium.remote.HttpCommandExecutor.execute(HttpCommandExecutor.java:158)
	at org.openqa.selenium.remote.service.DriverCommandExecutor.execute(DriverCommandExecutor.java:83)
	at org.openqa.selenium.remote.RemoteWebDriver.execute(RemoteWebDriver.java:545)
	at org.openqa.selenium.remote.RemoteWebDriver.execute(RemoteWebDriver.java:602)
	at org.openqa.selenium.remote.RemoteWebDriver.getScreenshotAs(RemoteWebDriver.java:291)
	at com.lua.webbuyer.utils.getScreenshot.Capture(getScreenshot.java:24)
	at com.lua.webbuyer.extent.reports.ReportExtent.getResult(ReportExtent.java:81)
]]>
            </full-stacktrace>
          </exception> <!-- org.openqa.selenium.SessionNotCreatedException -->
          <reporter-output>
          </reporter-output>
        </test-method> <!-- getResult -->
        <test-method status="SKIP" signature="register(java.lang.reflect.Method, java.lang.String)[pri:0, instance:com.lua.webbuyer.test.TestesCompra@2173f6d9]" name="register" is-config="true" duration-ms="0" started-at="2018-05-18T13:54:33Z" finished-at="2018-05-18T13:54:33Z">
          <reporter-output>
          </reporter-output>
        </test-method> <!-- register -->
        <test-method status="SKIP" signature="Fluxo_de_Compras(java.lang.String, java.lang.String)[pri:0, instance:com.lua.webbuyer.test.TestesCompra@2173f6d9]" name="Fluxo_de_Compras" duration-ms="1" started-at="2018-05-18T13:54:33Z" description="Simula uma compra em cada UF disponível." data-provider="test1" finished-at="2018-05-18T13:54:33Z">
          <params>
            <param index="0">
              <value>
                <![CDATA[Pijama Adulto Spiderman]]>
              </value>
            </param>
            <param index="1">
              <value>
                <![CDATA[ES]]>
              </value>
            </param>
          </params>
          <reporter-output>
          </reporter-output>
        </test-method> <!-- Fluxo_de_Compras -->
        <test-method status="FAIL" signature="getResult(org.testng.ITestResult)[pri:0, instance:com.lua.webbuyer.test.TestesCompra@2173f6d9]" name="getResult" is-config="true" duration-ms="0" started-at="2018-05-18T13:54:33Z" finished-at="2018-05-18T13:54:33Z">
          <params>
            <param index="0">
              <value>
                <![CDATA[[TestResult name=Fluxo_de_Compras status=SKIP method=TestesCompra.Fluxo_de_Compras(java.lang.String, java.lang.String)[pri:0, instance:com.lua.webbuyer.test.TestesCompra@2173f6d9] output={null}]]]>
              </value>
            </param>
          </params>
          <exception class="org.openqa.selenium.SessionNotCreatedException">
            <message>
              <![CDATA[Tried to run command without establishing a connection
Build info: version: '3.11.0', revision: 'e59cfb3', time: '2018-03-11T20:26:55.152Z'
System info: host: 'Guminis-Mac-mini.local', ip: 'fe80:0:0:0:14df:14b4:e921:a3b6%en0', os.name: 'Mac OS X', os.arch: 'x86_64', os.version: '10.13.4', java.version: '1.8.0_161'
Driver info: org.openqa.selenium.firefox.FirefoxDriver
Capabilities {acceptInsecureCerts: true, browserName: firefox, browserVersion: 54.0.1, javascriptEnabled: true, moz:accessibilityChecks: false, moz:processID: 2415, moz:profile: /var/folders/pp/1jtdrljj4ls..., pageLoadStrategy: normal, platform: MAC, platformName: MAC, platformVersion: 17.5.0, rotatable: false, specificationLevel: 0, timeouts: {implicit: 0, pageLoad: 300000, script: 30000}}
Session ID: ea043b64-5cce-e545-b4c1-6cedd74d5658]]>
            </message>
            <full-stacktrace>
              <![CDATA[org.openqa.selenium.SessionNotCreatedException: Tried to run command without establishing a connection
Build info: version: '3.11.0', revision: 'e59cfb3', time: '2018-03-11T20:26:55.152Z'
System info: host: 'Guminis-Mac-mini.local', ip: 'fe80:0:0:0:14df:14b4:e921:a3b6%en0', os.name: 'Mac OS X', os.arch: 'x86_64', os.version: '10.13.4', java.version: '1.8.0_161'
Driver info: org.openqa.selenium.firefox.FirefoxDriver
Capabilities {acceptInsecureCerts: true, browserName: firefox, browserVersion: 54.0.1, javascriptEnabled: true, moz:accessibilityChecks: false, moz:processID: 2415, moz:profile: /var/folders/pp/1jtdrljj4ls..., pageLoadStrategy: normal, platform: MAC, platformName: MAC, platformVersion: 17.5.0, rotatable: false, specificationLevel: 0, timeouts: {implicit: 0, pageLoad: 300000, script: 30000}}
Session ID: ea043b64-5cce-e545-b4c1-6cedd74d5658
	at org.openqa.selenium.remote.http.W3CHttpResponseCodec.createException(W3CHttpResponseCodec.java:187)
	at org.openqa.selenium.remote.http.W3CHttpResponseCodec.decode(W3CHttpResponseCodec.java:122)
	at org.openqa.selenium.remote.http.W3CHttpResponseCodec.decode(W3CHttpResponseCodec.java:49)
	at org.openqa.selenium.remote.HttpCommandExecutor.execute(HttpCommandExecutor.java:158)
	at org.openqa.selenium.remote.service.DriverCommandExecutor.execute(DriverCommandExecutor.java:83)
	at org.openqa.selenium.remote.RemoteWebDriver.execute(RemoteWebDriver.java:545)
	at org.openqa.selenium.remote.RemoteWebDriver.execute(RemoteWebDriver.java:602)
	at org.openqa.selenium.remote.RemoteWebDriver.getScreenshotAs(RemoteWebDriver.java:291)
	at com.lua.webbuyer.utils.getScreenshot.Capture(getScreenshot.java:24)
	at com.lua.webbuyer.extent.reports.ReportExtent.getResult(ReportExtent.java:81)
]]>
            </full-stacktrace>
          </exception> <!-- org.openqa.selenium.SessionNotCreatedException -->
          <reporter-output>
          </reporter-output>
        </test-method> <!-- getResult -->
        <test-method status="SKIP" signature="register(java.lang.reflect.Method, java.lang.String)[pri:0, instance:com.lua.webbuyer.test.TestesCompra@2173f6d9]" name="register" is-config="true" duration-ms="0" started-at="2018-05-18T13:54:33Z" finished-at="2018-05-18T13:54:33Z">
          <reporter-output>
          </reporter-output>
        </test-method> <!-- register -->
        <test-method status="SKIP" signature="Fluxo_de_Compras(java.lang.String, java.lang.String)[pri:0, instance:com.lua.webbuyer.test.TestesCompra@2173f6d9]" name="Fluxo_de_Compras" duration-ms="1" started-at="2018-05-18T13:54:33Z" description="Simula uma compra em cada UF disponível." data-provider="test1" finished-at="2018-05-18T13:54:33Z">
          <params>
            <param index="0">
              <value>
                <![CDATA[Pijama Adulto Spiderman]]>
              </value>
            </param>
            <param index="1">
              <value>
                <![CDATA[GO]]>
              </value>
            </param>
          </params>
          <reporter-output>
          </reporter-output>
        </test-method> <!-- Fluxo_de_Compras -->
        <test-method status="FAIL" signature="getResult(org.testng.ITestResult)[pri:0, instance:com.lua.webbuyer.test.TestesCompra@2173f6d9]" name="getResult" is-config="true" duration-ms="0" started-at="2018-05-18T13:54:33Z" finished-at="2018-05-18T13:54:33Z">
          <params>
            <param index="0">
              <value>
                <![CDATA[[TestResult name=Fluxo_de_Compras status=SKIP method=TestesCompra.Fluxo_de_Compras(java.lang.String, java.lang.String)[pri:0, instance:com.lua.webbuyer.test.TestesCompra@2173f6d9] output={null}]]]>
              </value>
            </param>
          </params>
          <exception class="org.openqa.selenium.SessionNotCreatedException">
            <message>
              <![CDATA[Tried to run command without establishing a connection
Build info: version: '3.11.0', revision: 'e59cfb3', time: '2018-03-11T20:26:55.152Z'
System info: host: 'Guminis-Mac-mini.local', ip: 'fe80:0:0:0:14df:14b4:e921:a3b6%en0', os.name: 'Mac OS X', os.arch: 'x86_64', os.version: '10.13.4', java.version: '1.8.0_161'
Driver info: org.openqa.selenium.firefox.FirefoxDriver
Capabilities {acceptInsecureCerts: true, browserName: firefox, browserVersion: 54.0.1, javascriptEnabled: true, moz:accessibilityChecks: false, moz:processID: 2415, moz:profile: /var/folders/pp/1jtdrljj4ls..., pageLoadStrategy: normal, platform: MAC, platformName: MAC, platformVersion: 17.5.0, rotatable: false, specificationLevel: 0, timeouts: {implicit: 0, pageLoad: 300000, script: 30000}}
Session ID: ea043b64-5cce-e545-b4c1-6cedd74d5658]]>
            </message>
            <full-stacktrace>
              <![CDATA[org.openqa.selenium.SessionNotCreatedException: Tried to run command without establishing a connection
Build info: version: '3.11.0', revision: 'e59cfb3', time: '2018-03-11T20:26:55.152Z'
System info: host: 'Guminis-Mac-mini.local', ip: 'fe80:0:0:0:14df:14b4:e921:a3b6%en0', os.name: 'Mac OS X', os.arch: 'x86_64', os.version: '10.13.4', java.version: '1.8.0_161'
Driver info: org.openqa.selenium.firefox.FirefoxDriver
Capabilities {acceptInsecureCerts: true, browserName: firefox, browserVersion: 54.0.1, javascriptEnabled: true, moz:accessibilityChecks: false, moz:processID: 2415, moz:profile: /var/folders/pp/1jtdrljj4ls..., pageLoadStrategy: normal, platform: MAC, platformName: MAC, platformVersion: 17.5.0, rotatable: false, specificationLevel: 0, timeouts: {implicit: 0, pageLoad: 300000, script: 30000}}
Session ID: ea043b64-5cce-e545-b4c1-6cedd74d5658
	at org.openqa.selenium.remote.http.W3CHttpResponseCodec.createException(W3CHttpResponseCodec.java:187)
	at org.openqa.selenium.remote.http.W3CHttpResponseCodec.decode(W3CHttpResponseCodec.java:122)
	at org.openqa.selenium.remote.http.W3CHttpResponseCodec.decode(W3CHttpResponseCodec.java:49)
	at org.openqa.selenium.remote.HttpCommandExecutor.execute(HttpCommandExecutor.java:158)
	at org.openqa.selenium.remote.service.DriverCommandExecutor.execute(DriverCommandExecutor.java:83)
	at org.openqa.selenium.remote.RemoteWebDriver.execute(RemoteWebDriver.java:545)
	at org.openqa.selenium.remote.RemoteWebDriver.execute(RemoteWebDriver.java:602)
	at org.openqa.selenium.remote.RemoteWebDriver.getScreenshotAs(RemoteWebDriver.java:291)
	at com.lua.webbuyer.utils.getScreenshot.Capture(getScreenshot.java:24)
	at com.lua.webbuyer.extent.reports.ReportExtent.getResult(ReportExtent.java:81)
]]>
            </full-stacktrace>
          </exception> <!-- org.openqa.selenium.SessionNotCreatedException -->
          <reporter-output>
          </reporter-output>
        </test-method> <!-- getResult -->
        <test-method status="SKIP" signature="register(java.lang.reflect.Method, java.lang.String)[pri:0, instance:com.lua.webbuyer.test.TestesCompra@2173f6d9]" name="register" is-config="true" duration-ms="0" started-at="2018-05-18T13:54:33Z" finished-at="2018-05-18T13:54:33Z">
          <reporter-output>
          </reporter-output>
        </test-method> <!-- register -->
        <test-method status="SKIP" signature="Fluxo_de_Compras(java.lang.String, java.lang.String)[pri:0, instance:com.lua.webbuyer.test.TestesCompra@2173f6d9]" name="Fluxo_de_Compras" duration-ms="1" started-at="2018-05-18T13:54:33Z" description="Simula uma compra em cada UF disponível." data-provider="test1" finished-at="2018-05-18T13:54:33Z">
          <params>
            <param index="0">
              <value>
                <![CDATA[Pijama Adulto Spiderman]]>
              </value>
            </param>
            <param index="1">
              <value>
                <![CDATA[MA]]>
              </value>
            </param>
          </params>
          <reporter-output>
          </reporter-output>
        </test-method> <!-- Fluxo_de_Compras -->
        <test-method status="FAIL" signature="getResult(org.testng.ITestResult)[pri:0, instance:com.lua.webbuyer.test.TestesCompra@2173f6d9]" name="getResult" is-config="true" duration-ms="0" started-at="2018-05-18T13:54:33Z" finished-at="2018-05-18T13:54:33Z">
          <params>
            <param index="0">
              <value>
                <![CDATA[[TestResult name=Fluxo_de_Compras status=SKIP method=TestesCompra.Fluxo_de_Compras(java.lang.String, java.lang.String)[pri:0, instance:com.lua.webbuyer.test.TestesCompra@2173f6d9] output={null}]]]>
              </value>
            </param>
          </params>
          <exception class="org.openqa.selenium.SessionNotCreatedException">
            <message>
              <![CDATA[Tried to run command without establishing a connection
Build info: version: '3.11.0', revision: 'e59cfb3', time: '2018-03-11T20:26:55.152Z'
System info: host: 'Guminis-Mac-mini.local', ip: 'fe80:0:0:0:14df:14b4:e921:a3b6%en0', os.name: 'Mac OS X', os.arch: 'x86_64', os.version: '10.13.4', java.version: '1.8.0_161'
Driver info: org.openqa.selenium.firefox.FirefoxDriver
Capabilities {acceptInsecureCerts: true, browserName: firefox, browserVersion: 54.0.1, javascriptEnabled: true, moz:accessibilityChecks: false, moz:processID: 2415, moz:profile: /var/folders/pp/1jtdrljj4ls..., pageLoadStrategy: normal, platform: MAC, platformName: MAC, platformVersion: 17.5.0, rotatable: false, specificationLevel: 0, timeouts: {implicit: 0, pageLoad: 300000, script: 30000}}
Session ID: ea043b64-5cce-e545-b4c1-6cedd74d5658]]>
            </message>
            <full-stacktrace>
              <![CDATA[org.openqa.selenium.SessionNotCreatedException: Tried to run command without establishing a connection
Build info: version: '3.11.0', revision: 'e59cfb3', time: '2018-03-11T20:26:55.152Z'
System info: host: 'Guminis-Mac-mini.local', ip: 'fe80:0:0:0:14df:14b4:e921:a3b6%en0', os.name: 'Mac OS X', os.arch: 'x86_64', os.version: '10.13.4', java.version: '1.8.0_161'
Driver info: org.openqa.selenium.firefox.FirefoxDriver
Capabilities {acceptInsecureCerts: true, browserName: firefox, browserVersion: 54.0.1, javascriptEnabled: true, moz:accessibilityChecks: false, moz:processID: 2415, moz:profile: /var/folders/pp/1jtdrljj4ls..., pageLoadStrategy: normal, platform: MAC, platformName: MAC, platformVersion: 17.5.0, rotatable: false, specificationLevel: 0, timeouts: {implicit: 0, pageLoad: 300000, script: 30000}}
Session ID: ea043b64-5cce-e545-b4c1-6cedd74d5658
	at org.openqa.selenium.remote.http.W3CHttpResponseCodec.createException(W3CHttpResponseCodec.java:187)
	at org.openqa.selenium.remote.http.W3CHttpResponseCodec.decode(W3CHttpResponseCodec.java:122)
	at org.openqa.selenium.remote.http.W3CHttpResponseCodec.decode(W3CHttpResponseCodec.java:49)
	at org.openqa.selenium.remote.HttpCommandExecutor.execute(HttpCommandExecutor.java:158)
	at org.openqa.selenium.remote.service.DriverCommandExecutor.execute(DriverCommandExecutor.java:83)
	at org.openqa.selenium.remote.RemoteWebDriver.execute(RemoteWebDriver.java:545)
	at org.openqa.selenium.remote.RemoteWebDriver.execute(RemoteWebDriver.java:602)
	at org.openqa.selenium.remote.RemoteWebDriver.getScreenshotAs(RemoteWebDriver.java:291)
	at com.lua.webbuyer.utils.getScreenshot.Capture(getScreenshot.java:24)
	at com.lua.webbuyer.extent.reports.ReportExtent.getResult(ReportExtent.java:81)
]]>
            </full-stacktrace>
          </exception> <!-- org.openqa.selenium.SessionNotCreatedException -->
          <reporter-output>
          </reporter-output>
        </test-method> <!-- getResult -->
        <test-method status="SKIP" signature="register(java.lang.reflect.Method, java.lang.String)[pri:0, instance:com.lua.webbuyer.test.TestesCompra@2173f6d9]" name="register" is-config="true" duration-ms="0" started-at="2018-05-18T13:54:33Z" finished-at="2018-05-18T13:54:33Z">
          <reporter-output>
          </reporter-output>
        </test-method> <!-- register -->
        <test-method status="SKIP" signature="Fluxo_de_Compras(java.lang.String, java.lang.String)[pri:0, instance:com.lua.webbuyer.test.TestesCompra@2173f6d9]" name="Fluxo_de_Compras" duration-ms="1" started-at="2018-05-18T13:54:33Z" description="Simula uma compra em cada UF disponível." data-provider="test1" finished-at="2018-05-18T13:54:33Z">
          <params>
            <param index="0">
              <value>
                <![CDATA[Pijama Adulto Spiderman]]>
              </value>
            </param>
            <param index="1">
              <value>
                <![CDATA[MG]]>
              </value>
            </param>
          </params>
          <reporter-output>
          </reporter-output>
        </test-method> <!-- Fluxo_de_Compras -->
        <test-method status="FAIL" signature="getResult(org.testng.ITestResult)[pri:0, instance:com.lua.webbuyer.test.TestesCompra@2173f6d9]" name="getResult" is-config="true" duration-ms="0" started-at="2018-05-18T13:54:33Z" finished-at="2018-05-18T13:54:33Z">
          <params>
            <param index="0">
              <value>
                <![CDATA[[TestResult name=Fluxo_de_Compras status=SKIP method=TestesCompra.Fluxo_de_Compras(java.lang.String, java.lang.String)[pri:0, instance:com.lua.webbuyer.test.TestesCompra@2173f6d9] output={null}]]]>
              </value>
            </param>
          </params>
          <exception class="org.openqa.selenium.SessionNotCreatedException">
            <message>
              <![CDATA[Tried to run command without establishing a connection
Build info: version: '3.11.0', revision: 'e59cfb3', time: '2018-03-11T20:26:55.152Z'
System info: host: 'Guminis-Mac-mini.local', ip: 'fe80:0:0:0:14df:14b4:e921:a3b6%en0', os.name: 'Mac OS X', os.arch: 'x86_64', os.version: '10.13.4', java.version: '1.8.0_161'
Driver info: org.openqa.selenium.firefox.FirefoxDriver
Capabilities {acceptInsecureCerts: true, browserName: firefox, browserVersion: 54.0.1, javascriptEnabled: true, moz:accessibilityChecks: false, moz:processID: 2415, moz:profile: /var/folders/pp/1jtdrljj4ls..., pageLoadStrategy: normal, platform: MAC, platformName: MAC, platformVersion: 17.5.0, rotatable: false, specificationLevel: 0, timeouts: {implicit: 0, pageLoad: 300000, script: 30000}}
Session ID: ea043b64-5cce-e545-b4c1-6cedd74d5658]]>
            </message>
            <full-stacktrace>
              <![CDATA[org.openqa.selenium.SessionNotCreatedException: Tried to run command without establishing a connection
Build info: version: '3.11.0', revision: 'e59cfb3', time: '2018-03-11T20:26:55.152Z'
System info: host: 'Guminis-Mac-mini.local', ip: 'fe80:0:0:0:14df:14b4:e921:a3b6%en0', os.name: 'Mac OS X', os.arch: 'x86_64', os.version: '10.13.4', java.version: '1.8.0_161'
Driver info: org.openqa.selenium.firefox.FirefoxDriver
Capabilities {acceptInsecureCerts: true, browserName: firefox, browserVersion: 54.0.1, javascriptEnabled: true, moz:accessibilityChecks: false, moz:processID: 2415, moz:profile: /var/folders/pp/1jtdrljj4ls..., pageLoadStrategy: normal, platform: MAC, platformName: MAC, platformVersion: 17.5.0, rotatable: false, specificationLevel: 0, timeouts: {implicit: 0, pageLoad: 300000, script: 30000}}
Session ID: ea043b64-5cce-e545-b4c1-6cedd74d5658
	at org.openqa.selenium.remote.http.W3CHttpResponseCodec.createException(W3CHttpResponseCodec.java:187)
	at org.openqa.selenium.remote.http.W3CHttpResponseCodec.decode(W3CHttpResponseCodec.java:122)
	at org.openqa.selenium.remote.http.W3CHttpResponseCodec.decode(W3CHttpResponseCodec.java:49)
	at org.openqa.selenium.remote.HttpCommandExecutor.execute(HttpCommandExecutor.java:158)
	at org.openqa.selenium.remote.service.DriverCommandExecutor.execute(DriverCommandExecutor.java:83)
	at org.openqa.selenium.remote.RemoteWebDriver.execute(RemoteWebDriver.java:545)
	at org.openqa.selenium.remote.RemoteWebDriver.execute(RemoteWebDriver.java:602)
	at org.openqa.selenium.remote.RemoteWebDriver.getScreenshotAs(RemoteWebDriver.java:291)
	at com.lua.webbuyer.utils.getScreenshot.Capture(getScreenshot.java:24)
	at com.lua.webbuyer.extent.reports.ReportExtent.getResult(ReportExtent.java:81)
]]>
            </full-stacktrace>
          </exception> <!-- org.openqa.selenium.SessionNotCreatedException -->
          <reporter-output>
          </reporter-output>
        </test-method> <!-- getResult -->
        <test-method status="SKIP" signature="register(java.lang.reflect.Method, java.lang.String)[pri:0, instance:com.lua.webbuyer.test.TestesCompra@2173f6d9]" name="register" is-config="true" duration-ms="0" started-at="2018-05-18T13:54:33Z" finished-at="2018-05-18T13:54:33Z">
          <reporter-output>
          </reporter-output>
        </test-method> <!-- register -->
        <test-method status="SKIP" signature="Fluxo_de_Compras(java.lang.String, java.lang.String)[pri:0, instance:com.lua.webbuyer.test.TestesCompra@2173f6d9]" name="Fluxo_de_Compras" duration-ms="1" started-at="2018-05-18T13:54:33Z" description="Simula uma compra em cada UF disponível." data-provider="test1" finished-at="2018-05-18T13:54:33Z">
          <params>
            <param index="0">
              <value>
                <![CDATA[Pijama Adulto Spiderman]]>
              </value>
            </param>
            <param index="1">
              <value>
                <![CDATA[MS]]>
              </value>
            </param>
          </params>
          <reporter-output>
          </reporter-output>
        </test-method> <!-- Fluxo_de_Compras -->
        <test-method status="FAIL" signature="getResult(org.testng.ITestResult)[pri:0, instance:com.lua.webbuyer.test.TestesCompra@2173f6d9]" name="getResult" is-config="true" duration-ms="0" started-at="2018-05-18T13:54:33Z" finished-at="2018-05-18T13:54:33Z">
          <params>
            <param index="0">
              <value>
                <![CDATA[[TestResult name=Fluxo_de_Compras status=SKIP method=TestesCompra.Fluxo_de_Compras(java.lang.String, java.lang.String)[pri:0, instance:com.lua.webbuyer.test.TestesCompra@2173f6d9] output={null}]]]>
              </value>
            </param>
          </params>
          <exception class="org.openqa.selenium.SessionNotCreatedException">
            <message>
              <![CDATA[Tried to run command without establishing a connection
Build info: version: '3.11.0', revision: 'e59cfb3', time: '2018-03-11T20:26:55.152Z'
System info: host: 'Guminis-Mac-mini.local', ip: 'fe80:0:0:0:14df:14b4:e921:a3b6%en0', os.name: 'Mac OS X', os.arch: 'x86_64', os.version: '10.13.4', java.version: '1.8.0_161'
Driver info: org.openqa.selenium.firefox.FirefoxDriver
Capabilities {acceptInsecureCerts: true, browserName: firefox, browserVersion: 54.0.1, javascriptEnabled: true, moz:accessibilityChecks: false, moz:processID: 2415, moz:profile: /var/folders/pp/1jtdrljj4ls..., pageLoadStrategy: normal, platform: MAC, platformName: MAC, platformVersion: 17.5.0, rotatable: false, specificationLevel: 0, timeouts: {implicit: 0, pageLoad: 300000, script: 30000}}
Session ID: ea043b64-5cce-e545-b4c1-6cedd74d5658]]>
            </message>
            <full-stacktrace>
              <![CDATA[org.openqa.selenium.SessionNotCreatedException: Tried to run command without establishing a connection
Build info: version: '3.11.0', revision: 'e59cfb3', time: '2018-03-11T20:26:55.152Z'
System info: host: 'Guminis-Mac-mini.local', ip: 'fe80:0:0:0:14df:14b4:e921:a3b6%en0', os.name: 'Mac OS X', os.arch: 'x86_64', os.version: '10.13.4', java.version: '1.8.0_161'
Driver info: org.openqa.selenium.firefox.FirefoxDriver
Capabilities {acceptInsecureCerts: true, browserName: firefox, browserVersion: 54.0.1, javascriptEnabled: true, moz:accessibilityChecks: false, moz:processID: 2415, moz:profile: /var/folders/pp/1jtdrljj4ls..., pageLoadStrategy: normal, platform: MAC, platformName: MAC, platformVersion: 17.5.0, rotatable: false, specificationLevel: 0, timeouts: {implicit: 0, pageLoad: 300000, script: 30000}}
Session ID: ea043b64-5cce-e545-b4c1-6cedd74d5658
	at org.openqa.selenium.remote.http.W3CHttpResponseCodec.createException(W3CHttpResponseCodec.java:187)
	at org.openqa.selenium.remote.http.W3CHttpResponseCodec.decode(W3CHttpResponseCodec.java:122)
	at org.openqa.selenium.remote.http.W3CHttpResponseCodec.decode(W3CHttpResponseCodec.java:49)
	at org.openqa.selenium.remote.HttpCommandExecutor.execute(HttpCommandExecutor.java:158)
	at org.openqa.selenium.remote.service.DriverCommandExecutor.execute(DriverCommandExecutor.java:83)
	at org.openqa.selenium.remote.RemoteWebDriver.execute(RemoteWebDriver.java:545)
	at org.openqa.selenium.remote.RemoteWebDriver.execute(RemoteWebDriver.java:602)
	at org.openqa.selenium.remote.RemoteWebDriver.getScreenshotAs(RemoteWebDriver.java:291)
	at com.lua.webbuyer.utils.getScreenshot.Capture(getScreenshot.java:24)
	at com.lua.webbuyer.extent.reports.ReportExtent.getResult(ReportExtent.java:81)
]]>
            </full-stacktrace>
          </exception> <!-- org.openqa.selenium.SessionNotCreatedException -->
          <reporter-output>
          </reporter-output>
        </test-method> <!-- getResult -->
        <test-method status="SKIP" signature="register(java.lang.reflect.Method, java.lang.String)[pri:0, instance:com.lua.webbuyer.test.TestesCompra@2173f6d9]" name="register" is-config="true" duration-ms="0" started-at="2018-05-18T13:54:33Z" finished-at="2018-05-18T13:54:33Z">
          <reporter-output>
          </reporter-output>
        </test-method> <!-- register -->
        <test-method status="SKIP" signature="Fluxo_de_Compras(java.lang.String, java.lang.String)[pri:0, instance:com.lua.webbuyer.test.TestesCompra@2173f6d9]" name="Fluxo_de_Compras" duration-ms="1" started-at="2018-05-18T13:54:33Z" description="Simula uma compra em cada UF disponível." data-provider="test1" finished-at="2018-05-18T13:54:33Z">
          <params>
            <param index="0">
              <value>
                <![CDATA[Pijama Adulto Spiderman]]>
              </value>
            </param>
            <param index="1">
              <value>
                <![CDATA[MT]]>
              </value>
            </param>
          </params>
          <reporter-output>
          </reporter-output>
        </test-method> <!-- Fluxo_de_Compras -->
        <test-method status="FAIL" signature="getResult(org.testng.ITestResult)[pri:0, instance:com.lua.webbuyer.test.TestesCompra@2173f6d9]" name="getResult" is-config="true" duration-ms="0" started-at="2018-05-18T13:54:33Z" finished-at="2018-05-18T13:54:33Z">
          <params>
            <param index="0">
              <value>
                <![CDATA[[TestResult name=Fluxo_de_Compras status=SKIP method=TestesCompra.Fluxo_de_Compras(java.lang.String, java.lang.String)[pri:0, instance:com.lua.webbuyer.test.TestesCompra@2173f6d9] output={null}]]]>
              </value>
            </param>
          </params>
          <exception class="org.openqa.selenium.SessionNotCreatedException">
            <message>
              <![CDATA[Tried to run command without establishing a connection
Build info: version: '3.11.0', revision: 'e59cfb3', time: '2018-03-11T20:26:55.152Z'
System info: host: 'Guminis-Mac-mini.local', ip: 'fe80:0:0:0:14df:14b4:e921:a3b6%en0', os.name: 'Mac OS X', os.arch: 'x86_64', os.version: '10.13.4', java.version: '1.8.0_161'
Driver info: org.openqa.selenium.firefox.FirefoxDriver
Capabilities {acceptInsecureCerts: true, browserName: firefox, browserVersion: 54.0.1, javascriptEnabled: true, moz:accessibilityChecks: false, moz:processID: 2415, moz:profile: /var/folders/pp/1jtdrljj4ls..., pageLoadStrategy: normal, platform: MAC, platformName: MAC, platformVersion: 17.5.0, rotatable: false, specificationLevel: 0, timeouts: {implicit: 0, pageLoad: 300000, script: 30000}}
Session ID: ea043b64-5cce-e545-b4c1-6cedd74d5658]]>
            </message>
            <full-stacktrace>
              <![CDATA[org.openqa.selenium.SessionNotCreatedException: Tried to run command without establishing a connection
Build info: version: '3.11.0', revision: 'e59cfb3', time: '2018-03-11T20:26:55.152Z'
System info: host: 'Guminis-Mac-mini.local', ip: 'fe80:0:0:0:14df:14b4:e921:a3b6%en0', os.name: 'Mac OS X', os.arch: 'x86_64', os.version: '10.13.4', java.version: '1.8.0_161'
Driver info: org.openqa.selenium.firefox.FirefoxDriver
Capabilities {acceptInsecureCerts: true, browserName: firefox, browserVersion: 54.0.1, javascriptEnabled: true, moz:accessibilityChecks: false, moz:processID: 2415, moz:profile: /var/folders/pp/1jtdrljj4ls..., pageLoadStrategy: normal, platform: MAC, platformName: MAC, platformVersion: 17.5.0, rotatable: false, specificationLevel: 0, timeouts: {implicit: 0, pageLoad: 300000, script: 30000}}
Session ID: ea043b64-5cce-e545-b4c1-6cedd74d5658
	at org.openqa.selenium.remote.http.W3CHttpResponseCodec.createException(W3CHttpResponseCodec.java:187)
	at org.openqa.selenium.remote.http.W3CHttpResponseCodec.decode(W3CHttpResponseCodec.java:122)
	at org.openqa.selenium.remote.http.W3CHttpResponseCodec.decode(W3CHttpResponseCodec.java:49)
	at org.openqa.selenium.remote.HttpCommandExecutor.execute(HttpCommandExecutor.java:158)
	at org.openqa.selenium.remote.service.DriverCommandExecutor.execute(DriverCommandExecutor.java:83)
	at org.openqa.selenium.remote.RemoteWebDriver.execute(RemoteWebDriver.java:545)
	at org.openqa.selenium.remote.RemoteWebDriver.execute(RemoteWebDriver.java:602)
	at org.openqa.selenium.remote.RemoteWebDriver.getScreenshotAs(RemoteWebDriver.java:291)
	at com.lua.webbuyer.utils.getScreenshot.Capture(getScreenshot.java:24)
	at com.lua.webbuyer.extent.reports.ReportExtent.getResult(ReportExtent.java:81)
]]>
            </full-stacktrace>
          </exception> <!-- org.openqa.selenium.SessionNotCreatedException -->
          <reporter-output>
          </reporter-output>
        </test-method> <!-- getResult -->
        <test-method status="SKIP" signature="register(java.lang.reflect.Method, java.lang.String)[pri:0, instance:com.lua.webbuyer.test.TestesCompra@2173f6d9]" name="register" is-config="true" duration-ms="0" started-at="2018-05-18T13:54:33Z" finished-at="2018-05-18T13:54:33Z">
          <reporter-output>
          </reporter-output>
        </test-method> <!-- register -->
        <test-method status="SKIP" signature="Fluxo_de_Compras(java.lang.String, java.lang.String)[pri:0, instance:com.lua.webbuyer.test.TestesCompra@2173f6d9]" name="Fluxo_de_Compras" duration-ms="1" started-at="2018-05-18T13:54:33Z" description="Simula uma compra em cada UF disponível." data-provider="test1" finished-at="2018-05-18T13:54:33Z">
          <params>
            <param index="0">
              <value>
                <![CDATA[Pijama Adulto Spiderman]]>
              </value>
            </param>
            <param index="1">
              <value>
                <![CDATA[PA]]>
              </value>
            </param>
          </params>
          <reporter-output>
          </reporter-output>
        </test-method> <!-- Fluxo_de_Compras -->
        <test-method status="FAIL" signature="getResult(org.testng.ITestResult)[pri:0, instance:com.lua.webbuyer.test.TestesCompra@2173f6d9]" name="getResult" is-config="true" duration-ms="0" started-at="2018-05-18T13:54:33Z" finished-at="2018-05-18T13:54:33Z">
          <params>
            <param index="0">
              <value>
                <![CDATA[[TestResult name=Fluxo_de_Compras status=SKIP method=TestesCompra.Fluxo_de_Compras(java.lang.String, java.lang.String)[pri:0, instance:com.lua.webbuyer.test.TestesCompra@2173f6d9] output={null}]]]>
              </value>
            </param>
          </params>
          <exception class="org.openqa.selenium.SessionNotCreatedException">
            <message>
              <![CDATA[Tried to run command without establishing a connection
Build info: version: '3.11.0', revision: 'e59cfb3', time: '2018-03-11T20:26:55.152Z'
System info: host: 'Guminis-Mac-mini.local', ip: 'fe80:0:0:0:14df:14b4:e921:a3b6%en0', os.name: 'Mac OS X', os.arch: 'x86_64', os.version: '10.13.4', java.version: '1.8.0_161'
Driver info: org.openqa.selenium.firefox.FirefoxDriver
Capabilities {acceptInsecureCerts: true, browserName: firefox, browserVersion: 54.0.1, javascriptEnabled: true, moz:accessibilityChecks: false, moz:processID: 2415, moz:profile: /var/folders/pp/1jtdrljj4ls..., pageLoadStrategy: normal, platform: MAC, platformName: MAC, platformVersion: 17.5.0, rotatable: false, specificationLevel: 0, timeouts: {implicit: 0, pageLoad: 300000, script: 30000}}
Session ID: ea043b64-5cce-e545-b4c1-6cedd74d5658]]>
            </message>
            <full-stacktrace>
              <![CDATA[org.openqa.selenium.SessionNotCreatedException: Tried to run command without establishing a connection
Build info: version: '3.11.0', revision: 'e59cfb3', time: '2018-03-11T20:26:55.152Z'
System info: host: 'Guminis-Mac-mini.local', ip: 'fe80:0:0:0:14df:14b4:e921:a3b6%en0', os.name: 'Mac OS X', os.arch: 'x86_64', os.version: '10.13.4', java.version: '1.8.0_161'
Driver info: org.openqa.selenium.firefox.FirefoxDriver
Capabilities {acceptInsecureCerts: true, browserName: firefox, browserVersion: 54.0.1, javascriptEnabled: true, moz:accessibilityChecks: false, moz:processID: 2415, moz:profile: /var/folders/pp/1jtdrljj4ls..., pageLoadStrategy: normal, platform: MAC, platformName: MAC, platformVersion: 17.5.0, rotatable: false, specificationLevel: 0, timeouts: {implicit: 0, pageLoad: 300000, script: 30000}}
Session ID: ea043b64-5cce-e545-b4c1-6cedd74d5658
	at org.openqa.selenium.remote.http.W3CHttpResponseCodec.createException(W3CHttpResponseCodec.java:187)
	at org.openqa.selenium.remote.http.W3CHttpResponseCodec.decode(W3CHttpResponseCodec.java:122)
	at org.openqa.selenium.remote.http.W3CHttpResponseCodec.decode(W3CHttpResponseCodec.java:49)
	at org.openqa.selenium.remote.HttpCommandExecutor.execute(HttpCommandExecutor.java:158)
	at org.openqa.selenium.remote.service.DriverCommandExecutor.execute(DriverCommandExecutor.java:83)
	at org.openqa.selenium.remote.RemoteWebDriver.execute(RemoteWebDriver.java:545)
	at org.openqa.selenium.remote.RemoteWebDriver.execute(RemoteWebDriver.java:602)
	at org.openqa.selenium.remote.RemoteWebDriver.getScreenshotAs(RemoteWebDriver.java:291)
	at com.lua.webbuyer.utils.getScreenshot.Capture(getScreenshot.java:24)
	at com.lua.webbuyer.extent.reports.ReportExtent.getResult(ReportExtent.java:81)
]]>
            </full-stacktrace>
          </exception> <!-- org.openqa.selenium.SessionNotCreatedException -->
          <reporter-output>
          </reporter-output>
        </test-method> <!-- getResult -->
        <test-method status="SKIP" signature="register(java.lang.reflect.Method, java.lang.String)[pri:0, instance:com.lua.webbuyer.test.TestesCompra@2173f6d9]" name="register" is-config="true" duration-ms="0" started-at="2018-05-18T13:54:33Z" finished-at="2018-05-18T13:54:33Z">
          <reporter-output>
          </reporter-output>
        </test-method> <!-- register -->
        <test-method status="SKIP" signature="Fluxo_de_Compras(java.lang.String, java.lang.String)[pri:0, instance:com.lua.webbuyer.test.TestesCompra@2173f6d9]" name="Fluxo_de_Compras" duration-ms="1" started-at="2018-05-18T13:54:33Z" description="Simula uma compra em cada UF disponível." data-provider="test1" finished-at="2018-05-18T13:54:33Z">
          <params>
            <param index="0">
              <value>
                <![CDATA[Pijama Adulto Spiderman]]>
              </value>
            </param>
            <param index="1">
              <value>
                <![CDATA[PB]]>
              </value>
            </param>
          </params>
          <reporter-output>
          </reporter-output>
        </test-method> <!-- Fluxo_de_Compras -->
        <test-method status="FAIL" signature="getResult(org.testng.ITestResult)[pri:0, instance:com.lua.webbuyer.test.TestesCompra@2173f6d9]" name="getResult" is-config="true" duration-ms="0" started-at="2018-05-18T13:54:33Z" finished-at="2018-05-18T13:54:33Z">
          <params>
            <param index="0">
              <value>
                <![CDATA[[TestResult name=Fluxo_de_Compras status=SKIP method=TestesCompra.Fluxo_de_Compras(java.lang.String, java.lang.String)[pri:0, instance:com.lua.webbuyer.test.TestesCompra@2173f6d9] output={null}]]]>
[...]
	at org.openqa.selenium.remote.RemoteWebDriver.execute(RemoteWebDriver.java:602)
	at org.openqa.selenium.remote.RemoteWebDriver.getScreenshotAs(RemoteWebDriver.java:291)
	at com.lua.webbuyer.utils.getScreenshot.Capture(getScreenshot.java:24)
	at com.lua.webbuyer.extent.reports.ReportExtent.getResult(ReportExtent.java:81)
]]>
            </full-stacktrace>
          </exception> <!-- org.openqa.selenium.SessionNotCreatedException -->
          <reporter-output>
          </reporter-output>
        </test-method> <!-- getResult -->
        <test-method status="SKIP" signature="register(java.lang.reflect.Method, java.lang.String)[pri:0, instance:com.lua.webbuyer.test.TestesCompra@2173f6d9]" name="register" is-config="true" duration-ms="0" started-at="2018-05-18T13:54:34Z" finished-at="2018-05-18T13:54:34Z">
          <reporter-output>
          </reporter-output>
        </test-method> <!-- register -->
        <test-method status="SKIP" signature="Fluxo_de_Compras(java.lang.String, java.lang.String)[pri:0, instance:com.lua.webbuyer.test.TestesCompra@2173f6d9]" name="Fluxo_de_Compras" duration-ms="1" started-at="2018-05-18T13:54:34Z" description="Simula uma compra em cada UF disponível." data-provider="test1" finished-at="2018-05-18T13:54:34Z">
          <params>
            <param index="0">
              <value>
                <![CDATA[Pijama Adulto Spiderman]]>
              </value>
            </param>
            <param index="1">
              <value>
                <![CDATA[SC]]>
              </value>
            </param>
          </params>
          <reporter-output>
          </reporter-output>
        </test-method> <!-- Fluxo_de_Compras -->
        <test-method status="FAIL" signature="getResult(org.testng.ITestResult)[pri:0, instance:com.lua.webbuyer.test.TestesCompra@2173f6d9]" name="getResult" is-config="true" duration-ms="0" started-at="2018-05-18T13:54:34Z" finished-at="2018-05-18T13:54:34Z">
          <params>
            <param index="0">
              <value>
                <![CDATA[[TestResult name=Fluxo_de_Compras status=SKIP method=TestesCompra.Fluxo_de_Compras(java.lang.String, java.lang.String)[pri:0, instance:com.lua.webbuyer.test.TestesCompra@2173f6d9] output={null}]]]>
              </value>
            </param>
          </params>
          <exception class="org.openqa.selenium.SessionNotCreatedException">
            <message>
              <![CDATA[Tried to run command without establishing a connection
Build info: version: '3.11.0', revision: 'e59cfb3', time: '2018-03-11T20:26:55.152Z'
System info: host: 'Guminis-Mac-mini.local', ip: 'fe80:0:0:0:14df:14b4:e921:a3b6%en0', os.name: 'Mac OS X', os.arch: 'x86_64', os.version: '10.13.4', java.version: '1.8.0_161'
Driver info: org.openqa.selenium.firefox.FirefoxDriver
Capabilities {acceptInsecureCerts: true, browserName: firefox, browserVersion: 54.0.1, javascriptEnabled: true, moz:accessibilityChecks: false, moz:processID: 2415, moz:profile: /var/folders/pp/1jtdrljj4ls..., pageLoadStrategy: normal, platform: MAC, platformName: MAC, platformVersion: 17.5.0, rotatable: false, specificationLevel: 0, timeouts: {implicit: 0, pageLoad: 300000, script: 30000}}
Session ID: ea043b64-5cce-e545-b4c1-6cedd74d5658]]>
            </message>
            <full-stacktrace>
              <![CDATA[org.openqa.selenium.SessionNotCreatedException: Tried to run command without establishing a connection
Build info: version: '3.11.0', revision: 'e59cfb3', time: '2018-03-11T20:26:55.152Z'
System info: host: 'Guminis-Mac-mini.local', ip: 'fe80:0:0:0:14df:14b4:e921:a3b6%en0', os.name: 'Mac OS X', os.arch: 'x86_64', os.version: '10.13.4', java.version: '1.8.0_161'
Driver info: org.openqa.selenium.firefox.FirefoxDriver
Capabilities {acceptInsecureCerts: true, browserName: firefox, browserVersion: 54.0.1, javascriptEnabled: true, moz:accessibilityChecks: false, moz:processID: 2415, moz:profile: /var/folders/pp/1jtdrljj4ls..., pageLoadStrategy: normal, platform: MAC, platformName: MAC, platformVersion: 17.5.0, rotatable: false, specificationLevel: 0, timeouts: {implicit: 0, pageLoad: 300000, script: 30000}}
Session ID: ea043b64-5cce-e545-b4c1-6cedd74d5658
	at org.openqa.selenium.remote.http.W3CHttpResponseCodec.createException(W3CHttpResponseCodec.java:187)
	at org.openqa.selenium.remote.http.W3CHttpResponseCodec.decode(W3CHttpResponseCodec.java:122)
	at org.openqa.selenium.remote.http.W3CHttpResponseCodec.decode(W3CHttpResponseCodec.java:49)
	at org.openqa.selenium.remote.HttpCommandExecutor.execute(HttpCommandExecutor.java:158)
	at org.openqa.selenium.remote.service.DriverCommandExecutor.execute(DriverCommandExecutor.java:83)
	at org.openqa.selenium.remote.RemoteWebDriver.execute(RemoteWebDriver.java:545)
	at org.openqa.selenium.remote.RemoteWebDriver.execute(RemoteWebDriver.java:602)
	at org.openqa.selenium.remote.RemoteWebDriver.getScreenshotAs(RemoteWebDriver.java:291)
	at com.lua.webbuyer.utils.getScreenshot.Capture(getScreenshot.java:24)
	at com.lua.webbuyer.extent.reports.ReportExtent.getResult(ReportExtent.java:81)
]]>
            </full-stacktrace>
          </exception> <!-- org.openqa.selenium.SessionNotCreatedException -->
          <reporter-output>
          </reporter-output>
        </test-method> <!-- getResult -->
        <test-method status="SKIP" signature="register(java.lang.reflect.Method, java.lang.String)[pri:0, instance:com.lua.webbuyer.test.TestesCompra@2173f6d9]" name="register" is-config="true" duration-ms="0" started-at="2018-05-18T13:54:34Z" finished-at="2018-05-18T13:54:34Z">
          <reporter-output>
          </reporter-output>
        </test-method> <!-- register -->
        <test-method status="SKIP" signature="Fluxo_de_Compras(java.lang.String, java.lang.String)[pri:0, instance:com.lua.webbuyer.test.TestesCompra@2173f6d9]" name="Fluxo_de_Compras" duration-ms="3" started-at="2018-05-18T13:54:34Z" description="Simula uma compra em cada UF disponível." data-provider="test1" finished-at="2018-05-18T13:54:34Z">
          <params>
            <param index="0">
              <value>
                <![CDATA[Pijama Adulto Spiderman]]>
              </value>
            </param>
            <param index="1">
              <value>
                <![CDATA[SE]]>
              </value>
            </param>
          </params>
          <reporter-output>
          </reporter-output>
        </test-method> <!-- Fluxo_de_Compras -->
        <test-method status="FAIL" signature="getResult(org.testng.ITestResult)[pri:0, instance:com.lua.webbuyer.test.TestesCompra@2173f6d9]" name="getResult" is-config="true" duration-ms="0" started-at="2018-05-18T13:54:34Z" finished-at="2018-05-18T13:54:34Z">
          <params>
            <param index="0">
              <value>
                <![CDATA[[TestResult name=Fluxo_de_Compras status=SKIP method=TestesCompra.Fluxo_de_Compras(java.lang.String, java.lang.String)[pri:0, instance:com.lua.webbuyer.test.TestesCompra@2173f6d9] output={null}]]]>
              </value>
            </param>
          </params>
          <exception class="org.openqa.selenium.SessionNotCreatedException">
            <message>
              <![CDATA[Tried to run command without establishing a connection
Build info: version: '3.11.0', revision: 'e59cfb3', time: '2018-03-11T20:26:55.152Z'
System info: host: 'Guminis-Mac-mini.local', ip: 'fe80:0:0:0:14df:14b4:e921:a3b6%en0', os.name: 'Mac OS X', os.arch: 'x86_64', os.version: '10.13.4', java.version: '1.8.0_161'
Driver info: org.openqa.selenium.firefox.FirefoxDriver
Capabilities {acceptInsecureCerts: true, browserName: firefox, browserVersion: 54.0.1, javascriptEnabled: true, moz:accessibilityChecks: false, moz:processID: 2415, moz:profile: /var/folders/pp/1jtdrljj4ls..., pageLoadStrategy: normal, platform: MAC, platformName: MAC, platformVersion: 17.5.0, rotatable: false, specificationLevel: 0, timeouts: {implicit: 0, pageLoad: 300000, script: 30000}}
Session ID: ea043b64-5cce-e545-b4c1-6cedd74d5658]]>
            </message>
            <full-stacktrace>
              <![CDATA[org.openqa.selenium.SessionNotCreatedException: Tried to run command without establishing a connection
Build info: version: '3.11.0', revision: 'e59cfb3', time: '2018-03-11T20:26:55.152Z'
System info: host: 'Guminis-Mac-mini.local', ip: 'fe80:0:0:0:14df:14b4:e921:a3b6%en0', os.name: 'Mac OS X', os.arch: 'x86_64', os.version: '10.13.4', java.version: '1.8.0_161'
Driver info: org.openqa.selenium.firefox.FirefoxDriver
Capabilities {acceptInsecureCerts: true, browserName: firefox, browserVersion: 54.0.1, javascriptEnabled: true, moz:accessibilityChecks: false, moz:processID: 2415, moz:profile: /var/folders/pp/1jtdrljj4ls..., pageLoadStrategy: normal, platform: MAC, platformName: MAC, platformVersion: 17.5.0, rotatable: false, specificationLevel: 0, timeouts: {implicit: 0, pageLoad: 300000, script: 30000}}
Session ID: ea043b64-5cce-e545-b4c1-6cedd74d5658
	at org.openqa.selenium.remote.http.W3CHttpResponseCodec.createException(W3CHttpResponseCodec.java:187)
	at org.openqa.selenium.remote.http.W3CHttpResponseCodec.decode(W3CHttpResponseCodec.java:122)
	at org.openqa.selenium.remote.http.W3CHttpResponseCodec.decode(W3CHttpResponseCodec.java:49)
	at org.openqa.selenium.remote.HttpCommandExecutor.execute(HttpCommandExecutor.java:158)
	at org.openqa.selenium.remote.service.DriverCommandExecutor.execute(DriverCommandExecutor.java:83)
	at org.openqa.selenium.remote.RemoteWebDriver.execute(RemoteWebDriver.java:545)
	at org.openqa.selenium.remote.RemoteWebDriver.execute(RemoteWebDriver.java:602)
	at org.openqa.selenium.remote.RemoteWebDriver.getScreenshotAs(RemoteWebDriver.java:291)
	at com.lua.webbuyer.utils.getScreenshot.Capture(getScreenshot.java:24)
	at com.lua.webbuyer.extent.reports.ReportExtent.getResult(ReportExtent.java:81)
]]>
            </full-stacktrace>
          </exception> <!-- org.openqa.selenium.SessionNotCreatedException -->
          <reporter-output>
          </reporter-output>
        </test-method> <!-- getResult -->
        <test-method status="SKIP" signature="register(java.lang.reflect.Method, java.lang.String)[pri:0, instance:com.lua.webbuyer.test.TestesCompra@2173f6d9]" name="register" is-config="true" duration-ms="0" started-at="2018-05-18T13:54:34Z" finished-at="2018-05-18T13:54:34Z">
          <reporter-output>
          </reporter-output>
        </test-method> <!-- register -->
        <test-method status="SKIP" signature="Fluxo_de_Compras(java.lang.String, java.lang.String)[pri:0, instance:com.lua.webbuyer.test.TestesCompra@2173f6d9]" name="Fluxo_de_Compras" duration-ms="1" started-at="2018-05-18T13:54:34Z" description="Simula uma compra em cada UF disponível." data-provider="test1" finished-at="2018-05-18T13:54:34Z">
          <params>
            <param index="0">
              <value>
                <![CDATA[Pijama Adulto Spiderman]]>
              </value>
            </param>
            <param index="1">
              <value>
                <![CDATA[SP]]>
              </value>
            </param>
          </params>
          <reporter-output>
          </reporter-output>
        </test-method> <!-- Fluxo_de_Compras -->
        <test-method status="FAIL" signature="getResult(org.testng.ITestResult)[pri:0, instance:com.lua.webbuyer.test.TestesCompra@2173f6d9]" name="getResult" is-config="true" duration-ms="0" started-at="2018-05-18T13:54:34Z" finished-at="2018-05-18T13:54:34Z">
          <params>
            <param index="0">
              <value>
                <![CDATA[[TestResult name=Fluxo_de_Compras status=SKIP method=TestesCompra.Fluxo_de_Compras(java.lang.String, java.lang.String)[pri:0, instance:com.lua.webbuyer.test.TestesCompra@2173f6d9] output={null}]]]>
              </value>
            </param>
          </params>
          <exception class="org.openqa.selenium.SessionNotCreatedException">
            <message>
              <![CDATA[Tried to run command without establishing a connection
Build info: version: '3.11.0', revision: 'e59cfb3', time: '2018-03-11T20:26:55.152Z'
System info: host: 'Guminis-Mac-mini.local', ip: 'fe80:0:0:0:14df:14b4:e921:a3b6%en0', os.name: 'Mac OS X', os.arch: 'x86_64', os.version: '10.13.4', java.version: '1.8.0_161'
Driver info: org.openqa.selenium.firefox.FirefoxDriver
Capabilities {acceptInsecureCerts: true, browserName: firefox, browserVersion: 54.0.1, javascriptEnabled: true, moz:accessibilityChecks: false, moz:processID: 2415, moz:profile: /var/folders/pp/1jtdrljj4ls..., pageLoadStrategy: normal, platform: MAC, platformName: MAC, platformVersion: 17.5.0, rotatable: false, specificationLevel: 0, timeouts: {implicit: 0, pageLoad: 300000, script: 30000}}
Session ID: ea043b64-5cce-e545-b4c1-6cedd74d5658]]>
            </message>
            <full-stacktrace>
              <![CDATA[org.openqa.selenium.SessionNotCreatedException: Tried to run command without establishing a connection
Build info: version: '3.11.0', revision: 'e59cfb3', time: '2018-03-11T20:26:55.152Z'
System info: host: 'Guminis-Mac-mini.local', ip: 'fe80:0:0:0:14df:14b4:e921:a3b6%en0', os.name: 'Mac OS X', os.arch: 'x86_64', os.version: '10.13.4', java.version: '1.8.0_161'
Driver info: org.openqa.selenium.firefox.FirefoxDriver
Capabilities {acceptInsecureCerts: true, browserName: firefox, browserVersion: 54.0.1, javascriptEnabled: true, moz:accessibilityChecks: false, moz:processID: 2415, moz:profile: /var/folders/pp/1jtdrljj4ls..., pageLoadStrategy: normal, platform: MAC, platformName: MAC, platformVersion: 17.5.0, rotatable: false, specificationLevel: 0, timeouts: {implicit: 0, pageLoad: 300000, script: 30000}}
Session ID: ea043b64-5cce-e545-b4c1-6cedd74d5658
	at org.openqa.selenium.remote.http.W3CHttpResponseCodec.createException(W3CHttpResponseCodec.java:187)
	at org.openqa.selenium.remote.http.W3CHttpResponseCodec.decode(W3CHttpResponseCodec.java:122)
	at org.openqa.selenium.remote.http.W3CHttpResponseCodec.decode(W3CHttpResponseCodec.java:49)
	at org.openqa.selenium.remote.HttpCommandExecutor.execute(HttpCommandExecutor.java:158)
	at org.openqa.selenium.remote.service.DriverCommandExecutor.execute(DriverCommandExecutor.java:83)
	at org.openqa.selenium.remote.RemoteWebDriver.execute(RemoteWebDriver.java:545)
	at org.openqa.selenium.remote.RemoteWebDriver.execute(RemoteWebDriver.java:602)
	at org.openqa.selenium.remote.RemoteWebDriver.getScreenshotAs(RemoteWebDriver.java:291)
	at com.lua.webbuyer.utils.getScreenshot.Capture(getScreenshot.java:24)
	at com.lua.webbuyer.extent.reports.ReportExtent.getResult(ReportExtent.java:81)
]]>
            </full-stacktrace>
          </exception> <!-- org.openqa.selenium.SessionNotCreatedException -->
          <reporter-output>
          </reporter-output>
        </test-method> <!-- getResult -->
        <test-method status="SKIP" signature="register(java.lang.reflect.Method, java.lang.String)[pri:0, instance:com.lua.webbuyer.test.TestesCompra@2173f6d9]" name="register" is-config="true" duration-ms="0" started-at="2018-05-18T13:54:34Z" finished-at="2018-05-18T13:54:34Z">
          <reporter-output>
          </reporter-output>
        </test-method> <!-- register -->
        <test-method status="SKIP" signature="Fluxo_de_Compras(java.lang.String, java.lang.String)[pri:0, instance:com.lua.webbuyer.test.TestesCompra@2173f6d9]" name="Fluxo_de_Compras" duration-ms="1" started-at="2018-05-18T13:54:34Z" description="Simula uma compra em cada UF disponível." data-provider="test1" finished-at="2018-05-18T13:54:34Z">
          <params>
            <param index="0">
              <value>
                <![CDATA[Pijama Adulto Spiderman]]>
              </value>
            </param>
            <param index="1">
              <value>
                <![CDATA[TO]]>
              </value>
            </param>
          </params>
          <reporter-output>
          </reporter-output>
        </test-method> <!-- Fluxo_de_Compras -->
        <test-method status="FAIL" signature="getResult(org.testng.ITestResult)[pri:0, instance:com.lua.webbuyer.test.TestesCompra@2173f6d9]" name="getResult" is-config="true" duration-ms="0" started-at="2018-05-18T13:54:34Z" finished-at="2018-05-18T13:54:34Z">
          <params>
            <param index="0">
              <value>
                <![CDATA[[TestResult name=Fluxo_de_Compras status=SKIP method=TestesCompra.Fluxo_de_Compras(java.lang.String, java.lang.String)[pri:0, instance:com.lua.webbuyer.test.TestesCompra@2173f6d9] output={null}]]]>
              </value>
            </param>
          </params>
          <exception class="org.openqa.selenium.SessionNotCreatedException">
            <message>
              <![CDATA[Tried to run command without establishing a connection
Build info: version: '3.11.0', revision: 'e59cfb3', time: '2018-03-11T20:26:55.152Z'
System info: host: 'Guminis-Mac-mini.local', ip: 'fe80:0:0:0:14df:14b4:e921:a3b6%en0', os.name: 'Mac OS X', os.arch: 'x86_64', os.version: '10.13.4', java.version: '1.8.0_161'
Driver info: org.openqa.selenium.firefox.FirefoxDriver
Capabilities {acceptInsecureCerts: true, browserName: firefox, browserVersion: 54.0.1, javascriptEnabled: true, moz:accessibilityChecks: false, moz:processID: 2415, moz:profile: /var/folders/pp/1jtdrljj4ls..., pageLoadStrategy: normal, platform: MAC, platformName: MAC, platformVersion: 17.5.0, rotatable: false, specificationLevel: 0, timeouts: {implicit: 0, pageLoad: 300000, script: 30000}}
Session ID: ea043b64-5cce-e545-b4c1-6cedd74d5658]]>
            </message>
            <full-stacktrace>
              <![CDATA[org.openqa.selenium.SessionNotCreatedException: Tried to run command without establishing a connection
Build info: version: '3.11.0', revision: 'e59cfb3', time: '2018-03-11T20:26:55.152Z'
System info: host: 'Guminis-Mac-mini.local', ip: 'fe80:0:0:0:14df:14b4:e921:a3b6%en0', os.name: 'Mac OS X', os.arch: 'x86_64', os.version: '10.13.4', java.version: '1.8.0_161'
Driver info: org.openqa.selenium.firefox.FirefoxDriver
Capabilities {acceptInsecureCerts: true, browserName: firefox, browserVersion: 54.0.1, javascriptEnabled: true, moz:accessibilityChecks: false, moz:processID: 2415, moz:profile: /var/folders/pp/1jtdrljj4ls..., pageLoadStrategy: normal, platform: MAC, platformName: MAC, platformVersion: 17.5.0, rotatable: false, specificationLevel: 0, timeouts: {implicit: 0, pageLoad: 300000, script: 30000}}
Session ID: ea043b64-5cce-e545-b4c1-6cedd74d5658
	at org.openqa.selenium.remote.http.W3CHttpResponseCodec.createException(W3CHttpResponseCodec.java:187)
	at org.openqa.selenium.remote.http.W3CHttpResponseCodec.decode(W3CHttpResponseCodec.java:122)
	at org.openqa.selenium.remote.http.W3CHttpResponseCodec.decode(W3CHttpResponseCodec.java:49)
	at org.openqa.selenium.remote.HttpCommandExecutor.execute(HttpCommandExecutor.java:158)
	at org.openqa.selenium.remote.service.DriverCommandExecutor.execute(DriverCommandExecutor.java:83)
	at org.openqa.selenium.remote.RemoteWebDriver.execute(RemoteWebDriver.java:545)
	at org.openqa.selenium.remote.RemoteWebDriver.execute(RemoteWebDriver.java:602)
	at org.openqa.selenium.remote.RemoteWebDriver.getScreenshotAs(RemoteWebDriver.java:291)
	at com.lua.webbuyer.utils.getScreenshot.Capture(getScreenshot.java:24)
	at com.lua.webbuyer.extent.reports.ReportExtent.getResult(ReportExtent.java:81)
]]>
            </full-stacktrace>
          </exception> <!-- org.openqa.selenium.SessionNotCreatedException -->
          <reporter-output>
          </reporter-output>
        </test-method> <!-- getResult -->
        <test-method status="PASS" signature="cleanUp()[pri:0, instance:com.lua.webbuyer.test.TestesCompra@2173f6d9]" name="cleanUp" is-config="true" duration-ms="460" started-at="2018-05-18T13:54:34Z" finished-at="2018-05-18T13:54:34Z">
          <reporter-output>
          </reporter-output>
        </test-method> <!-- cleanUp -->
      </class> <!-- com.lua.webbuyer.test.TestesCompra -->
    </test> <!-- Teste Compras -->
  </suite> <!-- TestSuite -->
</testng-results>
