<html>
<head>
<title>TestNG:  Teste Compras</title>
<link href="../testng.css" rel="stylesheet" type="text/css" />
<link href="../my-testng.css" rel="stylesheet" type="text/css" />

<style type="text/css">
.log { display: none;} 
.stack-trace { display: none;} 
</style>
<script type="text/javascript">
<!--
function flip(e) {
  current = e.style.display;
  if (current == 'block') {
    e.style.display = 'none';
    return 0;
  }
  else {
    e.style.display = 'block';
    return 1;
  }
}

function toggleBox(szDivId, elem, msg1, msg2)
{
  var res = -1;  if (document.getElementById) {
    res = flip(document.getElementById(szDivId));
  }
  else if (document.all) {
    // this is the way old msie versions work
    res = flip(document.all[szDivId]);
  }
  if(elem) {
    if(res == 0) elem.innerHTML = msg1; else elem.innerHTML = msg2;
  }

}

function toggleAllBoxes() {
  if (document.getElementsByTagName) {
    d = document.getElementsByTagName('div');
    for (i = 0; i < d.length; i++) {
      if (d[i].className == 'log') {
        flip(d[i]);
      }
    }
  }
}

// -->
</script>

</head>
<body>
<h2 align='center'>Teste Compras</h2><table border='1' align="center">
<tr>
<td>Tests passed/Failed/Skipped:</td><td>19/1/14</td>
</tr><tr>
<td>Started on:</td><td>Fri May 18 15:04:44 BRT 2018</td>
</tr>
<tr><td>Total time:</td><td>1142 seconds (1142083 ms)</td>
</tr><tr>
<td>Included groups:</td><td></td>
</tr><tr>
<td>Excluded groups:</td><td></td>
</tr>
</table><p/>
<small><i>(Hover the method name to see the test class name)</i></small><p/>
<table width='100%' border='1' class='invocation-failed'>
<tr><td colspan='4' align='center'><b>FAILED CONFIGURATIONS</b></td></tr>
<tr><td><b>Test method</b></td>
<td width="30%"><b>Exception</b></td>
<td width="10%"><b>Time (seconds)</b></td>
<td><b>Instance</b></td>
</tr>
<tr>
<td title='com.lua.webbuyer.test.TestesCompra.getResult()'><b>getResult</b><br>Test class: com.lua.webbuyer.test.TestesCompra<br>Parameters: [TestResult name=Fluxo_de_Compras status=FAILURE method=TestesCompra.Fluxo_de_Compras(java.lang.String, java.lang.String)[pri:0, instance:com.lua.webbuyer.test.TestesCompra@2173f6d9] output={null}]</td>
<td><div><pre>org.openqa.selenium.SessionNotCreatedException: Tried to run command without establishing a connection
Build info: version: &apos;3.11.0&apos;, revision: &apos;e59cfb3&apos;, time: &apos;2018-03-11T20:26:55.152Z&apos;
System info: host: &apos;Guminis-Mac-mini.local&apos;, ip: &apos;fe80:0:0:0:14df:14b4:e921:a3b6%en0&apos;, os.name: &apos;Mac OS X&apos;, os.arch: &apos;x86_64&apos;, os.version: &apos;10.13.4&apos;, java.version: &apos;1.8.0_161&apos;
Driver info: org.openqa.selenium.firefox.FirefoxDriver
Capabilities {acceptInsecureCerts: true, browserName: firefox, browserVersion: 54.0.1, javascriptEnabled: true, moz:accessibilityChecks: false, moz:processID: 2619, moz:profile: /var/folders/pp/1jtdrljj4ls..., pageLoadStrategy: normal, platform: MAC, platformName: MAC, platformVersion: 17.5.0, rotatable: false, specificationLevel: 0, timeouts: {implicit: 0, pageLoad: 300000, script: 30000}}
Session ID: bca765ab-e851-8142-ab5b-8adb43ecc821
	at org.openqa.selenium.remote.http.W3CHttpResponseCodec.createException(W3CHttpResponseCodec.java:187)
	at org.openqa.selenium.remote.http.W3CHttpResponseCodec.decode(W3CHttpResponseCodec.java:122)
	at org.openqa.selenium.remote.http.W3CHttpResponseCodec.decode(W3CHttpResponseCodec.java:49)
	at org.openqa.selenium.remote.HttpCommandExecutor.execute(HttpCommandExecutor.java:158)
	at org.openqa.selenium.remote.service.DriverCommandExecutor.execute(DriverCommandExecutor.java:83)
	at org.openqa.selenium.remote.RemoteWebDriver.execute(RemoteWebDriver.java:545)
	at org.openqa.selenium.remote.RemoteWebDriver.execute(RemoteWebDriver.java:602)
	at org.openqa.selenium.remote.RemoteWebDriver.getScreenshotAs(RemoteWebDriver.java:291)
	at com.lua.webbuyer.utils.getScreenshot.Capture(getScreenshot.java:24)
	at com.lua.webbuyer.extent.reports.ReportExtent.getResult(ReportExtent.java:81)
</pre></div><a href='#' onClick='toggleBox("stack-trace850465441", this, "Click to show all stack frames", "Click to hide stack frames")'>Click to show all stack frames</a>
<div class='stack-trace' id='stack-trace850465441'><pre>org.openqa.selenium.SessionNotCreatedException: Tried to run command without establishing a connection
Build info: version: &apos;3.11.0&apos;, revision: &apos;e59cfb3&apos;, time: &apos;2018-03-11T20:26:55.152Z&apos;
System info: host: &apos;Guminis-Mac-mini.local&apos;, ip: &apos;fe80:0:0:0:14df:14b4:e921:a3b6%en0&apos;, os.name: &apos;Mac OS X&apos;, os.arch: &apos;x86_64&apos;, os.version: &apos;10.13.4&apos;, java.version: &apos;1.8.0_161&apos;
Driver info: org.openqa.selenium.firefox.FirefoxDriver
Capabilities {acceptInsecureCerts: true, browserName: firefox, browserVersion: 54.0.1, javascriptEnabled: true, moz:accessibilityChecks: false, moz:processID: 2619, moz:profile: /var/folders/pp/1jtdrljj4ls..., pageLoadStrategy: normal, platform: MAC, platformName: MAC, platformVersion: 17.5.0, rotatable: false, specificationLevel: 0, timeouts: {implicit: 0, pageLoad: 300000, script: 30000}}
Session ID: bca765ab-e851-8142-ab5b-8adb43ecc821
	at org.openqa.selenium.remote.http.W3CHttpResponseCodec.createException(W3CHttpResponseCodec.java:187)
	at org.openqa.selenium.remote.http.W3CHttpResponseCodec.decode(W3CHttpResponseCodec.java:122)
	at org.openqa.selenium.remote.http.W3CHttpResponseCodec.decode(W3CHttpResponseCodec.java:49)
	at org.openqa.selenium.remote.HttpCommandExecutor.execute(HttpCommandExecutor.java:158)
	at org.openqa.selenium.remote.service.DriverCommandExecutor.execute(DriverCommandExecutor.java:83)
	at org.openqa.selenium.remote.RemoteWebDriver.execute(RemoteWebDriver.java:545)
	at org.openqa.selenium.remote.RemoteWebDriver.execute(RemoteWebDriver.java:602)
	at org.openqa.selenium.remote.RemoteWebDriver.getScreenshotAs(RemoteWebDriver.java:291)
	at com.lua.webbuyer.utils.getScreenshot.Capture(getScreenshot.java:24)
	at com.lua.webbuyer.extent.reports.ReportExtent.getResult(ReportExtent.java:81)
</pre></div></td>
<td>0</td>
<td>com.lua.webbuyer.test.TestesCompra@2173f6d9</td></tr>
<tr>
<td title='com.lua.webbuyer.test.TestesCompra.getResult()'><b>getResult</b><br>Test class: com.lua.webbuyer.test.TestesCompra<br>Parameters: [TestResult name=Fluxo_de_Compras status=SKIP method=TestesCompra.Fluxo_de_Compras(java.lang.String, java.lang.String)[pri:0, instance:com.lua.webbuyer.test.TestesCompra@2173f6d9] output={null}]</td>
<td><div><pre>org.openqa.selenium.SessionNotCreatedException: Tried to run command without establishing a connection
Build info: version: &apos;3.11.0&apos;, revision: &apos;e59cfb3&apos;, time: &apos;2018-03-11T20:26:55.152Z&apos;
System info: host: &apos;Guminis-Mac-mini.local&apos;, ip: &apos;fe80:0:0:0:14df:14b4:e921:a3b6%en0&apos;, os.name: &apos;Mac OS X&apos;, os.arch: &apos;x86_64&apos;, os.version: &apos;10.13.4&apos;, java.version: &apos;1.8.0_161&apos;
Driver info: org.openqa.selenium.firefox.FirefoxDriver
Capabilities {acceptInsecureCerts: true, browserName: firefox, browserVersion: 54.0.1, javascriptEnabled: true, moz:accessibilityChecks: false, moz:processID: 2619, moz:profile: /var/folders/pp/1jtdrljj4ls..., pageLoadStrategy: normal, platform: MAC, platformName: MAC, platformVersion: 17.5.0, rotatable: false, specificationLevel: 0, timeouts: {implicit: 0, pageLoad: 300000, script: 30000}}
Session ID: bca765ab-e851-8142-ab5b-8adb43ecc821
	at org.openqa.selenium.remote.http.W3CHttpResponseCodec.createException(W3CHttpResponseCodec.java:187)
	at org.openqa.selenium.remote.http.W3CHttpResponseCodec.decode(W3CHttpResponseCodec.java:122)
	at org.openqa.selenium.remote.http.W3CHttpResponseCodec.decode(W3CHttpResponseCodec.java:49)
	at org.openqa.selenium.remote.HttpCommandExecutor.execute(HttpCommandExecutor.java:158)
	at org.openqa.selenium.remote.service.DriverCommandExecutor.execute(DriverCommandExecutor.java:83)
	at org.openqa.selenium.remote.RemoteWebDriver.execute(RemoteWebDriver.java:545)
	at org.openqa.selenium.remote.RemoteWebDriver.execute(RemoteWebDriver.java:602)
	at org.openqa.selenium.remote.RemoteWebDriver.getScreenshotAs(RemoteWebDriver.java:291)
	at com.lua.webbuyer.utils.getScreenshot.Capture(getScreenshot.java:24)
	at com.lua.webbuyer.extent.reports.ReportExtent.getResult(ReportExtent.java:81)
</pre></div><a href='#' onClick='toggleBox("stack-trace1498944673", this, "Click to show all stack frames", "Click to hide stack frames")'>Click to show all stack frames</a>
<div class='stack-trace' id='stack-trace1498944673'><pre>org.openqa.selenium.SessionNotCreatedException: Tried to run command without establishing a connection
Build info: version: &apos;3.11.0&apos;, revision: &apos;e59cfb3&apos;, time: &apos;2018-03-11T20:26:55.152Z&apos;
System info: host: &apos;Guminis-Mac-mini.local&apos;, ip: &apos;fe80:0:0:0:14df:14b4:e921:a3b6%en0&apos;, os.name: &apos;Mac OS X&apos;, os.arch: &apos;x86_64&apos;, os.version: &apos;10.13.4&apos;, java.version: &apos;1.8.0_161&apos;
Driver info: org.openqa.selenium.firefox.FirefoxDriver
Capabilities {acceptInsecureCerts: true, browserName: firefox, browserVersion: 54.0.1, javascriptEnabled: true, moz:accessibilityChecks: false, moz:processID: 2619, moz:profile: /var/folders/pp/1jtdrljj4ls..., pageLoadStrategy: normal, platform: MAC, platformName: MAC, platformVersion: 17.5.0, rotatable: false, specificationLevel: 0, timeouts: {implicit: 0, pageLoad: 300000, script: 30000}}
Session ID: bca765ab-e851-8142-ab5b-8adb43ecc821
	at org.openqa.selenium.remote.http.W3CHttpResponseCodec.createException(W3CHttpResponseCodec.java:187)
	at org.openqa.selenium.remote.http.W3CHttpResponseCodec.decode(W3CHttpResponseCodec.java:122)
	at org.openqa.selenium.remote.http.W3CHttpResponseCodec.decode(W3CHttpResponseCodec.java:49)
	at org.openqa.selenium.remote.HttpCommandExecutor.execute(HttpCommandExecutor.java:158)
	at org.openqa.selenium.remote.service.DriverCommandExecutor.execute(DriverCommandExecutor.java:83)
	at org.openqa.selenium.remote.RemoteWebDriver.execute(RemoteWebDriver.java:545)
	at org.openqa.selenium.remote.RemoteWebDriver.execute(RemoteWebDriver.java:602)
	at org.openqa.selenium.remote.RemoteWebDriver.getScreenshotAs(RemoteWebDriver.java:291)
	at com.lua.webbuyer.utils.getScreenshot.Capture(getScreenshot.java:24)
	at com.lua.webbuyer.extent.reports.ReportExtent.getResult(ReportExtent.java:81)
</pre></div></td>
<td>0</td>
<td>com.lua.webbuyer.test.TestesCompra@2173f6d9</td></tr>
<tr>
<td title='com.lua.webbuyer.test.TestesCompra.getResult()'><b>getResult</b><br>Test class: com.lua.webbuyer.test.TestesCompra<br>Parameters: [TestResult name=Fluxo_de_Compras status=SKIP method=TestesCompra.Fluxo_de_Compras(java.lang.String, java.lang.String)[pri:0, instance:com.lua.webbuyer.test.TestesCompra@2173f6d9] output={null}]</td>
<td><div><pre>org.openqa.selenium.SessionNotCreatedException: Tried to run command without establishing a connection
Build info: version: &apos;3.11.0&apos;, revision: &apos;e59cfb3&apos;, time: &apos;2018-03-11T20:26:55.152Z&apos;
System info: host: &apos;Guminis-Mac-mini.local&apos;, ip: &apos;fe80:0:0:0:14df:14b4:e921:a3b6%en0&apos;, os.name: &apos;Mac OS X&apos;, os.arch: &apos;x86_64&apos;, os.version: &apos;10.13.4&apos;, java.version: &apos;1.8.0_161&apos;
Driver info: org.openqa.selenium.firefox.FirefoxDriver
Capabilities {acceptInsecureCerts: true, browserName: firefox, browserVersion: 54.0.1, javascriptEnabled: true, moz:accessibilityChecks: false, moz:processID: 2619, moz:profile: /var/folders/pp/1jtdrljj4ls..., pageLoadStrategy: normal, platform: MAC, platformName: MAC, platformVersion: 17.5.0, rotatable: false, specificationLevel: 0, timeouts: {implicit: 0, pageLoad: 300000, script: 30000}}
Session ID: bca765ab-e851-8142-ab5b-8adb43ecc821
	at org.openqa.selenium.remote.http.W3CHttpResponseCodec.createException(W3CHttpResponseCodec.java:187)
	at org.openqa.selenium.remote.http.W3CHttpResponseCodec.decode(W3CHttpResponseCodec.java:122)
	at org.openqa.selenium.remote.http.W3CHttpResponseCodec.decode(W3CHttpResponseCodec.java:49)
	at org.openqa.selenium.remote.HttpCommandExecutor.execute(HttpCommandExecutor.java:158)
	at org.openqa.selenium.remote.service.DriverCommandExecutor.execute(DriverCommandExecutor.java:83)
	at org.openqa.selenium.remote.RemoteWebDriver.execute(RemoteWebDriver.java:545)
	at org.openqa.selenium.remote.RemoteWebDriver.execute(RemoteWebDriver.java:602)
	at org.openqa.selenium.remote.RemoteWebDriver.getScreenshotAs(RemoteWebDriver.java:291)
	at com.lua.webbuyer.utils.getScreenshot.Capture(getScreenshot.java:24)
	at com.lua.webbuyer.extent.reports.ReportExtent.getResult(ReportExtent.java:81)
</pre></div><a href='#' onClick='toggleBox("stack-trace1767994579", this, "Click to show all stack frames", "Click to hide stack frames")'>Click to show all stack frames</a>
<div class='stack-trace' id='stack-trace1767994579'><pre>org.openqa.selenium.SessionNotCreatedException: Tried to run command without establishing a connection
Build info: version: &apos;3.11.0&apos;, revision: &apos;e59cfb3&apos;, time: &apos;2018-03-11T20:26:55.152Z&apos;
System info: host: &apos;Guminis-Mac-mini.local&apos;, ip: &apos;fe80:0:0:0:14df:14b4:e921:a3b6%en0&apos;, os.name: &apos;Mac OS X&apos;, os.arch: &apos;x86_64&apos;, os.version: &apos;10.13.4&apos;, java.version: &apos;1.8.0_161&apos;
Driver info: org.openqa.selenium.firefox.FirefoxDriver
Capabilities {acceptInsecureCerts: true, browserName: firefox, browserVersion: 54.0.1, javascriptEnabled: true, moz:accessibilityChecks: false, moz:processID: 2619, moz:profile: /var/folders/pp/1jtdrljj4ls..., pageLoadStrategy: normal, platform: MAC, platformName: MAC, platformVersion: 17.5.0, rotatable: false, specificationLevel: 0, timeouts: {implicit: 0, pageLoad: 300000, script: 30000}}
Session ID: bca765ab-e851-8142-ab5b-8adb43ecc821
	at org.openqa.selenium.remote.http.W3CHttpResponseCodec.createException(W3CHttpResponseCodec.java:187)
	at org.openqa.selenium.remote.http.W3CHttpResponseCodec.decode(W3CHttpResponseCodec.java:122)
	at org.openqa.selenium.remote.http.W3CHttpResponseCodec.decode(W3CHttpResponseCodec.java:49)
	at org.openqa.selenium.remote.HttpCommandExecutor.execute(HttpCommandExecutor.java:158)
	at org.openqa.selenium.remote.service.DriverCommandExecutor.execute(DriverCommandExecutor.java:83)
	at org.openqa.selenium.remote.RemoteWebDriver.execute(RemoteWebDriver.java:545)
	at org.openqa.selenium.remote.RemoteWebDriver.execute(RemoteWebDriver.java:602)
	at org.openqa.selenium.remote.RemoteWebDriver.getScreenshotAs(RemoteWebDriver.java:291)
	at com.lua.webbuyer.utils.getScreenshot.Capture(getScreenshot.java:24)
	at com.lua.webbuyer.extent.reports.ReportExtent.getResult(ReportExtent.java:81)
</pre></div></td>
<td>0</td>
<td>com.lua.webbuyer.test.TestesCompra@2173f6d9</td></tr>
<tr>
<td title='com.lua.webbuyer.test.TestesCompra.getResult()'><b>getResult</b><br>Test class: com.lua.webbuyer.test.TestesCompra<br>Parameters: [TestResult name=Fluxo_de_Compras status=SKIP method=TestesCompra.Fluxo_de_Compras(java.lang.String, java.lang.String)[pri:0, instance:com.lua.webbuyer.test.TestesCompra@2173f6d9] output={null}]</td>
<td><div><pre>org.openqa.selenium.SessionNotCreatedException: Tried to run command without establishing a connection
Build info: version: &apos;3.11.0&apos;, revision: &apos;e59cfb3&apos;, time: &apos;2018-03-11T20:26:55.152Z&apos;
System info: host: &apos;Guminis-Mac-mini.local&apos;, ip: &apos;fe80:0:0:0:14df:14b4:e921:a3b6%en0&apos;, os.name: &apos;Mac OS X&apos;, os.arch: &apos;x86_64&apos;, os.version: &apos;10.13.4&apos;, java.version: &apos;1.8.0_161&apos;
Driver info: org.openqa.selenium.firefox.FirefoxDriver
Capabilities {acceptInsecureCerts: true, browserName: firefox, browserVersion: 54.0.1, javascriptEnabled: true, moz:accessibilityChecks: false, moz:processID: 2619, moz:profile: /var/folders/pp/1jtdrljj4ls..., pageLoadStrategy: normal, platform: MAC, platformName: MAC, platformVersion: 17.5.0, rotatable: false, specificationLevel: 0, timeouts: {implicit: 0, pageLoad: 300000, script: 30000}}
Session ID: bca765ab-e851-8142-ab5b-8adb43ecc821
	at org.openqa.selenium.remote.http.W3CHttpResponseCodec.createException(W3CHttpResponseCodec.java:187)
	at org.openqa.selenium.remote.http.W3CHttpResponseCodec.decode(W3CHttpResponseCodec.java:122)
	at org.openqa.selenium.remote.http.W3CHttpResponseCodec.decode(W3CHttpResponseCodec.java:49)
	at org.openqa.selenium.remote.HttpCommandExecutor.execute(HttpCommandExecutor.java:158)
	at org.openqa.selenium.remote.service.DriverCommandExecutor.execute(DriverCommandExecutor.java:83)
	at org.openqa.selenium.remote.RemoteWebDriver.execute(RemoteWebDriver.java:545)
	at org.openqa.selenium.remote.RemoteWebDriver.execute(RemoteWebDriver.java:602)
	at org.openqa.selenium.remote.RemoteWebDriver.getScreenshotAs(RemoteWebDriver.java:291)
	at com.lua.webbuyer.utils.getScreenshot.Capture(getScreenshot.java:24)
	at com.lua.webbuyer.extent.reports.ReportExtent.getResult(ReportExtent.java:81)
</pre></div><a href='#' onClick='toggleBox("stack-trace2012011563", this, "Click to show all stack frames", "Click to hide stack frames")'>Click to show all stack frames</a>
<div class='stack-trace' id='stack-trace2012011563'><pre>org.openqa.selenium.SessionNotCreatedException: Tried to run command without establishing a connection
Build info: version: &apos;3.11.0&apos;, revision: &apos;e59cfb3&apos;, time: &apos;2018-03-11T20:26:55.152Z&apos;
System info: host: &apos;Guminis-Mac-mini.local&apos;, ip: &apos;fe80:0:0:0:14df:14b4:e921:a3b6%en0&apos;, os.name: &apos;Mac OS X&apos;, os.arch: &apos;x86_64&apos;, os.version: &apos;10.13.4&apos;, java.version: &apos;1.8.0_161&apos;
Driver info: org.openqa.selenium.firefox.FirefoxDriver
Capabilities {acceptInsecureCerts: true, browserName: firefox, browserVersion: 54.0.1, javascriptEnabled: true, moz:accessibilityChecks: false, moz:processID: 2619, moz:profile: /var/folders/pp/1jtdrljj4ls..., pageLoadStrategy: normal, platform: MAC, platformName: MAC, platformVersion: 17.5.0, rotatable: false, specificationLevel: 0, timeouts: {implicit: 0, pageLoad: 300000, script: 30000}}
Session ID: bca765ab-e851-8142-ab5b-8adb43ecc821
	at org.openqa.selenium.remote.http.W3CHttpResponseCodec.createException(W3CHttpResponseCodec.java:187)
	at org.openqa.selenium.remote.http.W3CHttpResponseCodec.decode(W3CHttpResponseCodec.java:122)
	at org.openqa.selenium.remote.http.W3CHttpResponseCodec.decode(W3CHttpResponseCodec.java:49)
	at org.openqa.selenium.remote.HttpCommandExecutor.execute(HttpCommandExecutor.java:158)
	at org.openqa.selenium.remote.service.DriverCommandExecutor.execute(DriverCommandExecutor.java:83)
	at org.openqa.selenium.remote.RemoteWebDriver.execute(RemoteWebDriver.java:545)
	at org.openqa.selenium.remote.RemoteWebDriver.execute(RemoteWebDriver.java:602)
	at org.openqa.selenium.remote.RemoteWebDriver.getScreenshotAs(RemoteWebDriver.java:291)
	at com.lua.webbuyer.utils.getScreenshot.Capture(getScreenshot.java:24)
	at com.lua.webbuyer.extent.reports.ReportExtent.getResult(ReportExtent.java:81)
</pre></div></td>
<td>0</td>
<td>com.lua.webbuyer.test.TestesCompra@2173f6d9</td></tr>
<tr>
<td title='com.lua.webbuyer.test.TestesCompra.getResult()'><b>getResult</b><br>Test class: com.lua.webbuyer.test.TestesCompra<br>Parameters: [TestResult name=Fluxo_de_Compras status=SKIP method=TestesCompra.Fluxo_de_Compras(java.lang.String, java.lang.String)[pri:0, instance:com.lua.webbuyer.test.TestesCompra@2173f6d9] output={null}]</td>
<td><div><pre>org.openqa.selenium.SessionNotCreatedException: Tried to run command without establishing a connection
Build info: version: &apos;3.11.0&apos;, revision: &apos;e59cfb3&apos;, time: &apos;2018-03-11T20:26:55.152Z&apos;
System info: host: &apos;Guminis-Mac-mini.local&apos;, ip: &apos;fe80:0:0:0:14df:14b4:e921:a3b6%en0&apos;, os.name: &apos;Mac OS X&apos;, os.arch: &apos;x86_64&apos;, os.version: &apos;10.13.4&apos;, java.version: &apos;1.8.0_161&apos;
Driver info: org.openqa.selenium.firefox.FirefoxDriver
Capabilities {acceptInsecureCerts: true, browserName: firefox, browserVersion: 54.0.1, javascriptEnabled: true, moz:accessibilityChecks: false, moz:processID: 2619, moz:profile: /var/folders/pp/1jtdrljj4ls..., pageLoadStrategy: normal, platform: MAC, platformName: MAC, platformVersion: 17.5.0, rotatable: false, specificationLevel: 0, timeouts: {implicit: 0, pageLoad: 300000, script: 30000}}
Session ID: bca765ab-e851-8142-ab5b-8adb43ecc821
	at org.openqa.selenium.remote.http.W3CHttpResponseCodec.createException(W3CHttpResponseCodec.java:187)
	at org.openqa.selenium.remote.http.W3CHttpResponseCodec.decode(W3CHttpResponseCodec.java:122)
	at org.openqa.selenium.remote.http.W3CHttpResponseCodec.decode(W3CHttpResponseCodec.java:49)
	at org.openqa.selenium.remote.HttpCommandExecutor.execute(HttpCommandExecutor.java:158)
	at org.openqa.selenium.remote.service.DriverCommandExecutor.execute(DriverCommandExecutor.java:83)
	at org.openqa.selenium.remote.RemoteWebDriver.execute(RemoteWebDriver.java:545)
	at org.openqa.selenium.remote.RemoteWebDriver.execute(RemoteWebDriver.java:602)
	at org.openqa.selenium.remote.RemoteWebDriver.getScreenshotAs(RemoteWebDriver.java:291)
	at com.lua.webbuyer.utils.getScreenshot.Capture(getScreenshot.java:24)
	at com.lua.webbuyer.extent.reports.ReportExtent.getResult(ReportExtent.java:81)
</pre></div><a href='#' onClick='toggleBox("stack-trace817896503", this, "Click to show all stack frames", "Click to hide stack frames")'>Click to show all stack frames</a>
<div class='stack-trace' id='stack-trace817896503'><pre>org.openqa.selenium.SessionNotCreatedException: Tried to run command without establishing a connection
Build info: version: &apos;3.11.0&apos;, revision: &apos;e59cfb3&apos;, time: &apos;2018-03-11T20:26:55.152Z&apos;
System info: host: &apos;Guminis-Mac-mini.local&apos;, ip: &apos;fe80:0:0:0:14df:14b4:e921:a3b6%en0&apos;, os.name: &apos;Mac OS X&apos;, os.arch: &apos;x86_64&apos;, os.version: &apos;10.13.4&apos;, java.version: &apos;1.8.0_161&apos;
Driver info: org.openqa.selenium.firefox.FirefoxDriver
Capabilities {acceptInsecureCerts: true, browserName: firefox, browserVersion: 54.0.1, javascriptEnabled: true, moz:accessibilityChecks: false, moz:processID: 2619, moz:profile: /var/folders/pp/1jtdrljj4ls..., pageLoadStrategy: normal, platform: MAC, platformName: MAC, platformVersion: 17.5.0, rotatable: false, specificationLevel: 0, timeouts: {implicit: 0, pageLoad: 300000, script: 30000}}
Session ID: bca765ab-e851-8142-ab5b-8adb43ecc821
	at org.openqa.selenium.remote.http.W3CHttpResponseCodec.createException(W3CHttpResponseCodec.java:187)
	at org.openqa.selenium.remote.http.W3CHttpResponseCodec.decode(W3CHttpResponseCodec.java:122)
	at org.openqa.selenium.remote.http.W3CHttpResponseCodec.decode(W3CHttpResponseCodec.java:49)
	at org.openqa.selenium.remote.HttpCommandExecutor.execute(HttpCommandExecutor.java:158)
	at org.openqa.selenium.remote.service.DriverCommandExecutor.execute(DriverCommandExecutor.java:83)
	at org.openqa.selenium.remote.RemoteWebDriver.execute(RemoteWebDriver.java:545)
	at org.openqa.selenium.remote.RemoteWebDriver.execute(RemoteWebDriver.java:602)
	at org.openqa.selenium.remote.RemoteWebDriver.getScreenshotAs(RemoteWebDriver.java:291)
	at com.lua.webbuyer.utils.getScreenshot.Capture(getScreenshot.java:24)
	at com.lua.webbuyer.extent.reports.ReportExtent.getResult(ReportExtent.java:81)
</pre></div></td>
<td>0</td>
<td>com.lua.webbuyer.test.TestesCompra@2173f6d9</td></tr>
<tr>
<td title='com.lua.webbuyer.test.TestesCompra.getResult()'><b>getResult</b><br>Test class: com.lua.webbuyer.test.TestesCompra<br>Parameters: [TestResult name=Fluxo_de_Compras status=SKIP method=TestesCompra.Fluxo_de_Compras(java.lang.String, java.lang.String)[pri:0, instance:com.lua.webbuyer.test.TestesCompra@2173f6d9] output={null}]</td>
<td><div><pre>org.openqa.selenium.SessionNotCreatedException: Tried to run command without establishing a connection
Build info: version: &apos;3.11.0&apos;, revision: &apos;e59cfb3&apos;, time: &apos;2018-03-11T20:26:55.152Z&apos;
System info: host: &apos;Guminis-Mac-mini.local&apos;, ip: &apos;fe80:0:0:0:14df:14b4:e921:a3b6%en0&apos;, os.name: &apos;Mac OS X&apos;, os.arch: &apos;x86_64&apos;, os.version: &apos;10.13.4&apos;, java.version: &apos;1.8.0_161&apos;
Driver info: org.openqa.selenium.firefox.FirefoxDriver
Capabilities {acceptInsecureCerts: true, browserName: firefox, browserVersion: 54.0.1, javascriptEnabled: true, moz:accessibilityChecks: false, moz:processID: 2619, moz:profile: /var/folders/pp/1jtdrljj4ls..., pageLoadStrategy: normal, platform: MAC, platformName: MAC, platformVersion: 17.5.0, rotatable: false, specificationLevel: 0, timeouts: {implicit: 0, pageLoad: 300000, script: 30000}}
Session ID: bca765ab-e851-8142-ab5b-8adb43ecc821
	at org.openqa.selenium.remote.http.W3CHttpResponseCodec.createException(W3CHttpResponseCodec.java:187)
	at org.openqa.selenium.remote.http.W3CHttpResponseCodec.decode(W3CHttpResponseCodec.java:122)
	at org.openqa.selenium.remote.http.W3CHttpResponseCodec.decode(W3CHttpResponseCodec.java:49)
	at org.openqa.selenium.remote.HttpCommandExecutor.execute(HttpCommandExecutor.java:158)
	at org.openqa.selenium.remote.service.DriverCommandExecutor.execute(DriverCommandExecutor.java:83)
	at org.openqa.selenium.remote.RemoteWebDriver.execute(RemoteWebDriver.java:545)
	at org.openqa.selenium.remote.RemoteWebDriver.execute(RemoteWebDriver.java:602)
	at org.openqa.selenium.remote.RemoteWebDriver.getScreenshotAs(RemoteWebDriver.java:291)
	at com.lua.webbuyer.utils.getScreenshot.Capture(getScreenshot.java:24)
	at com.lua.webbuyer.extent.reports.ReportExtent.getResult(ReportExtent.java:81)
</pre></div><a href='#' onClick='toggleBox("stack-trace202453803", this, "Click to show all stack frames", "Click to hide stack frames")'>Click to show all stack frames</a>
<div class='stack-trace' id='stack-trace202453803'><pre>org.openqa.selenium.SessionNotCreatedException: Tried to run command without establishing a connection
Build info: version: &apos;3.11.0&apos;, revision: &apos;e59cfb3&apos;, time: &apos;2018-03-11T20:26:55.152Z&apos;
System info: host: &apos;Guminis-Mac-mini.local&apos;, ip: &apos;fe80:0:0:0:14df:14b4:e921:a3b6%en0&apos;, os.name: &apos;Mac OS X&apos;, os.arch: &apos;x86_64&apos;, os.version: &apos;10.13.4&apos;, java.version: &apos;1.8.0_161&apos;
Driver info: org.openqa.selenium.firefox.FirefoxDriver
Capabilities {acceptInsecureCerts: true, browserName: firefox, browserVersion: 54.0.1, javascriptEnabled: true, moz:accessibilityChecks: false, moz:processID: 2619, moz:profile: /var/folders/pp/1jtdrljj4ls..., pageLoadStrategy: normal, platform: MAC, platformName: MAC, platformVersion: 17.5.0, rotatable: false, specificationLevel: 0, timeouts: {implicit: 0, pageLoad: 300000, script: 30000}}
Session ID: bca765ab-e851-8142-ab5b-8adb43ecc821
	at org.openqa.selenium.remote.http.W3CHttpResponseCodec.createException(W3CHttpResponseCodec.java:187)
	at org.openqa.selenium.remote.http.W3CHttpResponseCodec.decode(W3CHttpResponseCodec.java:122)
	at org.openqa.selenium.remote.http.W3CHttpResponseCodec.decode(W3CHttpResponseCodec.java:49)
	at org.openqa.selenium.remote.HttpCommandExecutor.execute(HttpCommandExecutor.java:158)
	at org.openqa.selenium.remote.service.DriverCommandExecutor.execute(DriverCommandExecutor.java:83)
	at org.openqa.selenium.remote.RemoteWebDriver.execute(RemoteWebDriver.java:545)
	at org.openqa.selenium.remote.RemoteWebDriver.execute(RemoteWebDriver.java:602)
	at org.openqa.selenium.remote.RemoteWebDriver.getScreenshotAs(RemoteWebDriver.java:291)
	at com.lua.webbuyer.utils.getScreenshot.Capture(getScreenshot.java:24)
	at com.lua.webbuyer.extent.reports.ReportExtent.getResult(ReportExtent.java:81)
</pre></div></td>
<td>0</td>
<td>com.lua.webbuyer.test.TestesCompra@2173f6d9</td></tr>
<tr>
<td title='com.lua.webbuyer.test.TestesCompra.getResult()'><b>getResult</b><br>Test class: com.lua.webbuyer.test.TestesCompra<br>Parameters: [TestResult name=Fluxo_de_Compras status=SKIP method=TestesCompra.Fluxo_de_Compras(java.lang.String, java.lang.String)[pri:0, instance:com.lua.webbuyer.test.TestesCompra@2173f6d9] output={null}]</td>
<td><div><pre>org.openqa.selenium.SessionNotCreatedException: Tried to run command without establishing a connection
Build info: version: &apos;3.11.0&apos;, revision: &apos;e59cfb3&apos;, time: &apos;2018-03-11T20:26:55.152Z&apos;
System info: host: &apos;Guminis-Mac-mini.local&apos;, ip: &apos;fe80:0:0:0:14df:14b4:e921:a3b6%en0&apos;, os.name: &apos;Mac OS X&apos;, os.arch: &apos;x86_64&apos;, os.version: &apos;10.13.4&apos;, java.version: &apos;1.8.0_161&apos;
Driver info: org.openqa.selenium.firefox.FirefoxDriver
Capabilities {acceptInsecureCerts: true, browserName: firefox, browserVersion: 54.0.1, javascriptEnabled: true, moz:accessibilityChecks: false, moz:processID: 2619, moz:profile: /var/folders/pp/1jtdrljj4ls..., pageLoadStrategy: normal, platform: MAC, platformName: MAC, platformVersion: 17.5.0, rotatable: false, specificationLevel: 0, timeouts: {implicit: 0, pageLoad: 300000, script: 30000}}
Session ID: bca765ab-e851-8142-ab5b-8adb43ecc821
	at org.openqa.selenium.remote.http.W3CHttpResponseCodec.createException(W3CHttpResponseCodec.java:187)
	at org.openqa.selenium.remote.http.W3CHttpResponseCodec.decode(W3CHttpResponseCodec.java:122)
	at org.openqa.selenium.remote.http.W3CHttpResponseCodec.decode(W3CHttpResponseCodec.java:49)
	at org.openqa.selenium.remote.HttpCommandExecutor.execute(HttpCommandExecutor.java:158)
	at org.openqa.selenium.remote.service.DriverCommandExecutor.execute(DriverCommandExecutor.java:83)
	at org.openqa.selenium.remote.RemoteWebDriver.execute(RemoteWebDriver.java:545)
	at org.openqa.selenium.remote.RemoteWebDriver.execute(RemoteWebDriver.java:602)
	at org.openqa.selenium.remote.RemoteWebDriver.getScreenshotAs(RemoteWebDriver.java:291)
	at com.lua.webbuyer.utils.getScreenshot.Capture(getScreenshot.java:24)
	at com.lua.webbuyer.extent.reports.ReportExtent.getResult(ReportExtent.java:81)
</pre></div><a href='#' onClick='toggleBox("stack-trace1263567729", this, "Click to show all stack frames", "Click to hide stack frames")'>Click to show all stack frames</a>
<div class='stack-trace' id='stack-trace1263567729'><pre>org.openqa.selenium.SessionNotCreatedException: Tried to run command without establishing a connection
Build info: version: &apos;3.11.0&apos;, revision: &apos;e59cfb3&apos;, time: &apos;2018-03-11T20:26:55.152Z&apos;
System info: host: &apos;Guminis-Mac-mini.local&apos;, ip: &apos;fe80:0:0:0:14df:14b4:e921:a3b6%en0&apos;, os.name: &apos;Mac OS X&apos;, os.arch: &apos;x86_64&apos;, os.version: &apos;10.13.4&apos;, java.version: &apos;1.8.0_161&apos;
Driver info: org.openqa.selenium.firefox.FirefoxDriver
Capabilities {acceptInsecureCerts: true, browserName: firefox, browserVersion: 54.0.1, javascriptEnabled: true, moz:accessibilityChecks: false, moz:processID: 2619, moz:profile: /var/folders/pp/1jtdrljj4ls..., pageLoadStrategy: normal, platform: MAC, platformName: MAC, platformVersion: 17.5.0, rotatable: false, specificationLevel: 0, timeouts: {implicit: 0, pageLoad: 300000, script: 30000}}
Session ID: bca765ab-e851-8142-ab5b-8adb43ecc821
	at org.openqa.selenium.remote.http.W3CHttpResponseCodec.createException(W3CHttpResponseCodec.java:187)
	at org.openqa.selenium.remote.http.W3CHttpResponseCodec.decode(W3CHttpResponseCodec.java:122)
	at org.openqa.selenium.remote.http.W3CHttpResponseCodec.decode(W3CHttpResponseCodec.java:49)
	at org.openqa.selenium.remote.HttpCommandExecutor.execute(HttpCommandExecutor.java:158)
	at org.openqa.selenium.remote.service.DriverCommandExecutor.execute(DriverCommandExecutor.java:83)
	at org.openqa.selenium.remote.RemoteWebDriver.execute(RemoteWebDriver.java:545)
	at org.openqa.selenium.remote.RemoteWebDriver.execute(RemoteWebDriver.java:602)
	at org.openqa.selenium.remote.RemoteWebDriver.getScreenshotAs(RemoteWebDriver.java:291)
	at com.lua.webbuyer.utils.getScreenshot.Capture(getScreenshot.java:24)
	at com.lua.webbuyer.extent.reports.ReportExtent.getResult(ReportExtent.java:81)
</pre></div></td>
<td>0</td>
<td>com.lua.webbuyer.test.TestesCompra@2173f6d9</td></tr>
<tr>
<td title='com.lua.webbuyer.test.TestesCompra.getResult()'><b>getResult</b><br>Test class: com.lua.webbuyer.test.TestesCompra<br>Parameters: [TestResult name=Fluxo_de_Compras status=SKIP method=TestesCompra.Fluxo_de_Compras(java.lang.String, java.lang.String)[pri:0, instance:com.lua.webbuyer.test.TestesCompra@2173f6d9] output={null}]</td>
<td><div><pre>org.openqa.selenium.SessionNotCreatedException: Tried to run command without establishing a connection
Build info: version: &apos;3.11.0&apos;, revision: &apos;e59cfb3&apos;, time: &apos;2018-03-11T20:26:55.152Z&apos;
System info: host: &apos;Guminis-Mac-mini.local&apos;, ip: &apos;fe80:0:0:0:14df:14b4:e921:a3b6%en0&apos;, os.name: &apos;Mac OS X&apos;, os.arch: &apos;x86_64&apos;, os.version: &apos;10.13.4&apos;, java.version: &apos;1.8.0_161&apos;
Driver info: org.openqa.selenium.firefox.FirefoxDriver
Capabilities {acceptInsecureCerts: true, browserName: firefox, browserVersion: 54.0.1, javascriptEnabled: true, moz:accessibilityChecks: false, moz:processID: 2619, moz:profile: /var/folders/pp/1jtdrljj4ls..., pageLoadStrategy: normal, platform: MAC, platformName: MAC, platformVersion: 17.5.0, rotatable: false, specificationLevel: 0, timeouts: {implicit: 0, pageLoad: 300000, script: 30000}}
Session ID: bca765ab-e851-8142-ab5b-8adb43ecc821
	at org.openqa.selenium.remote.http.W3CHttpResponseCodec.createException(W3CHttpResponseCodec.java:187)
	at org.openqa.selenium.remote.http.W3CHttpResponseCodec.decode(W3CHttpResponseCodec.java:122)
	at org.openqa.selenium.remote.http.W3CHttpResponseCodec.decode(W3CHttpResponseCodec.java:49)
	at org.openqa.selenium.remote.HttpCommandExecutor.execute(HttpCommandExecutor.java:158)
	at org.openqa.selenium.remote.service.DriverCommandExecutor.execute(DriverCommandExecutor.java:83)
	at org.openqa.selenium.remote.RemoteWebDriver.execute(RemoteWebDriver.java:545)
	at org.openqa.selenium.remote.RemoteWebDriver.execute(RemoteWebDriver.java:602)
	at org.openqa.selenium.remote.RemoteWebDriver.getScreenshotAs(RemoteWebDriver.java:291)
	at com.lua.webbuyer.utils.getScreenshot.Capture(getScreenshot.java:24)
	at com.lua.webbuyer.extent.reports.ReportExtent.getResult(ReportExtent.java:81)
</pre></div><a href='#' onClick='toggleBox("stack-trace773512559", this, "Click to show all stack frames", "Click to hide stack frames")'>Click to show all stack frames</a>
<div class='stack-trace' id='stack-trace773512559'><pre>org.openqa.selenium.SessionNotCreatedException: Tried to run command without establishing a connection
Build info: version: &apos;3.11.0&apos;, revision: &apos;e59cfb3&apos;, time: &apos;2018-03-11T20:26:55.152Z&apos;
System info: host: &apos;Guminis-Mac-mini.local&apos;, ip: &apos;fe80:0:0:0:14df:14b4:e921:a3b6%en0&apos;, os.name: &apos;Mac OS X&apos;, os.arch: &apos;x86_64&apos;, os.version: &apos;10.13.4&apos;, java.version: &apos;1.8.0_161&apos;
Driver info: org.openqa.selenium.firefox.FirefoxDriver
Capabilities {acceptInsecureCerts: true, browserName: firefox, browserVersion: 54.0.1, javascriptEnabled: true, moz:accessibilityChecks: false, moz:processID: 2619, moz:profile: /var/folders/pp/1jtdrljj4ls..., pageLoadStrategy: normal, platform: MAC, platformName: MAC, platformVersion: 17.5.0, rotatable: false, specificationLevel: 0, timeouts: {implicit: 0, pageLoad: 300000, script: 30000}}
Session ID: bca765ab-e851-8142-ab5b-8adb43ecc821
	at org.openqa.selenium.remote.http.W3CHttpResponseCodec.createException(W3CHttpResponseCodec.java:187)
	at org.openqa.selenium.remote.http.W3CHttpResponseCodec.decode(W3CHttpResponseCodec.java:122)
	at org.openqa.selenium.remote.http.W3CHttpResponseCodec.decode(W3CHttpResponseCodec.java:49)
	at org.openqa.selenium.remote.HttpCommandExecutor.execute(HttpCommandExecutor.java:158)
	at org.openqa.selenium.remote.service.DriverCommandExecutor.execute(DriverCommandExecutor.java:83)
	at org.openqa.selenium.remote.RemoteWebDriver.execute(RemoteWebDriver.java:545)
	at org.openqa.selenium.remote.RemoteWebDriver.execute(RemoteWebDriver.java:602)
	at org.openqa.selenium.remote.RemoteWebDriver.getScreenshotAs(RemoteWebDriver.java:291)
	at com.lua.webbuyer.utils.getScreenshot.Capture(getScreenshot.java:24)
	at com.lua.webbuyer.extent.reports.ReportExtent.getResult(ReportExtent.java:81)
</pre></div></td>
<td>0</td>
<td>com.lua.webbuyer.test.TestesCompra@2173f6d9</td></tr>
<tr>
<td title='com.lua.webbuyer.test.TestesCompra.getResult()'><b>getResult</b><br>Test class: com.lua.webbuyer.test.TestesCompra<br>Parameters: [TestResult name=Fluxo_de_Compras status=SKIP method=TestesCompra.Fluxo_de_Compras(java.lang.String, java.lang.String)[pri:0, instance:com.lua.webbuyer.test.TestesCompra@2173f6d9] output={null}]</td>
<td><div><pre>org.openqa.selenium.SessionNotCreatedException: Tried to run command without establishing a connection
Build info: version: &apos;3.11.0&apos;, revision: &apos;e59cfb3&apos;, time: &apos;2018-03-11T20:26:55.152Z&apos;
System info: host: &apos;Guminis-Mac-mini.local&apos;, ip: &apos;fe80:0:0:0:14df:14b4:e921:a3b6%en0&apos;, os.name: &apos;Mac OS X&apos;, os.arch: &apos;x86_64&apos;, os.version: &apos;10.13.4&apos;, java.version: &apos;1.8.0_161&apos;
Driver info: org.openqa.selenium.firefox.FirefoxDriver
Capabilities {acceptInsecureCerts: true, browserName: firefox, browserVersion: 54.0.1, javascriptEnabled: true, moz:accessibilityChecks: false, moz:processID: 2619, moz:profile: /var/folders/pp/1jtdrljj4ls..., pageLoadStrategy: normal, platform: MAC, platformName: MAC, platformVersion: 17.5.0, rotatable: false, specificationLevel: 0, timeouts: {implicit: 0, pageLoad: 300000, script: 30000}}
Session ID: bca765ab-e851-8142-ab5b-8adb43ecc821
	at org.openqa.selenium.remote.http.W3CHttpResponseCodec.createException(W3CHttpResponseCodec.java:187)
	at org.openqa.selenium.remote.http.W3CHttpResponseCodec.decode(W3CHttpResponseCodec.java:122)
	at org.openqa.selenium.remote.http.W3CHttpResponseCodec.decode(W3CHttpResponseCodec.java:49)
	at org.openqa.selenium.remote.HttpCommandExecutor.execute(HttpCommandExecutor.java:158)
	at org.openqa.selenium.remote.service.DriverCommandExecutor.execute(DriverCommandExecutor.java:83)
	at org.openqa.selenium.remote.RemoteWebDriver.execute(RemoteWebDriver.java:545)
	at org.openqa.selenium.remote.RemoteWebDriver.execute(RemoteWebDriver.java:602)
	at org.openqa.selenium.remote.RemoteWebDriver.getScreenshotAs(RemoteWebDriver.java:291)
	at com.lua.webbuyer.utils.getScreenshot.Capture(getScreenshot.java:24)
	at com.lua.webbuyer.extent.reports.ReportExtent.getResult(ReportExtent.java:81)
</pre></div><a href='#' onClick='toggleBox("stack-trace1953529336", this, "Click to show all stack frames", "Click to hide stack frames")'>Click to show all stack frames</a>
<div class='stack-trace' id='stack-trace1953529336'><pre>org.openqa.selenium.SessionNotCreatedException: Tried to run command without establishing a connection
Build info: version: &apos;3.11.0&apos;, revision: &apos;e59cfb3&apos;, time: &apos;2018-03-11T20:26:55.152Z&apos;
System info: host: &apos;Guminis-Mac-mini.local&apos;, ip: &apos;fe80:0:0:0:14df:14b4:e921:a3b6%en0&apos;, os.name: &apos;Mac OS X&apos;, os.arch: &apos;x86_64&apos;, os.version: &apos;10.13.4&apos;, java.version: &apos;1.8.0_161&apos;
Driver info: org.openqa.selenium.firefox.FirefoxDriver
Capabilities {acceptInsecureCerts: true, browserName: firefox, browserVersion: 54.0.1, javascriptEnabled: true, moz:accessibilityChecks: false, moz:processID: 2619, moz:profile: /var/folders/pp/1jtdrljj4ls..., pageLoadStrategy: normal, platform: MAC, platformName: MAC, platformVersion: 17.5.0, rotatable: false, specificationLevel: 0, timeouts: {implicit: 0, pageLoad: 300000, script: 30000}}
Session ID: bca765ab-e851-8142-ab5b-8adb43ecc821
	at org.openqa.selenium.remote.http.W3CHttpResponseCodec.createException(W3CHttpResponseCodec.java:187)
	at org.openqa.selenium.remote.http.W3CHttpResponseCodec.decode(W3CHttpResponseCodec.java:122)
	at org.openqa.selenium.remote.http.W3CHttpResponseCodec.decode(W3CHttpResponseCodec.java:49)
	at org.openqa.selenium.remote.HttpCommandExecutor.execute(HttpCommandExecutor.java:158)
	at org.openqa.selenium.remote.service.DriverCommandExecutor.execute(DriverCommandExecutor.java:83)
	at org.openqa.selenium.remote.RemoteWebDriver.execute(RemoteWebDriver.java:545)
	at org.openqa.selenium.remote.RemoteWebDriver.execute(RemoteWebDriver.java:602)
	at org.openqa.selenium.remote.RemoteWebDriver.getScreenshotAs(RemoteWebDriver.java:291)
	at com.lua.webbuyer.utils.getScreenshot.Capture(getScreenshot.java:24)
	at com.lua.webbuyer.extent.reports.ReportExtent.getResult(ReportExtent.java:81)
</pre></div></td>
<td>0</td>
<td>com.lua.webbuyer.test.TestesCompra@2173f6d9</td></tr>
<tr>
<td title='com.lua.webbuyer.test.TestesCompra.getResult()'><b>getResult</b><br>Test class: com.lua.webbuyer.test.TestesCompra<br>Parameters: [TestResult name=Fluxo_de_Compras status=SKIP method=TestesCompra.Fluxo_de_Compras(java.lang.String, java.lang.String)[pri:0, instance:com.lua.webbuyer.test.TestesCompra@2173f6d9] output={null}]</td>
<td><div><pre>org.openqa.selenium.SessionNotCreatedException: Tried to run command without establishing a connection
Build info: version: &apos;3.11.0&apos;, revision: &apos;e59cfb3&apos;, time: &apos;2018-03-11T20:26:55.152Z&apos;
System info: host: &apos;Guminis-Mac-mini.local&apos;, ip: &apos;fe80:0:0:0:14df:14b4:e921:a3b6%en0&apos;, os.name: &apos;Mac OS X&apos;, os.arch: &apos;x86_64&apos;, os.version: &apos;10.13.4&apos;, java.version: &apos;1.8.0_161&apos;
Driver info: org.openqa.selenium.firefox.FirefoxDriver
Capabilities {acceptInsecureCerts: true, browserName: firefox, browserVersion: 54.0.1, javascriptEnabled: true, moz:accessibilityChecks: false, moz:processID: 2619, moz:profile: /var/folders/pp/1jtdrljj4ls..., pageLoadStrategy: normal, platform: MAC, platformName: MAC, platformVersion: 17.5.0, rotatable: false, specificationLevel: 0, timeouts: {implicit: 0, pageLoad: 300000, script: 30000}}
Session ID: bca765ab-e851-8142-ab5b-8adb43ecc821
	at org.openqa.selenium.remote.http.W3CHttpResponseCodec.createException(W3CHttpResponseCodec.java:187)
	at org.openqa.selenium.remote.http.W3CHttpResponseCodec.decode(W3CHttpResponseCodec.java:122)
	at org.openqa.selenium.remote.http.W3CHttpResponseCodec.decode(W3CHttpResponseCodec.java:49)
	at org.openqa.selenium.remote.HttpCommandExecutor.execute(HttpCommandExecutor.java:158)
	at org.openqa.selenium.remote.service.DriverCommandExecutor.execute(DriverCommandExecutor.java:83)
	at org.openqa.selenium.remote.RemoteWebDriver.execute(RemoteWebDriver.java:545)
	at org.openqa.selenium.remote.RemoteWebDriver.execute(RemoteWebDriver.java:602)
	at org.openqa.selenium.remote.RemoteWebDriver.getScreenshotAs(RemoteWebDriver.java:291)
	at com.lua.webbuyer.utils.getScreenshot.Capture(getScreenshot.java:24)
	at com.lua.webbuyer.extent.reports.ReportExtent.getResult(ReportExtent.java:81)
</pre></div><a href='#' onClick='toggleBox("stack-trace1617784108", this, "Click to show all stack frames", "Click to hide stack frames")'>Click to show all stack frames</a>
<div class='stack-trace' id='stack-trace1617784108'><pre>org.openqa.selenium.SessionNotCreatedException: Tried to run command without establishing a connection
Build info: version: &apos;3.11.0&apos;, revision: &apos;e59cfb3&apos;, time: &apos;2018-03-11T20:26:55.152Z&apos;
System info: host: &apos;Guminis-Mac-mini.local&apos;, ip: &apos;fe80:0:0:0:14df:14b4:e921:a3b6%en0&apos;, os.name: &apos;Mac OS X&apos;, os.arch: &apos;x86_64&apos;, os.version: &apos;10.13.4&apos;, java.version: &apos;1.8.0_161&apos;
Driver info: org.openqa.selenium.firefox.FirefoxDriver
Capabilities {acceptInsecureCerts: true, browserName: firefox, browserVersion: 54.0.1, javascriptEnabled: true, moz:accessibilityChecks: false, moz:processID: 2619, moz:profile: /var/folders/pp/1jtdrljj4ls..., pageLoadStrategy: normal, platform: MAC, platformName: MAC, platformVersion: 17.5.0, rotatable: false, specificationLevel: 0, timeouts: {implicit: 0, pageLoad: 300000, script: 30000}}
Session ID: bca765ab-e851-8142-ab5b-8adb43ecc821
	at org.openqa.selenium.remote.http.W3CHttpResponseCodec.createException(W3CHttpResponseCodec.java:187)
	at org.openqa.selenium.remote.http.W3CHttpResponseCodec.decode(W3CHttpResponseCodec.java:122)
	at org.openqa.selenium.remote.http.W3CHttpResponseCodec.decode(W3CHttpResponseCodec.java:49)
	at org.openqa.selenium.remote.HttpCommandExecutor.execute(HttpCommandExecutor.java:158)
	at org.openqa.selenium.remote.service.DriverCommandExecutor.execute(DriverCommandExecutor.java:83)
	at org.openqa.selenium.remote.RemoteWebDriver.execute(RemoteWebDriver.java:545)
	at org.openqa.selenium.remote.RemoteWebDriver.execute(RemoteWebDriver.java:602)
	at org.openqa.selenium.remote.RemoteWebDriver.getScreenshotAs(RemoteWebDriver.java:291)
	at com.lua.webbuyer.utils.getScreenshot.Capture(getScreenshot.java:24)
	at com.lua.webbuyer.extent.reports.ReportExtent.getResult(ReportExtent.java:81)
</pre></div></td>
<td>0</td>
<td>com.lua.webbuyer.test.TestesCompra@2173f6d9</td></tr>
<tr>
<td title='com.lua.webbuyer.test.TestesCompra.getResult()'><b>getResult</b><br>Test class: com.lua.webbuyer.test.TestesCompra<br>Parameters: [TestResult name=Fluxo_de_Compras status=SKIP method=TestesCompra.Fluxo_de_Compras(java.lang.String, java.lang.String)[pri:0, instance:com.lua.webbuyer.test.TestesCompra@2173f6d9] output={null}]</td>
<td><div><pre>org.openqa.selenium.SessionNotCreatedException: Tried to run command without establishing a connection
Build info: version: &apos;3.11.0&apos;, revision: &apos;e59cfb3&apos;, time: &apos;2018-03-11T20:26:55.152Z&apos;
System info: host: &apos;Guminis-Mac-mini.local&apos;, ip: &apos;fe80:0:0:0:14df:14b4:e921:a3b6%en0&apos;, os.name: &apos;Mac OS X&apos;, os.arch: &apos;x86_64&apos;, os.version: &apos;10.13.4&apos;, java.version: &apos;1.8.0_161&apos;
Driver info: org.openqa.selenium.firefox.FirefoxDriver
Capabilities {acceptInsecureCerts: true, browserName: firefox, browserVersion: 54.0.1, javascriptEnabled: true, moz:accessibilityChecks: false, moz:processID: 2619, moz:profile: /var/folders/pp/1jtdrljj4ls..., pageLoadStrategy: normal, platform: MAC, platformName: MAC, platformVersion: 17.5.0, rotatable: false, specificationLevel: 0, timeouts: {implicit: 0, pageLoad: 300000, script: 30000}}
Session ID: bca765ab-e851-8142-ab5b-8adb43ecc821
	at org.openqa.selenium.remote.http.W3CHttpResponseCodec.createException(W3CHttpResponseCodec.java:187)
	at org.openqa.selenium.remote.http.W3CHttpResponseCodec.decode(W3CHttpResponseCodec.java:122)
	at org.openqa.selenium.remote.http.W3CHttpResponseCodec.decode(W3CHttpResponseCodec.java:49)
	at org.openqa.selenium.remote.HttpCommandExecutor.execute(HttpCommandExecutor.java:158)
	at org.openqa.selenium.remote.service.DriverCommandExecutor.execute(DriverCommandExecutor.java:83)
	at org.openqa.selenium.remote.RemoteWebDriver.execute(RemoteWebDriver.java:545)
	at org.openqa.selenium.remote.RemoteWebDriver.execute(RemoteWebDriver.java:602)
	at org.openqa.selenium.remote.RemoteWebDriver.getScreenshotAs(RemoteWebDriver.java:291)
	at com.lua.webbuyer.utils.getScreenshot.Capture(getScreenshot.java:24)
	at com.lua.webbuyer.extent.reports.ReportExtent.getResult(ReportExtent.java:81)
</pre></div><a href='#' onClick='toggleBox("stack-trace2124645278", this, "Click to show all stack frames", "Click to hide stack frames")'>Click to show all stack frames</a>
<div class='stack-trace' id='stack-trace2124645278'><pre>org.openqa.selenium.SessionNotCreatedException: Tried to run command without establishing a connection
Build info: version: &apos;3.11.0&apos;, revision: &apos;e59cfb3&apos;, time: &apos;2018-03-11T20:26:55.152Z&apos;
System info: host: &apos;Guminis-Mac-mini.local&apos;, ip: &apos;fe80:0:0:0:14df:14b4:e921:a3b6%en0&apos;, os.name: &apos;Mac OS X&apos;, os.arch: &apos;x86_64&apos;, os.version: &apos;10.13.4&apos;, java.version: &apos;1.8.0_161&apos;
Driver info: org.openqa.selenium.firefox.FirefoxDriver
Capabilities {acceptInsecureCerts: true, browserName: firefox, browserVersion: 54.0.1, javascriptEnabled: true, moz:accessibilityChecks: false, moz:processID: 2619, moz:profile: /var/folders/pp/1jtdrljj4ls..., pageLoadStrategy: normal, platform: MAC, platformName: MAC, platformVersion: 17.5.0, rotatable: false, specificationLevel: 0, timeouts: {implicit: 0, pageLoad: 300000, script: 30000}}
Session ID: bca765ab-e851-8142-ab5b-8adb43ecc821
	at org.openqa.selenium.remote.http.W3CHttpResponseCodec.createException(W3CHttpResponseCodec.java:187)
	at org.openqa.selenium.remote.http.W3CHttpResponseCodec.decode(W3CHttpResponseCodec.java:122)
	at org.openqa.selenium.remote.http.W3CHttpResponseCodec.decode(W3CHttpResponseCodec.java:49)
	at org.openqa.selenium.remote.HttpCommandExecutor.execute(HttpCommandExecutor.java:158)
	at org.openqa.selenium.remote.service.DriverCommandExecutor.execute(DriverCommandExecutor.java:83)
	at org.openqa.selenium.remote.RemoteWebDriver.execute(RemoteWebDriver.java:545)
	at org.openqa.selenium.remote.RemoteWebDriver.execute(RemoteWebDriver.java:602)
	at org.openqa.selenium.remote.RemoteWebDriver.getScreenshotAs(RemoteWebDriver.java:291)
	at com.lua.webbuyer.utils.getScreenshot.Capture(getScreenshot.java:24)
	at com.lua.webbuyer.extent.reports.ReportExtent.getResult(ReportExtent.java:81)
</pre></div></td>
<td>0</td>
<td>com.lua.webbuyer.test.TestesCompra@2173f6d9</td></tr>
<tr>
<td title='com.lua.webbuyer.test.TestesCompra.getResult()'><b>getResult</b><br>Test class: com.lua.webbuyer.test.TestesCompra<br>Parameters: [TestResult name=Fluxo_de_Compras status=SKIP method=TestesCompra.Fluxo_de_Compras(java.lang.String, java.lang.String)[pri:0, instance:com.lua.webbuyer.test.TestesCompra@2173f6d9] output={null}]</td>
<td><div><pre>org.openqa.selenium.SessionNotCreatedException: Tried to run command without establishing a connection
Build info: version: &apos;3.11.0&apos;, revision: &apos;e59cfb3&apos;, time: &apos;2018-03-11T20:26:55.152Z&apos;
System info: host: &apos;Guminis-Mac-mini.local&apos;, ip: &apos;fe80:0:0:0:14df:14b4:e921:a3b6%en0&apos;, os.name: &apos;Mac OS X&apos;, os.arch: &apos;x86_64&apos;, os.version: &apos;10.13.4&apos;, java.version: &apos;1.8.0_161&apos;
Driver info: org.openqa.selenium.firefox.FirefoxDriver
Capabilities {acceptInsecureCerts: true, browserName: firefox, browserVersion: 54.0.1, javascriptEnabled: true, moz:accessibilityChecks: false, moz:processID: 2619, moz:profile: /var/folders/pp/1jtdrljj4ls..., pageLoadStrategy: normal, platform: MAC, platformName: MAC, platformVersion: 17.5.0, rotatable: false, specificationLevel: 0, timeouts: {implicit: 0, pageLoad: 300000, script: 30000}}
Session ID: bca765ab-e851-8142-ab5b-8adb43ecc821
	at org.openqa.selenium.remote.http.W3CHttpResponseCodec.createException(W3CHttpResponseCodec.java:187)
	at org.openqa.selenium.remote.http.W3CHttpResponseCodec.decode(W3CHttpResponseCodec.java:122)
	at org.openqa.selenium.remote.http.W3CHttpResponseCodec.decode(W3CHttpResponseCodec.java:49)
	at org.openqa.selenium.remote.HttpCommandExecutor.execute(HttpCommandExecutor.java:158)
	at org.openqa.selenium.remote.service.DriverCommandExecutor.execute(DriverCommandExecutor.java:83)
	at org.openqa.selenium.remote.RemoteWebDriver.execute(RemoteWebDriver.java:545)
	at org.openqa.selenium.remote.RemoteWebDriver.execute(RemoteWebDriver.java:602)
	at org.openqa.selenium.remote.RemoteWebDriver.getScreenshotAs(RemoteWebDriver.java:291)
	at com.lua.webbuyer.utils.getScreenshot.Capture(getScreenshot.java:24)
	at com.lua.webbuyer.extent.reports.ReportExtent.getResult(ReportExtent.java:81)
</pre></div><a href='#' onClick='toggleBox("stack-trace340715687", this, "Click to show all stack frames", "Click to hide stack frames")'>Click to show all stack frames</a>
<div class='stack-trace' id='stack-trace340715687'><pre>org.openqa.selenium.SessionNotCreatedException: Tried to run command without establishing a connection
Build info: version: &apos;3.11.0&apos;, revision: &apos;e59cfb3&apos;, time: &apos;2018-03-11T20:26:55.152Z&apos;
System info: host: &apos;Guminis-Mac-mini.local&apos;, ip: &apos;fe80:0:0:0:14df:14b4:e921:a3b6%en0&apos;, os.name: &apos;Mac OS X&apos;, os.arch: &apos;x86_64&apos;, os.version: &apos;10.13.4&apos;, java.version: &apos;1.8.0_161&apos;
Driver info: org.openqa.selenium.firefox.FirefoxDriver
Capabilities {acceptInsecureCerts: true, browserName: firefox, browserVersion: 54.0.1, javascriptEnabled: true, moz:accessibilityChecks: false, moz:processID: 2619, moz:profile: /var/folders/pp/1jtdrljj4ls..., pageLoadStrategy: normal, platform: MAC, platformName: MAC, platformVersion: 17.5.0, rotatable: false, specificationLevel: 0, timeouts: {implicit: 0, pageLoad: 300000, script: 30000}}
Session ID: bca765ab-e851-8142-ab5b-8adb43ecc821
	at org.openqa.selenium.remote.http.W3CHttpResponseCodec.createException(W3CHttpResponseCodec.java:187)
	at org.openqa.selenium.remote.http.W3CHttpResponseCodec.decode(W3CHttpResponseCodec.java:122)
	at org.openqa.selenium.remote.http.W3CHttpResponseCodec.decode(W3CHttpResponseCodec.java:49)
	at org.openqa.selenium.remote.HttpCommandExecutor.execute(HttpCommandExecutor.java:158)
	at org.openqa.selenium.remote.service.DriverCommandExecutor.execute(DriverCommandExecutor.java:83)
	at org.openqa.selenium.remote.RemoteWebDriver.execute(RemoteWebDriver.java:545)
	at org.openqa.selenium.remote.RemoteWebDriver.execute(RemoteWebDriver.java:602)
	at org.openqa.selenium.remote.RemoteWebDriver.getScreenshotAs(RemoteWebDriver.java:291)
	at com.lua.webbuyer.utils.getScreenshot.Capture(getScreenshot.java:24)
	at com.lua.webbuyer.extent.reports.ReportExtent.getResult(ReportExtent.java:81)
</pre></div></td>
<td>0</td>
<td>com.lua.webbuyer.test.TestesCompra@2173f6d9</td></tr>
<tr>
<td title='com.lua.webbuyer.test.TestesCompra.getResult()'><b>getResult</b><br>Test class: com.lua.webbuyer.test.TestesCompra<br>Parameters: [TestResult name=Fluxo_de_Compras status=SKIP method=TestesCompra.Fluxo_de_Compras(java.lang.String, java.lang.String)[pri:0, instance:com.lua.webbuyer.test.TestesCompra@2173f6d9] output={null}]</td>
<td><div><pre>org.openqa.selenium.SessionNotCreatedException: Tried to run command without establishing a connection
Build info: version: &apos;3.11.0&apos;, revision: &apos;e59cfb3&apos;, time: &apos;2018-03-11T20:26:55.152Z&apos;
System info: host: &apos;Guminis-Mac-mini.local&apos;, ip: &apos;fe80:0:0:0:14df:14b4:e921:a3b6%en0&apos;, os.name: &apos;Mac OS X&apos;, os.arch: &apos;x86_64&apos;, os.version: &apos;10.13.4&apos;, java.version: &apos;1.8.0_161&apos;
Driver info: org.openqa.selenium.firefox.FirefoxDriver
Capabilities {acceptInsecureCerts: true, browserName: firefox, browserVersion: 54.0.1, javascriptEnabled: true, moz:accessibilityChecks: false, moz:processID: 2619, moz:profile: /var/folders/pp/1jtdrljj4ls..., pageLoadStrategy: normal, platform: MAC, platformName: MAC, platformVersion: 17.5.0, rotatable: false, specificationLevel: 0, timeouts: {implicit: 0, pageLoad: 300000, script: 30000}}
Session ID: bca765ab-e851-8142-ab5b-8adb43ecc821
	at org.openqa.selenium.remote.http.W3CHttpResponseCodec.createException(W3CHttpResponseCodec.java:187)
	at org.openqa.selenium.remote.http.W3CHttpResponseCodec.decode(W3CHttpResponseCodec.java:122)
	at org.openqa.selenium.remote.http.W3CHttpResponseCodec.decode(W3CHttpResponseCodec.java:49)
	at org.openqa.selenium.remote.HttpCommandExecutor.execute(HttpCommandExecutor.java:158)
	at org.openqa.selenium.remote.service.DriverCommandExecutor.execute(DriverCommandExecutor.java:83)
	at org.openqa.selenium.remote.RemoteWebDriver.execute(RemoteWebDriver.java:545)
	at org.openqa.selenium.remote.RemoteWebDriver.execute(RemoteWebDriver.java:602)
	at org.openqa.selenium.remote.RemoteWebDriver.getScreenshotAs(RemoteWebDriver.java:291)
	at com.lua.webbuyer.utils.getScreenshot.Capture(getScreenshot.java:24)
	at com.lua.webbuyer.extent.reports.ReportExtent.getResult(ReportExtent.java:81)
</pre></div><a href='#' onClick='toggleBox("stack-trace1281743075", this, "Click to show all stack frames", "Click to hide stack frames")'>Click to show all stack frames</a>
<div class='stack-trace' id='stack-trace1281743075'><pre>org.openqa.selenium.SessionNotCreatedException: Tried to run command without establishing a connection
Build info: version: &apos;3.11.0&apos;, revision: &apos;e59cfb3&apos;, time: &apos;2018-03-11T20:26:55.152Z&apos;
System info: host: &apos;Guminis-Mac-mini.local&apos;, ip: &apos;fe80:0:0:0:14df:14b4:e921:a3b6%en0&apos;, os.name: &apos;Mac OS X&apos;, os.arch: &apos;x86_64&apos;, os.version: &apos;10.13.4&apos;, java.version: &apos;1.8.0_161&apos;
Driver info: org.openqa.selenium.firefox.FirefoxDriver
Capabilities {acceptInsecureCerts: true, browserName: firefox, browserVersion: 54.0.1, javascriptEnabled: true, moz:accessibilityChecks: false, moz:processID: 2619, moz:profile: /var/folders/pp/1jtdrljj4ls..., pageLoadStrategy: normal, platform: MAC, platformName: MAC, platformVersion: 17.5.0, rotatable: false, specificationLevel: 0, timeouts: {implicit: 0, pageLoad: 300000, script: 30000}}
Session ID: bca765ab-e851-8142-ab5b-8adb43ecc821
	at org.openqa.selenium.remote.http.W3CHttpResponseCodec.createException(W3CHttpResponseCodec.java:187)
	at org.openqa.selenium.remote.http.W3CHttpResponseCodec.decode(W3CHttpResponseCodec.java:122)
	at org.openqa.selenium.remote.http.W3CHttpResponseCodec.decode(W3CHttpResponseCodec.java:49)
	at org.openqa.selenium.remote.HttpCommandExecutor.execute(HttpCommandExecutor.java:158)
	at org.openqa.selenium.remote.service.DriverCommandExecutor.execute(DriverCommandExecutor.java:83)
	at org.openqa.selenium.remote.RemoteWebDriver.execute(RemoteWebDriver.java:545)
	at org.openqa.selenium.remote.RemoteWebDriver.execute(RemoteWebDriver.java:602)
	at org.openqa.selenium.remote.RemoteWebDriver.getScreenshotAs(RemoteWebDriver.java:291)
	at com.lua.webbuyer.utils.getScreenshot.Capture(getScreenshot.java:24)
	at com.lua.webbuyer.extent.reports.ReportExtent.getResult(ReportExtent.java:81)
</pre></div></td>
<td>0</td>
<td>com.lua.webbuyer.test.TestesCompra@2173f6d9</td></tr>
<tr>
<td title='com.lua.webbuyer.test.TestesCompra.getResult()'><b>getResult</b><br>Test class: com.lua.webbuyer.test.TestesCompra<br>Parameters: [TestResult name=Fluxo_de_Compras status=SKIP method=TestesCompra.Fluxo_de_Compras(java.lang.String, java.lang.String)[pri:0, instance:com.lua.webbuyer.test.TestesCompra@2173f6d9] output={null}]</td>
<td><div><pre>org.openqa.selenium.SessionNotCreatedException: Tried to run command without establishing a connection
Build info: version: &apos;3.11.0&apos;, revision: &apos;e59cfb3&apos;, time: &apos;2018-03-11T20:26:55.152Z&apos;
System info: host: &apos;Guminis-Mac-mini.local&apos;, ip: &apos;fe80:0:0:0:14df:14b4:e921:a3b6%en0&apos;, os.name: &apos;Mac OS X&apos;, os.arch: &apos;x86_64&apos;, os.version: &apos;10.13.4&apos;, java.version: &apos;1.8.0_161&apos;
Driver info: org.openqa.selenium.firefox.FirefoxDriver
Capabilities {acceptInsecureCerts: true, browserName: firefox, browserVersion: 54.0.1, javascriptEnabled: true, moz:accessibilityChecks: false, moz:processID: 2619, moz:profile: /var/folders/pp/1jtdrljj4ls..., pageLoadStrategy: normal, platform: MAC, platformName: MAC, platformVersion: 17.5.0, rotatable: false, specificationLevel: 0, timeouts: {implicit: 0, pageLoad: 300000, script: 30000}}
Session ID: bca765ab-e851-8142-ab5b-8adb43ecc821
	at org.openqa.selenium.remote.http.W3CHttpResponseCodec.createException(W3CHttpResponseCodec.java:187)
	at org.openqa.selenium.remote.http.W3CHttpResponseCodec.decode(W3CHttpResponseCodec.java:122)
	at org.openqa.selenium.remote.http.W3CHttpResponseCodec.decode(W3CHttpResponseCodec.java:49)
	at org.openqa.selenium.remote.HttpCommandExecutor.execute(HttpCommandExecutor.java:158)
	at org.openqa.selenium.remote.service.DriverCommandExecutor.execute(DriverCommandExecutor.java:83)
	at org.openqa.selenium.remote.RemoteWebDriver.execute(RemoteWebDriver.java:545)
	at org.openqa.selenium.remote.RemoteWebDriver.execute(RemoteWebDriver.java:602)
	at org.openqa.selenium.remote.RemoteWebDriver.getScreenshotAs(RemoteWebDriver.java:291)
	at com.lua.webbuyer.utils.getScreenshot.Capture(getScreenshot.java:24)
	at com.lua.webbuyer.extent.reports.ReportExtent.getResult(ReportExtent.java:81)
</pre></div><a href='#' onClick='toggleBox("stack-trace1472057002", this, "Click to show all stack frames", "Click to hide stack frames")'>Click to show all stack frames</a>
<div class='stack-trace' id='stack-trace1472057002'><pre>org.openqa.selenium.SessionNotCreatedException: Tried to run command without establishing a connection
Build info: version: &apos;3.11.0&apos;, revision: &apos;e59cfb3&apos;, time: &apos;2018-03-11T20:26:55.152Z&apos;
System info: host: &apos;Guminis-Mac-mini.local&apos;, ip: &apos;fe80:0:0:0:14df:14b4:e921:a3b6%en0&apos;, os.name: &apos;Mac OS X&apos;, os.arch: &apos;x86_64&apos;, os.version: &apos;10.13.4&apos;, java.version: &apos;1.8.0_161&apos;
Driver info: org.openqa.selenium.firefox.FirefoxDriver
Capabilities {acceptInsecureCerts: true, browserName: firefox, browserVersion: 54.0.1, javascriptEnabled: true, moz:accessibilityChecks: false, moz:processID: 2619, moz:profile: /var/folders/pp/1jtdrljj4ls..., pageLoadStrategy: normal, platform: MAC, platformName: MAC, platformVersion: 17.5.0, rotatable: false, specificationLevel: 0, timeouts: {implicit: 0, pageLoad: 300000, script: 30000}}
Session ID: bca765ab-e851-8142-ab5b-8adb43ecc821
	at org.openqa.selenium.remote.http.W3CHttpResponseCodec.createException(W3CHttpResponseCodec.java:187)
	at org.openqa.selenium.remote.http.W3CHttpResponseCodec.decode(W3CHttpResponseCodec.java:122)
	at org.openqa.selenium.remote.http.W3CHttpResponseCodec.decode(W3CHttpResponseCodec.java:49)
	at org.openqa.selenium.remote.HttpCommandExecutor.execute(HttpCommandExecutor.java:158)
	at org.openqa.selenium.remote.service.DriverCommandExecutor.execute(DriverCommandExecutor.java:83)
	at org.openqa.selenium.remote.RemoteWebDriver.execute(RemoteWebDriver.java:545)
	at org.openqa.selenium.remote.RemoteWebDriver.execute(RemoteWebDriver.java:602)
	at org.openqa.selenium.remote.RemoteWebDriver.getScreenshotAs(RemoteWebDriver.java:291)
	at com.lua.webbuyer.utils.getScreenshot.Capture(getScreenshot.java:24)
	at com.lua.webbuyer.extent.reports.ReportExtent.getResult(ReportExtent.java:81)
</pre></div></td>
<td>0</td>
<td>com.lua.webbuyer.test.TestesCompra@2173f6d9</td></tr>
<tr>
<td title='com.lua.webbuyer.test.TestesCompra.getResult()'><b>getResult</b><br>Test class: com.lua.webbuyer.test.TestesCompra<br>Parameters: [TestResult name=Fluxo_de_Compras status=SKIP method=TestesCompra.Fluxo_de_Compras(java.lang.String, java.lang.String)[pri:0, instance:com.lua.webbuyer.test.TestesCompra@2173f6d9] output={null}]</td>
<td><div><pre>org.openqa.selenium.SessionNotCreatedException: Tried to run command without establishing a connection
Build info: version: &apos;3.11.0&apos;, revision: &apos;e59cfb3&apos;, time: &apos;2018-03-11T20:26:55.152Z&apos;
System info: host: &apos;Guminis-Mac-mini.local&apos;, ip: &apos;fe80:0:0:0:14df:14b4:e921:a3b6%en0&apos;, os.name: &apos;Mac OS X&apos;, os.arch: &apos;x86_64&apos;, os.version: &apos;10.13.4&apos;, java.version: &apos;1.8.0_161&apos;
Driver info: org.openqa.selenium.firefox.FirefoxDriver
Capabilities {acceptInsecureCerts: true, browserName: firefox, browserVersion: 54.0.1, javascriptEnabled: true, moz:accessibilityChecks: false, moz:processID: 2619, moz:profile: /var/folders/pp/1jtdrljj4ls..., pageLoadStrategy: normal, platform: MAC, platformName: MAC, platformVersion: 17.5.0, rotatable: false, specificationLevel: 0, timeouts: {implicit: 0, pageLoad: 300000, script: 30000}}
Session ID: bca765ab-e851-8142-ab5b-8adb43ecc821
	at org.openqa.selenium.remote.http.W3CHttpResponseCodec.createException(W3CHttpResponseCodec.java:187)
	at org.openqa.selenium.remote.http.W3CHttpResponseCodec.decode(W3CHttpResponseCodec.java:122)
	at org.openqa.selenium.remote.http.W3CHttpResponseCodec.decode(W3CHttpResponseCodec.java:49)
	at org.openqa.selenium.remote.HttpCommandExecutor.execute(HttpCommandExecutor.java:158)
	at org.openqa.selenium.remote.service.DriverCommandExecutor.execute(DriverCommandExecutor.java:83)
	at org.openqa.selenium.remote.RemoteWebDriver.execute(RemoteWebDriver.java:545)
	at org.openqa.selenium.remote.RemoteWebDriver.execute(RemoteWebDriver.java:602)
	at org.openqa.selenium.remote.RemoteWebDriver.getScreenshotAs(RemoteWebDriver.java:291)
	at com.lua.webbuyer.utils.getScreenshot.Capture(getScreenshot.java:24)
	at com.lua.webbuyer.extent.reports.ReportExtent.getResult(ReportExtent.java:81)
</pre></div><a href='#' onClick='toggleBox("stack-trace1828724670", this, "Click to show all stack frames", "Click to hide stack frames")'>Click to show all stack frames</a>
<div class='stack-trace' id='stack-trace1828724670'><pre>org.openqa.selenium.SessionNotCreatedException: Tried to run command without establishing a connection
Build info: version: &apos;3.11.0&apos;, revision: &apos;e59cfb3&apos;, time: &apos;2018-03-11T20:26:55.152Z&apos;
System info: host: &apos;Guminis-Mac-mini.local&apos;, ip: &apos;fe80:0:0:0:14df:14b4:e921:a3b6%en0&apos;, os.name: &apos;Mac OS X&apos;, os.arch: &apos;x86_64&apos;, os.version: &apos;10.13.4&apos;, java.version: &apos;1.8.0_161&apos;
Driver info: org.openqa.selenium.firefox.FirefoxDriver
Capabilities {acceptInsecureCerts: true, browserName: firefox, browserVersion: 54.0.1, javascriptEnabled: true, moz:accessibilityChecks: false, moz:processID: 2619, moz:profile: /var/folders/pp/1jtdrljj4ls..., pageLoadStrategy: normal, platform: MAC, platformName: MAC, platformVersion: 17.5.0, rotatable: false, specificationLevel: 0, timeouts: {implicit: 0, pageLoad: 300000, script: 30000}}
Session ID: bca765ab-e851-8142-ab5b-8adb43ecc821
	at org.openqa.selenium.remote.http.W3CHttpResponseCodec.createException(W3CHttpResponseCodec.java:187)
	at org.openqa.selenium.remote.http.W3CHttpResponseCodec.decode(W3CHttpResponseCodec.java:122)
	at org.openqa.selenium.remote.http.W3CHttpResponseCodec.decode(W3CHttpResponseCodec.java:49)
	at org.openqa.selenium.remote.HttpCommandExecutor.execute(HttpCommandExecutor.java:158)
	at org.openqa.selenium.remote.service.DriverCommandExecutor.execute(DriverCommandExecutor.java:83)
	at org.openqa.selenium.remote.RemoteWebDriver.execute(RemoteWebDriver.java:545)
	at org.openqa.selenium.remote.RemoteWebDriver.execute(RemoteWebDriver.java:602)
	at org.openqa.selenium.remote.RemoteWebDriver.getScreenshotAs(RemoteWebDriver.java:291)
	at com.lua.webbuyer.utils.getScreenshot.Capture(getScreenshot.java:24)
	at com.lua.webbuyer.extent.reports.ReportExtent.getResult(ReportExtent.java:81)
</pre></div></td>
<td>0</td>
<td>com.lua.webbuyer.test.TestesCompra@2173f6d9</td></tr>
</table><p>
<table width='100%' border='1' class='invocation-skipped'>
<tr><td colspan='4' align='center'><b>SKIPPED CONFIGURATIONS</b></td></tr>
<tr><td><b>Test method</b></td>
<td width="30%"><b>Exception</b></td>
<td width="10%"><b>Time (seconds)</b></td>
<td><b>Instance</b></td>
</tr>
<tr>
<td title='com.lua.webbuyer.test.TestesCompra.register()'><b>register</b><br>Test class: com.lua.webbuyer.test.TestesCompra</td>
<td></td>
<td>0</td>
<td>com.lua.webbuyer.test.TestesCompra@2173f6d9</td></tr>
<tr>
<td title='com.lua.webbuyer.test.TestesCompra.register()'><b>register</b><br>Test class: com.lua.webbuyer.test.TestesCompra</td>
<td></td>
<td>0</td>
<td>com.lua.webbuyer.test.TestesCompra@2173f6d9</td></tr>
<tr>
<td title='com.lua.webbuyer.test.TestesCompra.register()'><b>register</b><br>Test class: com.lua.webbuyer.test.TestesCompra</td>
<td></td>
<td>0</td>
<td>com.lua.webbuyer.test.TestesCompra@2173f6d9</td></tr>
<tr>
<td title='com.lua.webbuyer.test.TestesCompra.register()'><b>register</b><br>Test class: com.lua.webbuyer.test.TestesCompra</td>
<td></td>
<td>0</td>
<td>com.lua.webbuyer.test.TestesCompra@2173f6d9</td></tr>
<tr>
<td title='com.lua.webbuyer.test.TestesCompra.register()'><b>register</b><br>Test class: com.lua.webbuyer.test.TestesCompra</td>
<td></td>
<td>0</td>
<td>com.lua.webbuyer.test.TestesCompra@2173f6d9</td></tr>
<tr>
<td title='com.lua.webbuyer.test.TestesCompra.register()'><b>register</b><br>Test class: com.lua.webbuyer.test.TestesCompra</td>
<td></td>
<td>0</td>
<td>com.lua.webbuyer.test.TestesCompra@2173f6d9</td></tr>
<tr>
<td title='com.lua.webbuyer.test.TestesCompra.register()'><b>register</b><br>Test class: com.lua.webbuyer.test.TestesCompra</td>
<td></td>
<td>0</td>
<td>com.lua.webbuyer.test.TestesCompra@2173f6d9</td></tr>
<tr>
<td title='com.lua.webbuyer.test.TestesCompra.register()'><b>register</b><br>Test class: com.lua.webbuyer.test.TestesCompra</td>
<td></td>
<td>0</td>
<td>com.lua.webbuyer.test.TestesCompra@2173f6d9</td></tr>
<tr>
<td title='com.lua.webbuyer.test.TestesCompra.register()'><b>register</b><br>Test class: com.lua.webbuyer.test.TestesCompra</td>
<td></td>
<td>0</td>
<td>com.lua.webbuyer.test.TestesCompra@2173f6d9</td></tr>
<tr>
<td title='com.lua.webbuyer.test.TestesCompra.register()'><b>register</b><br>Test class: com.lua.webbuyer.test.TestesCompra</td>
<td></td>
<td>0</td>
<td>com.lua.webbuyer.test.TestesCompra@2173f6d9</td></tr>
<tr>
<td title='com.lua.webbuyer.test.TestesCompra.register()'><b>register</b><br>Test class: com.lua.webbuyer.test.TestesCompra</td>
<td></td>
<td>0</td>
<td>com.lua.webbuyer.test.TestesCompra@2173f6d9</td></tr>
<tr>
<td title='com.lua.webbuyer.test.TestesCompra.register()'><b>register</b><br>Test class: com.lua.webbuyer.test.TestesCompra</td>
<td></td>
<td>0</td>
<td>com.lua.webbuyer.test.TestesCompra@2173f6d9</td></tr>
<tr>
<td title='com.lua.webbuyer.test.TestesCompra.register()'><b>register</b><br>Test class: com.lua.webbuyer.test.TestesCompra</td>
<td></td>
<td>0</td>
<td>com.lua.webbuyer.test.TestesCompra@2173f6d9</td></tr>
<tr>
<td title='com.lua.webbuyer.test.TestesCompra.register()'><b>register</b><br>Test class: com.lua.webbuyer.test.TestesCompra</td>
<td></td>
<td>0</td>
<td>com.lua.webbuyer.test.TestesCompra@2173f6d9</td></tr>
</table><p>
<table width='100%' border='1' class='invocation-failed'>
<tr><td colspan='4' align='center'><b>FAILED TESTS</b></td></tr>
<tr><td><b>Test method</b></td>
<td width="30%"><b>Exception</b></td>
<td width="10%"><b>Time (seconds)</b></td>
<td><b>Instance</b></td>
</tr>
<tr>
<td title='com.lua.webbuyer.test.TestesCompra.Fluxo_de_Compras()'><b>Fluxo_de_Compras</b><br>Test class: com.lua.webbuyer.test.TestesCompra<br>Test method: Simula uma compra em cada UF disponvel.<br>Parameters: Pijama Adulto Spiderman, MT</td>
<td><div><pre>java.lang.AssertionError: Test Failed
	at com.lua.webbuyer.test.TestesCompra.Fluxo_de_Compras(TestesCompra.java:43)
</pre></div><a href='#' onClick='toggleBox("stack-trace14050562", this, "Click to show all stack frames", "Click to hide stack frames")'>Click to show all stack frames</a>
<div class='stack-trace' id='stack-trace14050562'><pre>java.lang.AssertionError: Test Failed
	at com.lua.webbuyer.test.TestesCompra.Fluxo_de_Compras(TestesCompra.java:43)
</pre></div></td>
<td>3</td>
<td>com.lua.webbuyer.test.TestesCompra@2173f6d9</td></tr>
</table><p>
<table width='100%' border='1' class='invocation-passed'>
<tr><td colspan='4' align='center'><b>PASSED TESTS</b></td></tr>
<tr><td><b>Test method</b></td>
<td width="30%"><b>Exception</b></td>
<td width="10%"><b>Time (seconds)</b></td>
<td><b>Instance</b></td>
</tr>
<tr>
<td title='com.lua.webbuyer.test.TestesCompra.Fluxo_de_Compras()'><b>Fluxo_de_Compras</b><br>Test class: com.lua.webbuyer.test.TestesCompra<br>Test method: Simula uma compra em cada UF disponvel.<br>Parameters: Pijama Adulto Spiderman, AC</td>
<td></td>
<td>77</td>
<td>com.lua.webbuyer.test.TestesCompra@2173f6d9</td></tr>
<tr>
<td title='com.lua.webbuyer.test.TestesCompra.Fluxo_de_Compras()'><b>Fluxo_de_Compras</b><br>Test class: com.lua.webbuyer.test.TestesCompra<br>Test method: Simula uma compra em cada UF disponvel.<br>Parameters: Pijama Adulto Spiderman, AL</td>
<td></td>
<td>83</td>
<td>com.lua.webbuyer.test.TestesCompra@2173f6d9</td></tr>
<tr>
<td title='com.lua.webbuyer.test.TestesCompra.Fluxo_de_Compras()'><b>Fluxo_de_Compras</b><br>Test class: com.lua.webbuyer.test.TestesCompra<br>Test method: Simula uma compra em cada UF disponvel.<br>Parameters: Pijama Adulto Spiderman, AM</td>
<td></td>
<td>74</td>
<td>com.lua.webbuyer.test.TestesCompra@2173f6d9</td></tr>
<tr>
<td title='com.lua.webbuyer.test.TestesCompra.Fluxo_de_Compras()'><b>Fluxo_de_Compras</b><br>Test class: com.lua.webbuyer.test.TestesCompra<br>Test method: Simula uma compra em cada UF disponvel.<br>Parameters: Pijama Adulto Spiderman, AP</td>
<td></td>
<td>75</td>
<td>com.lua.webbuyer.test.TestesCompra@2173f6d9</td></tr>
<tr>
<td title='com.lua.webbuyer.test.TestesCompra.Fluxo_de_Compras()'><b>Fluxo_de_Compras</b><br>Test class: com.lua.webbuyer.test.TestesCompra<br>Test method: Simula uma compra em cada UF disponvel.<br>Parameters: Pijama Adulto Spiderman, BA</td>
<td></td>
<td>71</td>
<td>com.lua.webbuyer.test.TestesCompra@2173f6d9</td></tr>
<tr>
<td title='com.lua.webbuyer.test.TestesCompra.Fluxo_de_Compras()'><b>Fluxo_de_Compras</b><br>Test class: com.lua.webbuyer.test.TestesCompra<br>Test method: Simula uma compra em cada UF disponvel.<br>Parameters: Pijama Adulto Spiderman, CE</td>
<td></td>
<td>83</td>
<td>com.lua.webbuyer.test.TestesCompra@2173f6d9</td></tr>
<tr>
<td title='com.lua.webbuyer.test.TestesCompra.Fluxo_de_Compras()'><b>Fluxo_de_Compras</b><br>Test class: com.lua.webbuyer.test.TestesCompra<br>Test method: Simula uma compra em cada UF disponvel.<br>Parameters: Pijama Adulto Spiderman, DF</td>
<td></td>
<td>75</td>
<td>com.lua.webbuyer.test.TestesCompra@2173f6d9</td></tr>
<tr>
<td title='com.lua.webbuyer.test.TestesCompra.Fluxo_de_Compras()'><b>Fluxo_de_Compras</b><br>Test class: com.lua.webbuyer.test.TestesCompra<br>Test method: Simula uma compra em cada UF disponvel.<br>Parameters: Pijama Adulto Spiderman, ES</td>
<td></td>
<td>80</td>
<td>com.lua.webbuyer.test.TestesCompra@2173f6d9</td></tr>
<tr>
<td title='com.lua.webbuyer.test.TestesCompra.Fluxo_de_Compras()'><b>Fluxo_de_Compras</b><br>Test class: com.lua.webbuyer.test.TestesCompra<br>Test method: Simula uma compra em cada UF disponvel.<br>Parameters: Pijama Adulto Spiderman, GO</td>
<td></td>
<td>71</td>
<td>com.lua.webbuyer.test.TestesCompra@2173f6d9</td></tr>
<tr>
<td title='com.lua.webbuyer.test.TestesCompra.Fluxo_de_Compras()'><b>Fluxo_de_Compras</b><br>Test class: com.lua.webbuyer.test.TestesCompra<br>Test method: Simula uma compra em cada UF disponvel.<br>Parameters: Pijama Adulto Spiderman, MA</td>
<td></td>
<td>80</td>
<td>com.lua.webbuyer.test.TestesCompra@2173f6d9</td></tr>
<tr>
<td title='com.lua.webbuyer.test.TestesCompra.Fluxo_de_Compras()'><b>Fluxo_de_Compras</b><br>Test class: com.lua.webbuyer.test.TestesCompra<br>Test method: Simula uma compra em cada UF disponvel.<br>Parameters: Pijama Adulto Spiderman, MG</td>
<td></td>
<td>78</td>
<td>com.lua.webbuyer.test.TestesCompra@2173f6d9</td></tr>
<tr>
<td title='com.lua.webbuyer.test.TestesCompra.Fluxo_de_Compras()'><b>Fluxo_de_Compras</b><br>Test class: com.lua.webbuyer.test.TestesCompra<br>Test method: Simula uma compra em cada UF disponvel.<br>Parameters: Pijama Adulto Spiderman, MS</td>
<td></td>
<td>76</td>
<td>com.lua.webbuyer.test.TestesCompra@2173f6d9</td></tr>
<tr>
<td title='com.lua.webbuyer.test.TestesNegativos.testeCpfEmBranco()'><b>testeCpfEmBranco</b><br>Test class: com.lua.webbuyer.test.TestesNegativos<br>Test method: Fora a mensagem de warning no campo 'CPF' na tela de Login.</td>
<td></td>
<td>8</td>
<td>com.lua.webbuyer.test.TestesNegativos@1a1d6a08</td></tr>
<tr>
<td title='com.lua.webbuyer.test.TestesNegativos.testeCpfInvalido()'><b>testeCpfInvalido</b><br>Test class: com.lua.webbuyer.test.TestesNegativos<br>Test method: Fora a mensagem de warning no campo 'CPF' na tela de Login.</td>
<td></td>
<td>9</td>
<td>com.lua.webbuyer.test.TestesNegativos@1a1d6a08</td></tr>
<tr>
<td title='com.lua.webbuyer.test.TestesNegativos.testeEmailEmBranco()'><b>testeEmailEmBranco</b><br>Test class: com.lua.webbuyer.test.TestesNegativos<br>Test method: Fora a mensagem de warning no campo 'E-Mail' na tela de Login.</td>
<td></td>
<td>8</td>
<td>com.lua.webbuyer.test.TestesNegativos@1a1d6a08</td></tr>
<tr>
<td title='com.lua.webbuyer.test.TestesNegativos.testeEmailInvalido()'><b>testeEmailInvalido</b><br>Test class: com.lua.webbuyer.test.TestesNegativos<br>Test method: Fora a mensagem de warning no campo 'E-Mail' na tela de Login.</td>
<td></td>
<td>8</td>
<td>com.lua.webbuyer.test.TestesNegativos@1a1d6a08</td></tr>
<tr>
<td title='com.lua.webbuyer.test.TestesNegativos.testeNomeEmBranco()'><b>testeNomeEmBranco</b><br>Test class: com.lua.webbuyer.test.TestesNegativos<br>Test method: Fora a mensagem de warning no campo 'Nome' na tela de Login.</td>
<td></td>
<td>8</td>
<td>com.lua.webbuyer.test.TestesNegativos@1a1d6a08</td></tr>
<tr>
<td title='com.lua.webbuyer.test.TestesNegativos.testeNomeInvalido()'><b>testeNomeInvalido</b><br>Test class: com.lua.webbuyer.test.TestesNegativos<br>Test method: Fora a mensagem de warning no campo 'Nome' na tela de Login.</td>
<td></td>
<td>8</td>
<td>com.lua.webbuyer.test.TestesNegativos@1a1d6a08</td></tr>
<tr>
<td title='com.lua.webbuyer.test.TestesNegativos.testeSenhaCadastroEmBranco()'><b>testeSenhaCadastroEmBranco</b><br>Test class: com.lua.webbuyer.test.TestesNegativos<br>Test method: Fora a mensagem de warning no campo 'Senha de cadastro' na tela de Login.</td>
<td></td>
<td>7</td>
<td>com.lua.webbuyer.test.TestesNegativos@1a1d6a08</td></tr>
</table><p>
<table width='100%' border='1' class='invocation-skipped'>
<tr><td colspan='4' align='center'><b>SKIPPED TESTS</b></td></tr>
<tr><td><b>Test method</b></td>
<td width="30%"><b>Exception</b></td>
<td width="10%"><b>Time (seconds)</b></td>
<td><b>Instance</b></td>
</tr>
<tr>
<td title='com.lua.webbuyer.test.TestesCompra.Fluxo_de_Compras()'><b>Fluxo_de_Compras</b><br>Test class: com.lua.webbuyer.test.TestesCompra<br>Test method: Simula uma compra em cada UF disponvel.<br>Parameters: Pijama Adulto Spiderman, PA</td>
<td></td>
<td>0</td>
<td>com.lua.webbuyer.test.TestesCompra@2173f6d9</td></tr>
<tr>
<td title='com.lua.webbuyer.test.TestesCompra.Fluxo_de_Compras()'><b>Fluxo_de_Compras</b><br>Test class: com.lua.webbuyer.test.TestesCompra<br>Test method: Simula uma compra em cada UF disponvel.<br>Parameters: Pijama Adulto Spiderman, PB</td>
<td></td>
<td>0</td>
<td>com.lua.webbuyer.test.TestesCompra@2173f6d9</td></tr>
<tr>
<td title='com.lua.webbuyer.test.TestesCompra.Fluxo_de_Compras()'><b>Fluxo_de_Compras</b><br>Test class: com.lua.webbuyer.test.TestesCompra<br>Test method: Simula uma compra em cada UF disponvel.<br>Parameters: Pijama Adulto Spiderman, PE</td>
<td></td>
<td>0</td>
<td>com.lua.webbuyer.test.TestesCompra@2173f6d9</td></tr>
<tr>
<td title='com.lua.webbuyer.test.TestesCompra.Fluxo_de_Compras()'><b>Fluxo_de_Compras</b><br>Test class: com.lua.webbuyer.test.TestesCompra<br>Test method: Simula uma compra em cada UF disponvel.<br>Parameters: Pijama Adulto Spiderman, PI</td>
<td></td>
<td>0</td>
<td>com.lua.webbuyer.test.TestesCompra@2173f6d9</td></tr>
<tr>
<td title='com.lua.webbuyer.test.TestesCompra.Fluxo_de_Compras()'><b>Fluxo_de_Compras</b><br>Test class: com.lua.webbuyer.test.TestesCompra<br>Test method: Simula uma compra em cada UF disponvel.<br>Parameters: Pijama Adulto Spiderman, PR</td>
<td></td>
<td>0</td>
<td>com.lua.webbuyer.test.TestesCompra@2173f6d9</td></tr>
<tr>
<td title='com.lua.webbuyer.test.TestesCompra.Fluxo_de_Compras()'><b>Fluxo_de_Compras</b><br>Test class: com.lua.webbuyer.test.TestesCompra<br>Test method: Simula uma compra em cada UF disponvel.<br>Parameters: Pijama Adulto Spiderman, RJ</td>
<td></td>
<td>0</td>
<td>com.lua.webbuyer.test.TestesCompra@2173f6d9</td></tr>
<tr>
<td title='com.lua.webbuyer.test.TestesCompra.Fluxo_de_Compras()'><b>Fluxo_de_Compras</b><br>Test class: com.lua.webbuyer.test.TestesCompra<br>Test method: Simula uma compra em cada UF disponvel.<br>Parameters: Pijama Adulto Spiderman, RN</td>
<td></td>
<td>0</td>
<td>com.lua.webbuyer.test.TestesCompra@2173f6d9</td></tr>
<tr>
<td title='com.lua.webbuyer.test.TestesCompra.Fluxo_de_Compras()'><b>Fluxo_de_Compras</b><br>Test class: com.lua.webbuyer.test.TestesCompra<br>Test method: Simula uma compra em cada UF disponvel.<br>Parameters: Pijama Adulto Spiderman, RO</td>
<td></td>
<td>0</td>
<td>com.lua.webbuyer.test.TestesCompra@2173f6d9</td></tr>
<tr>
<td title='com.lua.webbuyer.test.TestesCompra.Fluxo_de_Compras()'><b>Fluxo_de_Compras</b><br>Test class: com.lua.webbuyer.test.TestesCompra<br>Test method: Simula uma compra em cada UF disponvel.<br>Parameters: Pijama Adulto Spiderman, RR</td>
<td></td>
<td>0</td>
<td>com.lua.webbuyer.test.TestesCompra@2173f6d9</td></tr>
<tr>
<td title='com.lua.webbuyer.test.TestesCompra.Fluxo_de_Compras()'><b>Fluxo_de_Compras</b><br>Test class: com.lua.webbuyer.test.TestesCompra<br>Test method: Simula uma compra em cada UF disponvel.<br>Parameters: Pijama Adulto Spiderman, RS</td>
<td></td>
<td>0</td>
<td>com.lua.webbuyer.test.TestesCompra@2173f6d9</td></tr>
<tr>
<td title='com.lua.webbuyer.test.TestesCompra.Fluxo_de_Compras()'><b>Fluxo_de_Compras</b><br>Test class: com.lua.webbuyer.test.TestesCompra<br>Test method: Simula uma compra em cada UF disponvel.<br>Parameters: Pijama Adulto Spiderman, SC</td>
<td></td>
<td>0</td>
<td>com.lua.webbuyer.test.TestesCompra@2173f6d9</td></tr>
<tr>
<td title='com.lua.webbuyer.test.TestesCompra.Fluxo_de_Compras()'><b>Fluxo_de_Compras</b><br>Test class: com.lua.webbuyer.test.TestesCompra<br>Test method: Simula uma compra em cada UF disponvel.<br>Parameters: Pijama Adulto Spiderman, SE</td>
<td></td>
<td>0</td>
<td>com.lua.webbuyer.test.TestesCompra@2173f6d9</td></tr>
<tr>
<td title='com.lua.webbuyer.test.TestesCompra.Fluxo_de_Compras()'><b>Fluxo_de_Compras</b><br>Test class: com.lua.webbuyer.test.TestesCompra<br>Test method: Simula uma compra em cada UF disponvel.<br>Parameters: Pijama Adulto Spiderman, SP</td>
<td></td>
<td>0</td>
<td>com.lua.webbuyer.test.TestesCompra@2173f6d9</td></tr>
<tr>
<td title='com.lua.webbuyer.test.TestesCompra.Fluxo_de_Compras()'><b>Fluxo_de_Compras</b><br>Test class: com.lua.webbuyer.test.TestesCompra<br>Test method: Simula uma compra em cada UF disponvel.<br>Parameters: Pijama Adulto Spiderman, TO</td>
<td></td>
<td>0</td>
<td>com.lua.webbuyer.test.TestesCompra@2173f6d9</td></tr>
</table><p>
</body>
</html>