<?xml version="1.0" encoding="UTF-8"?>
<!-- Generated by org.testng.reporters.JUnitXMLReporter -->
<testsuite hostname="Guminis-Mac-mini.local" name="Teste Compras" tests="2" failures="1" timestamp="9 May 2018 20:00:24 GMT" time="139.247" errors="0">
  <testcase name="@AfterTest endSession" time="0.0" classname="com.lua.webbuyer.test.TestLoginPage">
    <failure type="java.lang.NullPointerException">
      <![CDATA[java.lang.NullPointerException
	at com.lua.webbuyer.utils.Driver.finalyzeClass(Driver.java:31)
	at com.lua.webbuyer.test.TestLoginPage.endSession(TestLoginPage.java:29)
... Removed 22 stack frames]]>
    </failure>
  </testcase> <!-- @AfterTest endSession -->
  <testcase name="compraSequencial" time="85.226" classname="com.lua.webbuyer.test.TestBuyer">
    <failure type="java.lang.AssertionError" message="Test Failed">
      <![CDATA[java.lang.AssertionError: Test Failed
	at com.lua.webbuyer.test.TestBuyer.compraSequencial(TestBuyer.java:40)
]]>
    </failure>
  </testcase> <!-- compraSequencial -->
  <testcase name="testeCompradois" time="40.557" classname="com.lua.webbuyer.test.TestLoginPage"/>
</testsuite> <!-- Teste Compras -->
