<?xml version="1.0" encoding="UTF-8"?>
<!-- Generated by org.testng.reporters.JUnitXMLReporter -->
<testsuite hostname="MACBOOK-010.local" name="Teste Compras" tests="2" failures="1" timestamp="3 May 2018 02:59:01 GMT" time="359.476" errors="0">
  <testcase name="testeCompraSequencial" time="65.155" classname="com.lua.webbuyer.selenium.webbuyer.TestBuyer">
    <failure type="java.lang.AssertionError" message="Teste Failed: Expected condition failed: waiting for presence of element located by: By.xpath: .//button[text()[contains(.,&amp;apos;Finalizar Compra&amp;apos;)]] (tried for 30 second(s) with 1000 milliseconds interval)">
      <![CDATA[java.lang.AssertionError: Teste Failed: Expected condition failed: waiting for presence of element located by: By.xpath: .//button[text()[contains(.,'Finalizar Compra')]] (tried for 30 second(s) with 1000 milliseconds interval)
	at com.lua.webbuyer.selenium.webbuyer.TestBuyer.testeCompraSequencial(TestBuyer.java:37)
]]>
    </failure>
  </testcase> <!-- testeCompraSequencial -->
  <testcase name="testingBuyer" time="246.76" classname="com.lua.webbuyer.selenium.webbuyer.TestLoginPage"/>
</testsuite> <!-- Teste Compras -->
